TN:
SF:src/middleware.ts
FN:10,(anonymous_3)
FNF:1
FNH:0
FNDA:0,(anonymous_3)
DA:1,0
DA:2,0
DA:4,0
DA:10,0
DA:11,0
DA:14,0
DA:15,0
DA:16,0
DA:17,0
DA:20,0
DA:23,0
LF:11
LH:0
BRDA:14,0,0,0
BRDA:14,0,1,0
BRDA:14,1,0,0
BRDA:14,1,1,0
BRF:4
BRH:0
end_of_record
TN:
SF:src/app/layout.tsx
FN:10,RootLayout
FNF:1
FNH:0
FNDA:0,RootLayout
DA:2,0
DA:3,0
DA:5,0
DA:10,0
DA:15,0
DA:17,0
DA:18,0
LF:7
LH:0
BRDA:17,0,0,0
BRDA:17,0,1,0
BRF:2
BRH:0
end_of_record
TN:
SF:src/app/page.tsx
FN:4,Home
FNF:1
FNH:0
FNDA:0,Home
DA:1,0
DA:2,0
DA:4,0
LF:3
LH:0
BRF:0
BRH:0
end_of_record
TN:
SF:src/app/about/page.tsx
FN:6,AboutUs
FNF:1
FNH:0
FNDA:0,AboutUs
DA:1,0
DA:2,0
DA:3,0
DA:4,0
DA:6,0
LF:5
LH:0
BRF:0
BRH:0
end_of_record
TN:
SF:src/app/admin/layout.tsx
FN:6,AdminLayout
FNF:1
FNH:0
FNDA:0,AdminLayout
DA:1,0
DA:2,0
DA:4,0
DA:6,0
LF:4
LH:0
BRF:0
BRH:0
end_of_record
TN:
SF:src/app/admin/page.tsx
FN:7,AdminHomePage
FNF:1
FNH:0
FNDA:0,AdminHomePage
DA:1,0
DA:2,0
DA:3,0
DA:5,0
DA:7,0
DA:8,0
DA:10,0
DA:11,0
DA:14,0
LF:9
LH:0
BRDA:10,0,0,0
BRDA:10,0,1,0
BRF:2
BRH:0
end_of_record
TN:
SF:src/app/admin/audit-logs/page.tsx
FN:31,AuditLogsPage
FN:39,(anonymous_2)
FN:43,fetchAuditLogs
FN:60,(anonymous_4)
FN:69,handleFilterChange
FN:70,(anonymous_6)
FN:71,(anonymous_7)
FN:74,handlePageChange
FN:75,(anonymous_9)
FN:78,formatDate
FN:85,getActionBadgeColor
FN:113,(anonymous_12)
FN:129,(anonymous_13)
FN:148,(anonymous_14)
FN:166,(anonymous_15)
FN:168,(anonymous_16)
FN:252,(anonymous_18)
FN:325,(anonymous_19)
FN:335,(anonymous_20)
FNF:19
FNH:0
FNDA:0,AuditLogsPage
FNDA:0,(anonymous_2)
FNDA:0,fetchAuditLogs
FNDA:0,(anonymous_4)
FNDA:0,handleFilterChange
FNDA:0,(anonymous_6)
FNDA:0,(anonymous_7)
FNDA:0,handlePageChange
FNDA:0,(anonymous_9)
FNDA:0,formatDate
FNDA:0,getActionBadgeColor
FNDA:0,(anonymous_12)
FNDA:0,(anonymous_13)
FNDA:0,(anonymous_14)
FNDA:0,(anonymous_15)
FNDA:0,(anonymous_16)
FNDA:0,(anonymous_18)
FNDA:0,(anonymous_19)
FNDA:0,(anonymous_20)
DA:3,0
DA:4,0
DA:31,0
DA:32,0
DA:33,0
DA:34,0
DA:35,0
DA:36,0
DA:37,0
DA:39,0
DA:40,0
DA:44,0
DA:45,0
DA:46,0
DA:51,0
DA:52,0
DA:53,0
DA:55,0
DA:56,0
DA:58,0
DA:59,0
DA:60,0
DA:62,0
DA:63,0
DA:65,0
DA:70,0
DA:71,0
DA:75,0
DA:79,0
DA:86,0
DA:87,0
DA:88,0
DA:90,0
DA:91,0
DA:92,0
DA:93,0
DA:94,0
DA:95,0
DA:96,0
DA:100,0
DA:101,0
DA:113,0
DA:129,0
DA:148,0
DA:167,0
DA:168,0
DA:252,0
DA:325,0
DA:335,0
LF:49
LH:0
BRDA:51,0,0,0
BRDA:51,0,1,0
BRDA:52,1,0,0
BRDA:52,1,1,0
BRDA:53,2,0,0
BRDA:53,2,1,0
BRDA:56,3,0,0
BRDA:56,3,1,0
BRDA:59,4,0,0
BRDA:59,4,1,0
BRDA:60,5,0,0
BRDA:60,5,1,0
BRDA:86,6,0,0
BRDA:86,6,1,0
BRDA:86,6,2,0
BRDA:86,6,3,0
BRDA:86,6,4,0
BRDA:86,6,5,0
BRDA:86,6,6,0
BRDA:86,6,7,0
BRDA:86,6,8,0
BRDA:86,6,9,0
BRDA:191,7,0,0
BRDA:193,8,0,0
BRDA:228,9,0,0
BRDA:228,9,1,0
BRDA:228,9,2,0
BRDA:231,10,0,0
BRDA:231,10,1,0
BRDA:248,11,0,0
BRDA:248,11,1,0
BRDA:252,12,0,0
BRDA:252,12,1,0
BRDA:255,13,0,0
BRDA:255,13,1,0
BRDA:259,14,0,0
BRDA:268,15,0,0
BRDA:268,15,1,0
BRDA:270,16,0,0
BRDA:270,16,1,0
BRDA:274,17,0,0
BRDA:285,18,0,0
BRDA:296,19,0,0
BRDA:318,20,0,0
BRF:44
BRH:0
end_of_record
TN:
SF:src/app/admin/bulk-orders/page.tsx
FN:7,AdminBulkOrdersPage
FNF:1
FNH:0
FNDA:0,AdminBulkOrdersPage
DA:1,0
DA:2,0
DA:3,0
DA:5,0
DA:7,0
DA:8,0
DA:9,0
DA:10,0
DA:13,0
LF:9
LH:0
BRDA:9,0,0,0
BRDA:9,0,1,0
BRF:2
BRH:0
end_of_record
TN:
SF:src/app/admin/capital/page.tsx
FN:7,AdminCapitalPage
FNF:1
FNH:0
FNDA:0,AdminCapitalPage
DA:1,0
DA:2,0
DA:3,0
DA:5,0
DA:7,0
DA:8,0
DA:10,0
DA:11,0
DA:14,0
LF:9
LH:0
BRDA:10,0,0,0
BRDA:10,0,1,0
BRF:2
BRH:0
end_of_record
TN:
SF:src/app/admin/finance/page.tsx
FN:7,AdminFinancePage
FNF:1
FNH:0
FNDA:0,AdminFinancePage
DA:1,0
DA:2,0
DA:3,0
DA:5,0
DA:7,0
DA:8,0
DA:10,0
DA:11,0
DA:14,0
LF:9
LH:0
BRDA:10,0,0,0
BRDA:10,0,1,0
BRF:2
BRH:0
end_of_record
TN:
SF:src/app/admin/investors/page.tsx
FN:7,AdminInvestorsPage
FNF:1
FNH:0
FNDA:0,AdminInvestorsPage
DA:1,0
DA:2,0
DA:3,0
DA:5,0
DA:7,0
DA:8,0
DA:10,0
DA:11,0
DA:14,0
LF:9
LH:0
BRDA:10,0,0,0
BRDA:10,0,1,0
BRF:2
BRH:0
end_of_record
TN:
SF:src/app/admin/verification/page.tsx
FN:7,AdminVerificationPage
FNF:1
FNH:0
FNDA:0,AdminVerificationPage
DA:1,0
DA:2,0
DA:3,0
DA:5,0
DA:7,0
DA:8,0
DA:10,0
DA:11,0
DA:14,0
LF:9
LH:0
BRDA:10,0,0,0
BRDA:10,0,1,0
BRF:2
BRH:0
end_of_record
TN:
SF:src/app/api/admin/audit-logs/route.ts
FN:6,supabaseAdmin
FN:30,GET
FNF:2
FNH:0
FNDA:0,supabaseAdmin
FNDA:0,GET
DA:1,0
DA:2,0
DA:3,0
DA:4,0
DA:7,0
DA:30,0
DA:32,0
DA:33,0
DA:35,0
DA:36,0
DA:38,0
DA:39,0
DA:40,0
DA:41,0
DA:42,0
DA:43,0
DA:44,0
DA:46,0
DA:48,0
DA:54,0
DA:55,0
DA:56,0
DA:57,0
DA:59,0
DA:61,0
DA:62,0
DA:63,0
DA:66,0
DA:76,0
DA:77,0
DA:78,0
DA:79,0
DA:81,0
DA:82,0
DA:85,0
LF:35
LH:0
BRDA:33,0,0,0
BRDA:33,0,1,0
BRDA:43,1,0,0
BRDA:43,1,1,0
BRDA:44,2,0,0
BRDA:44,2,1,0
BRDA:54,3,0,0
BRDA:54,3,1,0
BRDA:55,4,0,0
BRDA:55,4,1,0
BRDA:56,5,0,0
BRDA:56,5,1,0
BRDA:57,6,0,0
BRDA:57,6,1,0
BRDA:61,7,0,0
BRDA:61,7,1,0
BRDA:68,8,0,0
BRDA:68,8,1,0
BRDA:72,9,0,0
BRDA:72,9,1,0
BRDA:77,10,0,0
BRDA:77,10,1,0
BRDA:78,11,0,0
BRDA:78,11,1,0
BRDA:81,12,0,0
BRDA:81,12,1,0
BRF:26
BRH:0
end_of_record
TN:
SF:src/app/api/admin/bulk-orders/route.ts
FN:6,serviceClient
FN:13,GET
FN:62,(anonymous_3)
FNF:3
FNH:0
FNDA:0,serviceClient
FNDA:0,GET
FNDA:0,(anonymous_3)
DA:1,0
DA:2,0
DA:3,0
DA:4,0
DA:7,0
DA:13,0
DA:14,0
DA:15,0
DA:16,0
DA:17,0
DA:18,0
DA:19,0
DA:20,0
DA:22,0
DA:23,0
DA:52,0
DA:53,0
DA:54,0
DA:56,0
DA:57,0
DA:58,0
DA:61,0
DA:63,0
DA:70,0
DA:71,0
DA:84,0
DA:96,0
DA:98,0
DA:99,0
DA:103,0
DA:105,0
LF:31
LH:0
BRDA:20,0,0,0
BRDA:20,0,1,0
BRDA:52,1,0,0
BRDA:52,1,1,0
BRDA:53,2,0,0
BRDA:53,2,1,0
BRDA:54,3,0,0
BRDA:54,3,1,0
BRDA:57,4,0,0
BRDA:57,4,1,0
BRDA:62,5,0,0
BRDA:62,5,1,0
BRDA:66,6,0,0
BRDA:66,6,1,0
BRDA:67,7,0,0
BRDA:67,7,1,0
BRDA:72,8,0,0
BRDA:72,8,1,0
BRDA:73,9,0,0
BRDA:73,9,1,0
BRDA:76,10,0,0
BRDA:76,10,1,0
BRDA:79,11,0,0
BRDA:79,11,1,0
BRDA:90,12,0,0
BRDA:90,12,1,0
BRDA:99,13,0,0
BRDA:99,13,1,0
BRDA:100,14,0,0
BRDA:100,14,1,0
BRDA:100,14,2,0
BRF:31
BRH:0
end_of_record
TN:
SF:src/app/api/admin/bulk-orders/[id]/route.ts
FN:31,serviceClient
FN:38,PATCH
FNF:2
FNH:0
FNDA:0,serviceClient
FNDA:0,PATCH
DA:1,0
DA:2,0
DA:3,0
DA:8,0
DA:20,0
DA:32,0
DA:38,0
DA:42,0
DA:43,0
DA:44,0
DA:45,0
DA:46,0
DA:47,0
DA:48,0
DA:49,0
DA:51,0
DA:52,0
DA:55,0
DA:56,0
DA:62,0
DA:63,0
DA:66,0
DA:67,0
DA:74,0
DA:75,0
DA:88,0
DA:89,0
DA:90,0
DA:99,0
DA:100,0
DA:107,0
DA:108,0
DA:111,0
DA:112,0
DA:116,0
DA:117,0
DA:118,0
DA:119,0
DA:120,0
DA:122,0
DA:123,0
DA:126,0
DA:127,0
DA:128,0
DA:130,0
DA:131,0
DA:134,0
DA:154,0
DA:155,0
DA:158,0
DA:160,0
DA:161,0
DA:165,0
DA:167,0
LF:54
LH:0
BRDA:46,0,0,0
BRDA:46,0,1,0
BRDA:48,1,0,0
BRDA:48,1,1,0
BRDA:49,2,0,0
BRDA:49,2,1,0
BRDA:51,3,0,0
BRDA:51,3,1,0
BRDA:51,4,0,0
BRDA:51,4,1,0
BRDA:62,5,0,0
BRDA:62,5,1,0
BRDA:62,6,0,0
BRDA:62,6,1,0
BRDA:66,7,0,0
BRDA:66,7,1,0
BRDA:66,8,0,0
BRDA:66,8,1,0
BRDA:70,9,0,0
BRDA:70,9,1,0
BRDA:71,10,0,0
BRDA:71,10,1,0
BRDA:76,11,0,0
BRDA:76,11,1,0
BRDA:77,12,0,0
BRDA:77,12,1,0
BRDA:80,13,0,0
BRDA:80,13,1,0
BRDA:83,14,0,0
BRDA:83,14,1,0
BRDA:88,15,0,0
BRDA:88,15,1,0
BRDA:89,16,0,0
BRDA:89,16,1,0
BRDA:89,17,0,0
BRDA:89,17,1,0
BRDA:99,18,0,0
BRDA:99,18,1,0
BRDA:99,19,0,0
BRDA:99,19,1,0
BRDA:99,19,2,0
BRDA:107,20,0,0
BRDA:107,20,1,0
BRDA:107,21,0,0
BRDA:107,21,1,0
BRDA:116,22,0,0
BRDA:116,22,1,0
BRDA:118,23,0,0
BRDA:118,23,1,0
BRDA:119,24,0,0
BRDA:119,24,1,0
BRDA:122,25,0,0
BRDA:122,25,1,0
BRDA:122,26,0,0
BRDA:122,26,1,0
BRDA:126,27,0,0
BRDA:126,27,1,0
BRDA:130,28,0,0
BRDA:130,28,1,0
BRDA:130,29,0,0
BRDA:130,29,1,0
BRDA:154,30,0,0
BRDA:154,30,1,0
BRDA:161,31,0,0
BRDA:161,31,1,0
BRDA:162,32,0,0
BRDA:162,32,1,0
BRDA:162,32,2,0
BRF:68
BRH:0
end_of_record
TN:
SF:src/app/api/admin/capital/accounts/route.ts
FN:10,GET
FNF:1
FNH:0
FNDA:0,GET
DA:1,0
DA:2,0
DA:3,0
DA:5,0
DA:10,0
DA:11,0
DA:12,0
DA:14,0
DA:15,0
DA:17,0
DA:30,0
DA:31,0
DA:34,0
DA:36,0
DA:37,0
DA:38,0
DA:44,0
DA:49,0
DA:50,0
LF:19
LH:0
BRDA:30,0,0,0
BRDA:30,0,1,0
BRDA:36,1,0,0
BRDA:36,1,1,0
BRDA:45,2,0,0
BRDA:45,2,1,0
BRF:6
BRH:0
end_of_record
TN:
SF:src/app/api/admin/capital/payment-submissions/route.ts
FN:13,GET
FN:46,(anonymous_4)
FN:69,PATCH
FNF:3
FNH:0
FNDA:0,GET
FNDA:0,(anonymous_4)
FNDA:0,PATCH
DA:1,0
DA:2,0
DA:3,0
DA:5,0
DA:9,0
DA:13,0
DA:14,0
DA:15,0
DA:17,0
DA:18,0
DA:20,0
DA:34,0
DA:35,0
DA:38,0
DA:40,0
DA:41,0
DA:42,0
DA:45,0
DA:47,0
DA:48,0
DA:51,0
DA:55,0
DA:62,0
DA:64,0
DA:65,0
DA:69,0
DA:70,0
DA:71,0
DA:72,0
DA:74,0
DA:75,0
DA:76,0
DA:77,0
DA:79,0
DA:80,0
DA:83,0
DA:84,0
DA:87,0
DA:93,0
DA:94,0
DA:97,0
DA:98,0
DA:101,0
DA:102,0
DA:114,0
DA:115,0
DA:116,0
DA:119,0
DA:122,0
DA:126,0
DA:127,0
DA:128,0
DA:131,0
DA:132,0
DA:133,0
DA:137,0
DA:153,0
DA:154,0
DA:155,0
DA:158,0
DA:171,0
DA:172,0
DA:173,0
DA:176,0
DA:178,0
DA:179,0
LF:66
LH:0
BRDA:18,0,0,0
BRDA:18,0,1,0
BRDA:34,1,0,0
BRDA:34,1,1,0
BRDA:34,2,0,0
BRDA:34,2,1,0
BRDA:40,3,0,0
BRDA:40,3,1,0
BRDA:46,4,0,0
BRDA:46,4,1,0
BRDA:47,5,0,0
BRDA:47,5,1,0
BRDA:57,6,0,0
BRDA:57,6,1,0
BRDA:75,7,0,0
BRDA:75,7,1,0
BRDA:76,8,0,0
BRDA:76,8,1,0
BRDA:77,9,0,0
BRDA:77,9,1,0
BRDA:79,10,0,0
BRDA:79,10,1,0
BRDA:83,11,0,0
BRDA:83,11,1,0
BRDA:83,12,0,0
BRDA:83,12,1,0
BRDA:93,13,0,0
BRDA:93,13,1,0
BRDA:93,14,0,0
BRDA:93,14,1,0
BRDA:97,15,0,0
BRDA:97,15,1,0
BRDA:101,16,0,0
BRDA:101,16,1,0
BRDA:106,17,0,0
BRDA:106,17,1,0
BRDA:108,18,0,0
BRDA:108,18,1,0
BRDA:114,19,0,0
BRDA:114,19,1,0
BRDA:126,20,0,0
BRDA:126,20,1,0
BRDA:131,21,0,0
BRDA:131,21,1,0
BRDA:132,22,0,0
BRDA:132,22,1,0
BRDA:134,23,0,0
BRDA:134,23,1,0
BRDA:134,23,2,0
BRDA:145,24,0,0
BRDA:145,24,1,0
BRDA:146,25,0,0
BRDA:146,25,1,0
BRDA:153,26,0,0
BRDA:153,26,1,0
BRDA:153,27,0,0
BRDA:153,27,1,0
BRDA:162,28,0,0
BRDA:162,28,1,0
BRDA:164,29,0,0
BRDA:164,29,1,0
BRDA:171,30,0,0
BRDA:171,30,1,0
BRF:63
BRH:0
end_of_record
TN:
SF:src/app/api/admin/capital/transactions/route.ts
FN:29,GET
FN:86,(anonymous_4)
FN:110,POST
FN:260,(anonymous_6)
FN:279,(anonymous_7)
FN:298,(anonymous_8)
FN:306,(anonymous_9)
FN:328,(anonymous_10)
FN:364,(anonymous_11)
FN:365,(anonymous_12)
FN:366,(anonymous_13)
FN:387,(anonymous_14)
FN:417,(anonymous_15)
FN:520,(anonymous_16)
FN:541,(anonymous_17)
FNF:15
FNH:0
FNDA:0,GET
FNDA:0,(anonymous_4)
FNDA:0,POST
FNDA:0,(anonymous_6)
FNDA:0,(anonymous_7)
FNDA:0,(anonymous_8)
FNDA:0,(anonymous_9)
FNDA:0,(anonymous_10)
FNDA:0,(anonymous_11)
FNDA:0,(anonymous_12)
FNDA:0,(anonymous_13)
FNDA:0,(anonymous_14)
FNDA:0,(anonymous_15)
FNDA:0,(anonymous_16)
FNDA:0,(anonymous_17)
DA:1,0
DA:2,0
DA:3,0
DA:4,0
DA:9,0
DA:11,0
DA:29,0
DA:30,0
DA:31,0
DA:33,0
DA:34,0
DA:35,0
DA:36,0
DA:37,0
DA:38,0
DA:40,0
DA:42,0
DA:60,0
DA:61,0
DA:64,0
DA:65,0
DA:68,0
DA:69,0
DA:73,0
DA:75,0
DA:77,0
DA:78,0
DA:79,0
DA:86,0
DA:91,0
DA:102,0
DA:103,0
DA:110,0
DA:111,0
DA:112,0
DA:113,0
DA:115,0
DA:128,0
DA:130,0
DA:131,0
DA:137,0
DA:138,0
DA:144,0
DA:149,0
DA:150,0
DA:154,0
DA:155,0
DA:156,0
DA:164,0
DA:165,0
DA:166,0
DA:173,0
DA:174,0
DA:175,0
DA:181,0
DA:182,0
DA:183,0
DA:189,0
DA:190,0
DA:191,0
DA:198,0
DA:199,0
DA:205,0
DA:206,0
DA:209,0
DA:210,0
DA:217,0
DA:228,0
DA:230,0
DA:231,0
DA:232,0
DA:238,0
DA:245,0
DA:246,0
DA:247,0
DA:253,0
DA:254,0
DA:260,0
DA:261,0
DA:262,0
DA:264,0
DA:265,0
DA:266,0
DA:267,0
DA:269,0
DA:270,0
DA:272,0
DA:273,0
DA:276,0
DA:278,0
DA:279,0
DA:283,0
DA:284,0
DA:290,0
DA:291,0
DA:297,0
DA:299,0
DA:305,0
DA:306,0
DA:307,0
DA:308,0
DA:309,0
DA:310,0
DA:312,0
DA:314,0
DA:328,0
DA:330,0
DA:331,0
DA:337,0
DA:343,0
DA:344,0
DA:345,0
DA:351,0
DA:357,0
DA:358,0
DA:361,0
DA:363,0
DA:364,0
DA:365,0
DA:366,0
DA:368,0
DA:372,0
DA:373,0
DA:375,0
DA:382,0
DA:383,0
DA:386,0
DA:387,0
DA:391,0
DA:408,0
DA:409,0
DA:410,0
DA:416,0
DA:418,0
DA:419,0
DA:420,0
DA:421,0
DA:422,0
DA:423,0
DA:433,0
DA:438,0
DA:439,0
DA:440,0
DA:445,0
DA:446,0
DA:450,0
DA:455,0
DA:456,0
DA:457,0
DA:458,0
DA:459,0
DA:461,0
DA:462,0
DA:463,0
DA:465,0
DA:480,0
DA:481,0
DA:483,0
DA:484,0
DA:498,0
DA:499,0
DA:502,0
DA:503,0
DA:504,0
DA:510,0
DA:512,0
DA:513,0
DA:514,0
DA:520,0
DA:521,0
DA:522,0
DA:523,0
DA:524,0
DA:525,0
DA:526,0
DA:529,0
DA:530,0
DA:537,0
DA:538,0
DA:540,0
DA:541,0
DA:546,0
DA:547,0
DA:548,0
DA:554,0
DA:555,0
DA:561,0
DA:567,0
DA:569,0
DA:572,0
DA:576,0
DA:587,0
DA:588,0
DA:591,0
DA:592,0
DA:595,0
DA:596,0
DA:599,0
DA:600,0
DA:603,0
DA:604,0
DA:607,0
DA:608,0
DA:611,0
DA:629,0
DA:630,0
DA:631,0
DA:637,0
DA:638,0
DA:639,0
DA:641,0
DA:642,0
DA:643,0
DA:654,0
DA:659,0
DA:660,0
DA:670,0
DA:675,0
DA:676,0
DA:677,0
DA:687,0
DA:688,0
DA:690,0
DA:698,0
DA:699,0
DA:704,0
DA:705,0
DA:711,0
DA:712,0
DA:713,0
DA:723,0
DA:728,0
DA:737,0
DA:738,0
LF:234
LH:0
BRDA:34,0,0,0
BRDA:34,0,1,0
BRDA:35,1,0,0
BRDA:35,1,1,0
BRDA:36,2,0,0
BRDA:36,2,1,0
BRDA:37,3,0,0
BRDA:37,3,1,0
BRDA:38,4,0,0
BRDA:38,4,1,0
BRDA:60,5,0,0
BRDA:60,5,1,0
BRDA:64,6,0,0
BRDA:64,6,1,0
BRDA:68,7,0,0
BRDA:68,7,1,0
BRDA:77,8,0,0
BRDA:77,8,1,0
BRDA:86,9,0,0
BRDA:86,9,1,0
BRDA:96,10,0,0
BRDA:96,10,1,0
BRDA:97,11,0,0
BRDA:97,11,1,0
BRDA:130,12,0,0
BRDA:130,12,1,0
BRDA:130,13,0,0
BRDA:130,13,1,0
BRDA:130,13,2,0
BRDA:137,14,0,0
BRDA:137,14,1,0
BRDA:137,15,0,0
BRDA:137,15,1,0
BRDA:144,16,0,0
BRDA:144,16,1,0
BRDA:144,17,0,0
BRDA:144,17,1,0
BRDA:149,18,0,0
BRDA:149,18,1,0
BRDA:149,19,0,0
BRDA:149,19,1,0
BRDA:154,20,0,0
BRDA:154,20,1,0
BRDA:165,21,0,0
BRDA:165,21,1,0
BRDA:174,22,0,0
BRDA:174,22,1,0
BRDA:174,23,0,0
BRDA:174,23,1,0
BRDA:181,24,0,0
BRDA:181,24,1,0
BRDA:182,25,0,0
BRDA:182,25,1,0
BRDA:190,26,0,0
BRDA:190,26,1,0
BRDA:198,27,0,0
BRDA:198,27,1,0
BRDA:198,28,0,0
BRDA:198,28,1,0
BRDA:198,28,2,0
BRDA:205,29,0,0
BRDA:205,29,1,0
BRDA:209,30,0,0
BRDA:209,30,1,0
BRDA:209,31,0,0
BRDA:209,31,1,0
BRDA:214,32,0,0
BRDA:214,32,1,0
BRDA:220,33,0,0
BRDA:220,33,1,0
BRDA:228,34,0,0
BRDA:228,34,1,0
BRDA:230,35,0,0
BRDA:230,35,1,0
BRDA:231,36,0,0
BRDA:231,36,1,0
BRDA:245,37,0,0
BRDA:245,37,1,0
BRDA:253,38,0,0
BRDA:253,38,1,0
BRDA:253,39,0,0
BRDA:253,39,1,0
BRDA:261,40,0,0
BRDA:261,40,1,0
BRDA:264,41,0,0
BRDA:264,41,1,0
BRDA:265,42,0,0
BRDA:265,42,1,0
BRDA:266,43,0,0
BRDA:266,43,1,0
BRDA:266,44,0,0
BRDA:266,44,1,0
BRDA:269,45,0,0
BRDA:269,45,1,0
BRDA:269,46,0,0
BRDA:269,46,1,0
BRDA:283,47,0,0
BRDA:283,47,1,0
BRDA:290,48,0,0
BRDA:290,48,1,0
BRDA:307,49,0,0
BRDA:307,49,1,0
BRDA:309,50,0,0
BRDA:309,50,1,0
BRDA:319,51,0,0
BRDA:319,51,1,0
BRDA:330,52,0,0
BRDA:330,52,1,0
BRDA:343,53,0,0
BRDA:343,53,1,0
BRDA:343,54,0,0
BRDA:343,54,1,0
BRDA:357,55,0,0
BRDA:357,55,1,0
BRDA:361,56,0,0
BRDA:361,56,1,0
BRDA:368,57,0,0
BRDA:368,57,1,0
BRDA:382,58,0,0
BRDA:382,58,1,0
BRDA:386,59,0,0
BRDA:386,59,1,0
BRDA:387,60,0,0
BRDA:387,60,1,0
BRDA:408,61,0,0
BRDA:408,61,1,0
BRDA:417,62,0,0
BRDA:417,62,1,0
BRDA:419,63,0,0
BRDA:419,63,1,0
BRDA:420,64,0,0
BRDA:420,64,1,0
BRDA:421,65,0,0
BRDA:421,65,1,0
BRDA:421,65,2,0
BRDA:428,66,0,0
BRDA:428,66,1,0
BRDA:439,67,0,0
BRDA:439,67,1,0
BRDA:439,68,0,0
BRDA:439,68,1,0
BRDA:439,68,2,0
BRDA:445,69,0,0
BRDA:445,69,1,0
BRDA:461,70,0,0
BRDA:461,70,1,0
BRDA:461,71,0,0
BRDA:461,71,1,0
BRDA:483,72,0,0
BRDA:483,72,1,0
BRDA:483,73,0,0
BRDA:483,73,1,0
BRDA:483,74,0,0
BRDA:483,74,1,0
BRDA:502,75,0,0
BRDA:502,75,1,0
BRDA:502,76,0,0
BRDA:502,76,1,0
BRDA:510,77,0,0
BRDA:510,77,1,0
BRDA:512,78,0,0
BRDA:512,78,1,0
BRDA:513,79,0,0
BRDA:513,79,1,0
BRDA:520,80,0,0
BRDA:520,80,1,0
BRDA:521,81,0,0
BRDA:521,81,1,0
BRDA:521,82,0,0
BRDA:521,82,1,0
BRDA:522,83,0,0
BRDA:522,83,1,0
BRDA:523,84,0,0
BRDA:523,84,1,0
BRDA:529,85,0,0
BRDA:529,85,1,0
BRDA:537,86,0,0
BRDA:537,86,1,0
BRDA:540,87,0,0
BRDA:540,87,1,0
BRDA:541,88,0,0
BRDA:541,88,1,0
BRDA:547,89,0,0
BRDA:547,89,1,0
BRDA:554,90,0,0
BRDA:554,90,1,0
BRDA:581,91,0,0
BRDA:581,91,1,0
BRDA:587,92,0,0
BRDA:587,92,1,0
BRDA:591,93,0,0
BRDA:591,93,1,0
BRDA:595,94,0,0
BRDA:595,94,1,0
BRDA:599,95,0,0
BRDA:599,95,1,0
BRDA:603,96,0,0
BRDA:603,96,1,0
BRDA:607,97,0,0
BRDA:607,97,1,0
BRDA:629,98,0,0
BRDA:629,98,1,0
BRDA:638,99,0,0
BRDA:638,99,1,0
BRDA:639,100,0,0
BRDA:639,100,1,0
BRDA:639,100,2,0
BRDA:641,101,0,0
BRDA:641,101,1,0
BRDA:659,102,0,0
BRDA:659,102,1,0
BRDA:659,103,0,0
BRDA:659,103,1,0
BRDA:665,104,0,0
BRDA:665,104,1,0
BRDA:667,105,0,0
BRDA:667,105,1,0
BRDA:675,106,0,0
BRDA:675,106,1,0
BRDA:675,107,0,0
BRDA:675,107,1,0
BRDA:683,108,0,0
BRDA:683,108,1,0
BRDA:687,109,0,0
BRDA:687,109,1,0
BRDA:698,110,0,0
BRDA:698,110,1,0
BRDA:704,111,0,0
BRDA:704,111,1,0
BRDA:704,112,0,0
BRDA:704,112,1,0
BRDA:711,113,0,0
BRDA:711,113,1,0
BRDA:716,114,0,0
BRDA:716,114,1,0
BRDA:716,114,2,0
BRF:236
BRH:0
end_of_record
TN:
SF:src/app/api/admin/contractors/route.ts
FN:7,GET
FN:21,(anonymous_5)
FN:26,(anonymous_6)
FN:53,(anonymous_7)
FN:78,(anonymous_8)
FN:79,(anonymous_9)
FN:80,(anonymous_10)
FN:81,(anonymous_11)
FN:82,(anonymous_12)
FN:106,POST
FN:157,(anonymous_14)
FN:179,PUT
FNF:12
FNH:0
FNDA:0,GET
FNDA:0,(anonymous_5)
FNDA:0,(anonymous_6)
FNDA:0,(anonymous_7)
FNDA:0,(anonymous_8)
FNDA:0,(anonymous_9)
FNDA:0,(anonymous_10)
FNDA:0,(anonymous_11)
FNDA:0,(anonymous_12)
FNDA:0,POST
FNDA:0,(anonymous_14)
FNDA:0,PUT
DA:1,0
DA:2,0
DA:3,0
DA:4,0
DA:7,0
DA:8,0
DA:10,0
DA:11,0
DA:12,0
DA:13,0
DA:14,0
DA:17,0
DA:20,0
DA:21,0
DA:25,0
DA:27,0
DA:28,0
DA:29,0
DA:30,0
DA:32,0
DA:40,0
DA:41,0
DA:53,0
DA:55,0
DA:56,0
DA:58,0
DA:59,0
DA:63,0
DA:66,0
DA:78,0
DA:79,0
DA:80,0
DA:81,0
DA:82,0
DA:88,0
DA:91,0
DA:92,0
DA:98,0
DA:106,0
DA:107,0
DA:108,0
DA:110,0
DA:111,0
DA:113,0
DA:114,0
DA:120,0
DA:121,0
DA:122,0
DA:126,0
DA:127,0
DA:128,0
DA:131,0
DA:142,0
DA:143,0
DA:144,0
DA:145,0
DA:156,0
DA:157,0
DA:159,0
DA:160,0
DA:164,0
DA:168,0
DA:170,0
DA:171,0
DA:172,0
DA:174,0
DA:179,0
DA:180,0
DA:182,0
DA:191,0
DA:193,0
DA:194,0
DA:202,0
DA:204,0
DA:205,0
DA:211,0
DA:218,0
DA:221,0
DA:222,0
DA:228,0
DA:235,0
DA:239,0
DA:243,0
DA:244,0
DA:247,0
DA:251,0
DA:252,0
DA:255,0
DA:256,0
DA:257,0
DA:259,0
DA:260,0
DA:266,0
DA:267,0
DA:273,0
DA:274,0
DA:280,0
DA:285,0
DA:286,0
DA:290,0
DA:296,0
DA:298,0
DA:306,0
DA:311,0
DA:318,0
DA:321,0
DA:322,0
DA:328,0
LF:108
LH:0
BRDA:13,0,0,0
BRDA:13,0,1,0
BRDA:14,1,0,0
BRDA:14,1,1,0
BRDA:20,2,0,0
BRDA:20,2,1,0
BRDA:29,3,0,0
BRDA:29,3,1,0
BRDA:30,4,0,0
BRDA:30,4,1,0
BRDA:55,5,0,0
BRDA:55,5,1,0
BRDA:55,6,0,0
BRDA:55,6,1,0
BRDA:58,7,0,0
BRDA:58,7,1,0
BRDA:58,8,0,0
BRDA:58,8,1,0
BRDA:91,9,0,0
BRDA:91,9,1,0
BRDA:91,10,0,0
BRDA:91,10,1,0
BRDA:91,10,2,0
BRDA:113,11,0,0
BRDA:113,11,1,0
BRDA:113,12,0,0
BRDA:113,12,1,0
BRDA:113,12,2,0
BRDA:121,13,0,0
BRDA:121,13,1,0
BRDA:127,14,0,0
BRDA:127,14,1,0
BRDA:135,15,0,0
BRDA:135,15,1,0
BRDA:143,16,0,0
BRDA:143,16,1,0
BRDA:143,17,0,0
BRDA:143,17,1,0
BRDA:156,18,0,0
BRDA:156,18,1,0
BRDA:159,19,0,0
BRDA:159,19,1,0
BRDA:159,20,0,0
BRDA:159,20,1,0
BRDA:171,21,0,0
BRDA:171,21,1,0
BRDA:171,22,0,0
BRDA:171,22,1,0
BRDA:171,22,2,0
BRDA:193,23,0,0
BRDA:193,23,1,0
BRDA:193,24,0,0
BRDA:193,24,1,0
BRDA:202,25,0,0
BRDA:202,25,1,0
BRDA:202,25,2,0
BRDA:202,25,3,0
BRDA:202,25,4,0
BRDA:202,25,5,0
BRDA:204,26,0,0
BRDA:204,26,1,0
BRDA:221,27,0,0
BRDA:221,27,1,0
BRDA:255,28,0,0
BRDA:255,28,1,0
BRDA:256,29,0,0
BRDA:256,29,1,0
BRDA:257,30,0,0
BRDA:257,30,1,0
BRDA:259,31,0,0
BRDA:259,31,1,0
BRDA:259,32,0,0
BRDA:259,32,1,0
BRDA:259,32,2,0
BRDA:266,33,0,0
BRDA:266,33,1,0
BRDA:266,34,0,0
BRDA:266,34,1,0
BRDA:266,34,2,0
BRDA:273,35,0,0
BRDA:273,35,1,0
BRDA:273,36,0,0
BRDA:273,36,1,0
BRDA:296,37,0,0
BRDA:296,37,1,0
BRDA:302,38,0,0
BRDA:302,38,1,0
BRDA:302,39,0,0
BRDA:302,39,1,0
BRDA:313,40,0,0
BRDA:313,40,1,0
BRDA:321,41,0,0
BRDA:321,41,1,0
BRDA:321,42,0,0
BRDA:321,42,1,0
BRDA:321,42,2,0
BRF:96
BRH:0
end_of_record
TN:
SF:src/app/api/admin/contractors/[id]/bulk-settings/route.ts
FN:5,serviceClient
FN:12,PATCH
FNF:2
FNH:0
FNDA:0,serviceClient
FNDA:0,PATCH
DA:1,0
DA:2,0
DA:3,0
DA:6,0
DA:12,0
DA:16,0
DA:17,0
DA:18,0
DA:19,0
DA:21,0
DA:22,0
DA:23,0
DA:24,0
DA:26,0
DA:28,0
DA:29,0
DA:30,0
DA:31,0
DA:33,0
DA:36,0
DA:37,0
DA:38,0
DA:39,0
DA:41,0
DA:44,0
DA:45,0
DA:46,0
DA:48,0
DA:49,0
DA:50,0
DA:52,0
DA:56,0
DA:57,0
DA:60,0
DA:61,0
DA:64,0
DA:65,0
DA:79,0
DA:80,0
DA:83,0
DA:85,0
DA:86,0
DA:90,0
DA:92,0
LF:44
LH:0
BRDA:28,0,0,0
BRDA:28,0,1,0
BRDA:30,1,0,0
BRDA:30,1,1,0
BRDA:30,2,0,0
BRDA:30,2,1,0
BRDA:36,3,0,0
BRDA:36,3,1,0
BRDA:38,4,0,0
BRDA:38,4,1,0
BRDA:38,5,0,0
BRDA:38,5,1,0
BRDA:44,6,0,0
BRDA:44,6,1,0
BRDA:45,7,0,0
BRDA:45,7,1,0
BRDA:45,8,0,0
BRDA:45,8,1,0
BRDA:49,9,0,0
BRDA:49,9,1,0
BRDA:49,10,0,0
BRDA:49,10,1,0
BRDA:56,11,0,0
BRDA:56,11,1,0
BRDA:60,12,0,0
BRDA:60,12,1,0
BRDA:79,13,0,0
BRDA:79,13,1,0
BRDA:86,14,0,0
BRDA:86,14,1,0
BRDA:87,15,0,0
BRDA:87,15,1,0
BRDA:87,15,2,0
BRF:33
BRH:0
end_of_record
TN:
SF:src/app/api/admin/delivery/route.ts
FN:8,supabaseAdmin
FN:23,POST
FN:120,GET
FNF:3
FNH:0
FNDA:0,supabaseAdmin
FNDA:0,POST
FNDA:0,GET
DA:1,0
DA:2,0
DA:3,0
DA:4,0
DA:5,0
DA:6,0
DA:9,0
DA:23,0
DA:24,0
DA:25,0
DA:28,0
DA:29,0
DA:30,0
DA:31,0
DA:32,0
DA:34,0
DA:37,0
DA:38,0
DA:39,0
DA:44,0
DA:45,0
DA:47,0
DA:50,0
DA:56,0
DA:57,0
DA:60,0
DA:61,0
DA:67,0
DA:68,0
DA:70,0
DA:79,0
DA:80,0
DA:81,0
DA:85,0
DA:96,0
DA:102,0
DA:103,0
DA:104,0
DA:105,0
DA:107,0
DA:108,0
DA:111,0
DA:120,0
DA:121,0
DA:122,0
DA:124,0
DA:125,0
DA:126,0
DA:127,0
DA:129,0
DA:148,0
DA:149,0
DA:151,0
DA:153,0
DA:154,0
DA:157,0
DA:159,0
DA:160,0
DA:161,0
DA:162,0
DA:164,0
DA:165,0
DA:168,0
LF:63
LH:0
BRDA:29,0,0,0
BRDA:29,0,1,0
BRDA:31,1,0,0
BRDA:31,1,1,0
BRDA:31,2,0,0
BRDA:31,2,1,0
BRDA:32,3,0,0
BRDA:32,3,1,0
BRDA:32,3,2,0
BRDA:38,4,0,0
BRDA:38,4,1,0
BRDA:39,5,0,0
BRDA:39,5,1,0
BRDA:56,6,0,0
BRDA:56,6,1,0
BRDA:56,7,0,0
BRDA:56,7,1,0
BRDA:60,8,0,0
BRDA:60,8,1,0
BRDA:79,9,0,0
BRDA:79,9,1,0
BRDA:103,10,0,0
BRDA:103,10,1,0
BRDA:104,11,0,0
BRDA:104,11,1,0
BRDA:107,12,0,0
BRDA:107,12,1,0
BRDA:148,13,0,0
BRDA:148,13,1,0
BRDA:149,14,0,0
BRDA:149,14,1,0
BRDA:153,15,0,0
BRDA:153,15,1,0
BRDA:157,16,0,0
BRDA:157,16,1,0
BRDA:160,17,0,0
BRDA:160,17,1,0
BRDA:161,18,0,0
BRDA:161,18,1,0
BRDA:164,19,0,0
BRDA:164,19,1,0
BRF:41
BRH:0
end_of_record
TN:
SF:src/app/api/admin/documents/[contractorId]/[documentType]/route.ts
FN:5,GET
FNF:1
FNH:0
FNDA:0,GET
DA:1,0
DA:2,0
DA:3,0
DA:5,0
DA:9,0
DA:11,0
DA:13,0
DA:16,0
DA:22,0
DA:23,0
DA:29,0
DA:30,0
DA:31,0
DA:38,0
DA:39,0
DA:42,0
DA:46,0
DA:47,0
DA:48,0
DA:55,0
DA:58,0
DA:61,0
DA:62,0
DA:68,0
LF:24
LH:0
BRDA:22,0,0,0
BRDA:22,0,1,0
BRDA:22,1,0,0
BRDA:22,1,1,0
BRDA:30,2,0,0
BRDA:30,2,1,0
BRDA:30,3,0,0
BRDA:30,3,1,0
BRDA:30,3,2,0
BRDA:46,4,0,0
BRDA:46,4,1,0
BRDA:61,5,0,0
BRDA:61,5,1,0
BRDA:61,6,0,0
BRDA:61,6,1,0
BRDA:61,6,2,0
BRF:16
BRH:0
end_of_record
TN:
SF:src/app/api/admin/finance/overview/route.ts
FN:89,(anonymous_1)
FN:91,(anonymous_2)
FN:93,(anonymous_3)
FN:94,(anonymous_4)
FN:115,GET
FN:136,(anonymous_6)
FN:149,(anonymous_7)
FN:162,(anonymous_8)
FN:175,(anonymous_9)
FN:177,(anonymous_10)
FN:178,(anonymous_11)
FN:190,(anonymous_12)
FN:266,(anonymous_13)
FN:279,(anonymous_14)
FN:300,(anonymous_15)
FN:304,(anonymous_16)
FN:316,(anonymous_17)
FN:326,(anonymous_18)
FN:336,(anonymous_19)
FN:347,(anonymous_20)
FN:357,(anonymous_21)
FN:380,(anonymous_22)
FN:387,(anonymous_23)
FN:404,(anonymous_24)
FN:436,(anonymous_25)
FN:438,(anonymous_26)
FN:439,(anonymous_27)
FN:468,(anonymous_28)
FN:469,(anonymous_29)
FN:476,(anonymous_30)
FN:542,(anonymous_31)
FNF:31
FNH:0
FNDA:0,(anonymous_1)
FNDA:0,(anonymous_2)
FNDA:0,(anonymous_3)
FNDA:0,(anonymous_4)
FNDA:0,GET
FNDA:0,(anonymous_6)
FNDA:0,(anonymous_7)
FNDA:0,(anonymous_8)
FNDA:0,(anonymous_9)
FNDA:0,(anonymous_10)
FNDA:0,(anonymous_11)
FNDA:0,(anonymous_12)
FNDA:0,(anonymous_13)
FNDA:0,(anonymous_14)
FNDA:0,(anonymous_15)
FNDA:0,(anonymous_16)
FNDA:0,(anonymous_17)
FNDA:0,(anonymous_18)
FNDA:0,(anonymous_19)
FNDA:0,(anonymous_20)
FNDA:0,(anonymous_21)
FNDA:0,(anonymous_22)
FNDA:0,(anonymous_23)
FNDA:0,(anonymous_24)
FNDA:0,(anonymous_25)
FNDA:0,(anonymous_26)
FNDA:0,(anonymous_27)
FNDA:0,(anonymous_28)
FNDA:0,(anonymous_29)
FNDA:0,(anonymous_30)
FNDA:0,(anonymous_31)
DA:1,0
DA:2,0
DA:3,0
DA:89,0
DA:90,0
DA:91,0
DA:92,0
DA:93,0
DA:94,0
DA:95,0
DA:97,0
DA:98,0
DA:99,0
DA:100,0
DA:101,0
DA:102,0
DA:103,0
DA:104,0
DA:105,0
DA:107,0
DA:108,0
DA:109,0
DA:110,0
DA:112,0
DA:115,0
DA:116,0
DA:117,0
DA:120,0
DA:125,0
DA:130,0
DA:131,0
DA:132,0
DA:135,0
DA:136,0
DA:138,0
DA:144,0
DA:145,0
DA:148,0
DA:149,0
DA:152,0
DA:157,0
DA:158,0
DA:161,0
DA:162,0
DA:163,0
DA:164,0
DA:165,0
DA:166,0
DA:167,0
DA:168,0
DA:169,0
DA:170,0
DA:172,0
DA:175,0
DA:176,0
DA:177,0
DA:178,0
DA:179,0
DA:180,0
DA:182,0
DA:183,0
DA:184,0
DA:185,0
DA:186,0
DA:187,0
DA:189,0
DA:190,0
DA:192,0
DA:193,0
DA:194,0
DA:196,0
DA:198,0
DA:212,0
DA:213,0
DA:229,0
DA:230,0
DA:232,0
DA:236,0
DA:237,0
DA:239,0
DA:240,0
DA:244,0
DA:245,0
DA:248,0
DA:249,0
DA:250,0
DA:253,0
DA:260,0
DA:261,0
DA:262,0
DA:265,0
DA:266,0
DA:267,0
DA:268,0
DA:269,0
DA:270,0
DA:271,0
DA:272,0
DA:273,0
DA:276,0
DA:277,0
DA:278,0
DA:279,0
DA:280,0
DA:281,0
DA:282,0
DA:283,0
DA:284,0
DA:285,0
DA:286,0
DA:287,0
DA:288,0
DA:291,0
DA:292,0
DA:293,0
DA:297,0
DA:300,0
DA:304,0
DA:306,0
DA:307,0
DA:308,0
DA:313,0
DA:314,0
DA:316,0
DA:317,0
DA:318,0
DA:319,0
DA:325,0
DA:326,0
DA:327,0
DA:328,0
DA:333,0
DA:334,0
DA:336,0
DA:337,0
DA:338,0
DA:339,0
DA:346,0
DA:347,0
DA:348,0
DA:349,0
DA:354,0
DA:355,0
DA:357,0
DA:358,0
DA:359,0
DA:360,0
DA:362,0
DA:363,0
DA:370,0
DA:371,0
DA:372,0
DA:377,0
DA:378,0
DA:380,0
DA:381,0
DA:386,0
DA:387,0
DA:388,0
DA:391,0
DA:399,0
DA:400,0
DA:403,0
DA:404,0
DA:405,0
DA:406,0
DA:407,0
DA:408,0
DA:409,0
DA:410,0
DA:412,0
DA:413,0
DA:414,0
DA:415,0
DA:417,0
DA:418,0
DA:427,0
DA:428,0
DA:429,0
DA:433,0
DA:436,0
DA:437,0
DA:438,0
DA:439,0
DA:440,0
DA:447,0
DA:460,0
DA:461,0
DA:462,0
DA:463,0
DA:464,0
DA:465,0
DA:468,0
DA:469,0
DA:470,0
DA:471,0
DA:473,0
DA:476,0
DA:477,0
DA:478,0
DA:479,0
DA:480,0
DA:481,0
DA:482,0
DA:483,0
DA:484,0
DA:487,0
DA:488,0
DA:489,0
DA:490,0
DA:491,0
DA:492,0
DA:494,0
DA:495,0
DA:496,0
DA:497,0
DA:498,0
DA:500,0
DA:501,0
DA:502,0
DA:515,0
DA:516,0
DA:517,0
DA:518,0
DA:519,0
DA:520,0
DA:521,0
DA:522,0
DA:525,0
DA:527,0
DA:542,0
DA:545,0
DA:546,0
LF:233
LH:0
BRDA:90,0,0,0
BRDA:90,0,1,0
BRDA:90,1,0,0
BRDA:90,1,1,0
BRDA:95,2,0,0
BRDA:95,2,1,0
BRDA:95,3,0,0
BRDA:95,3,1,0
BRDA:107,4,0,0
BRDA:107,4,1,0
BRDA:108,5,0,0
BRDA:108,5,1,0
BRDA:110,6,0,0
BRDA:110,6,1,0
BRDA:112,7,0,0
BRDA:112,7,1,0
BRDA:130,8,0,0
BRDA:130,8,1,0
BRDA:135,9,0,0
BRDA:135,9,1,0
BRDA:144,10,0,0
BRDA:144,10,1,0
BRDA:149,11,0,0
BRDA:149,11,1,0
BRDA:155,12,0,0
BRDA:155,12,1,0
BRDA:157,13,0,0
BRDA:157,13,1,0
BRDA:162,14,0,0
BRDA:162,14,1,0
BRDA:163,15,0,0
BRDA:163,15,1,0
BRDA:164,16,0,0
BRDA:164,16,1,0
BRDA:165,17,0,0
BRDA:165,17,1,0
BRDA:166,18,0,0
BRDA:166,18,1,0
BRDA:167,19,0,0
BRDA:167,19,1,0
BRDA:167,20,0,0
BRDA:167,20,1,0
BRDA:169,21,0,0
BRDA:169,21,1,0
BRDA:169,22,0,0
BRDA:169,22,1,0
BRDA:175,23,0,0
BRDA:175,23,1,0
BRDA:176,24,0,0
BRDA:176,24,1,0
BRDA:189,25,0,0
BRDA:189,25,1,0
BRDA:193,26,0,0
BRDA:193,26,1,0
BRDA:200,27,0,0
BRDA:200,27,1,0
BRDA:201,28,0,0
BRDA:201,28,1,0
BRDA:202,29,0,0
BRDA:202,29,1,0
BRDA:212,30,0,0
BRDA:212,30,1,0
BRDA:236,31,0,0
BRDA:236,31,1,0
BRDA:239,32,0,0
BRDA:239,32,1,0
BRDA:239,33,0,0
BRDA:239,33,1,0
BRDA:239,34,0,0
BRDA:239,34,1,0
BRDA:244,35,0,0
BRDA:244,35,1,0
BRDA:248,36,0,0
BRDA:248,36,1,0
BRDA:260,37,0,0
BRDA:260,37,1,0
BRDA:267,38,0,0
BRDA:267,38,1,0
BRDA:267,38,2,0
BRDA:268,39,0,0
BRDA:268,39,1,0
BRDA:269,40,0,0
BRDA:269,40,1,0
BRDA:272,41,0,0
BRDA:272,41,1,0
BRDA:280,42,0,0
BRDA:280,42,1,0
BRDA:281,43,0,0
BRDA:281,43,1,0
BRDA:282,44,0,0
BRDA:282,44,1,0
BRDA:283,45,0,0
BRDA:283,45,1,0
BRDA:285,46,0,0
BRDA:285,46,1,0
BRDA:287,47,0,0
BRDA:287,47,1,0
BRDA:287,48,0,0
BRDA:287,48,1,0
BRDA:291,49,0,0
BRDA:291,49,1,0
BRDA:292,50,0,0
BRDA:292,50,1,0
BRDA:300,51,0,0
BRDA:300,51,1,0
BRDA:307,52,0,0
BRDA:307,52,1,0
BRDA:313,53,0,0
BRDA:313,53,1,0
BRDA:318,54,0,0
BRDA:318,54,1,0
BRDA:325,55,0,0
BRDA:325,55,1,0
BRDA:327,56,0,0
BRDA:327,56,1,0
BRDA:333,57,0,0
BRDA:333,57,1,0
BRDA:338,58,0,0
BRDA:338,58,1,0
BRDA:346,59,0,0
BRDA:346,59,1,0
BRDA:348,60,0,0
BRDA:348,60,1,0
BRDA:354,61,0,0
BRDA:354,61,1,0
BRDA:359,62,0,0
BRDA:359,62,1,0
BRDA:362,63,0,0
BRDA:362,63,1,0
BRDA:371,64,0,0
BRDA:371,64,1,0
BRDA:377,65,0,0
BRDA:377,65,1,0
BRDA:399,66,0,0
BRDA:399,66,1,0
BRDA:404,67,0,0
BRDA:404,67,1,0
BRDA:405,68,0,0
BRDA:405,68,1,0
BRDA:405,69,0,0
BRDA:405,69,1,0
BRDA:407,70,0,0
BRDA:407,70,1,0
BRDA:408,71,0,0
BRDA:408,71,1,0
BRDA:409,72,0,0
BRDA:409,72,1,0
BRDA:410,73,0,0
BRDA:410,73,1,0
BRDA:412,74,0,0
BRDA:412,74,1,0
BRDA:414,75,0,0
BRDA:414,75,1,0
BRDA:415,76,0,0
BRDA:415,76,1,0
BRDA:417,77,0,0
BRDA:417,77,1,0
BRDA:421,78,0,0
BRDA:421,78,1,0
BRDA:421,78,2,0
BRDA:422,79,0,0
BRDA:422,79,1,0
BRDA:428,80,0,0
BRDA:428,80,1,0
BRDA:428,81,0,0
BRDA:428,81,1,0
BRDA:428,81,2,0
BRDA:437,82,0,0
BRDA:437,82,1,0
BRDA:438,83,0,0
BRDA:438,83,1,0
BRDA:438,84,0,0
BRDA:438,84,1,0
BRDA:468,85,0,0
BRDA:468,85,1,0
BRDA:470,86,0,0
BRDA:470,86,1,0
BRDA:471,87,0,0
BRDA:471,87,1,0
BRDA:477,88,0,0
BRDA:477,88,1,0
BRDA:479,89,0,0
BRDA:479,89,1,0
BRDA:480,90,0,0
BRDA:480,90,1,0
BRDA:481,91,0,0
BRDA:481,91,1,0
BRDA:482,92,0,0
BRDA:482,92,1,0
BRDA:484,93,0,0
BRDA:484,93,1,0
BRDA:487,94,0,0
BRDA:487,94,1,0
BRDA:488,95,0,0
BRDA:488,95,1,0
BRDA:489,96,0,0
BRDA:489,96,1,0
BRDA:502,97,0,0
BRDA:502,97,1,0
BRDA:504,98,0,0
BRDA:504,98,1,0
BRDA:504,98,2,0
BRDA:505,99,0,0
BRDA:505,99,1,0
BRF:204
BRH:0
end_of_record
TN:
SF:src/app/api/admin/investor-agreements/route.ts
FN:6,GET
FN:20,POST
FNF:2
FNH:0
FNDA:0,GET
FNDA:0,POST
DA:1,0
DA:2,0
DA:3,0
DA:4,0
DA:6,0
DA:7,0
DA:8,0
DA:9,0
DA:10,0
DA:12,0
DA:13,0
DA:15,0
DA:16,0
DA:20,0
DA:21,0
DA:22,0
DA:23,0
DA:24,0
DA:26,0
DA:42,0
DA:59,0
DA:61,0
DA:62,0
LF:23
LH:0
BRDA:10,0,0,0
BRDA:10,0,1,0
BRDA:28,1,0,0
BRDA:28,1,1,0
BRDA:29,2,0,0
BRDA:29,2,1,0
BRDA:30,3,0,0
BRDA:30,3,1,0
BRDA:31,4,0,0
BRDA:31,4,1,0
BRDA:32,5,0,0
BRDA:32,5,1,0
BRDA:33,6,0,0
BRDA:33,6,1,0
BRDA:34,7,0,0
BRDA:34,7,1,0
BRDA:36,8,0,0
BRDA:36,8,1,0
BRDA:43,9,0,0
BRDA:43,9,1,0
BRDA:63,10,0,0
BRDA:63,10,1,0
BRF:22
BRH:0
end_of_record
TN:
SF:src/app/api/admin/investor-agreements/[id]/route.ts
FN:6,GET
FN:35,PATCH
FNF:2
FNH:0
FNDA:0,GET
FNDA:0,PATCH
DA:1,0
DA:2,0
DA:3,0
DA:4,0
DA:6,0
DA:10,0
DA:11,0
DA:12,0
DA:13,0
DA:14,0
DA:15,0
DA:18,0
DA:19,0
DA:30,0
DA:31,0
DA:35,0
DA:39,0
DA:40,0
DA:41,0
DA:42,0
DA:43,0
DA:45,0
DA:63,0
DA:79,0
DA:81,0
DA:82,0
LF:26
LH:0
BRDA:14,0,0,0
BRDA:14,0,1,0
BRDA:24,1,0,0
BRDA:24,1,1,0
BRDA:25,2,0,0
BRDA:25,2,1,0
BRDA:26,3,0,0
BRDA:26,3,1,0
BRDA:48,4,0,0
BRDA:48,4,1,0
BRDA:53,5,0,0
BRDA:53,5,1,0
BRDA:55,6,0,0
BRDA:55,6,1,0
BRDA:56,7,0,0
BRDA:56,7,1,0
BRDA:64,8,0,0
BRDA:64,8,1,0
BRDA:83,9,0,0
BRDA:83,9,1,0
BRF:20
BRH:0
end_of_record
TN:
SF:src/app/api/admin/investor-agreements/[id]/execute/route.ts
FN:6,POST
FNF:1
FNH:0
FNDA:0,POST
DA:1,0
DA:2,0
DA:3,0
DA:4,0
DA:6,0
DA:10,0
DA:11,0
DA:12,0
DA:13,0
DA:14,0
DA:15,0
DA:17,0
DA:18,0
DA:30,0
DA:36,0
DA:52,0
DA:54,0
DA:55,0
LF:18
LH:0
BRDA:17,0,0,0
BRDA:17,0,1,0
BRDA:23,1,0,0
BRDA:23,1,1,0
BRDA:31,2,0,0
BRDA:31,2,1,0
BRDA:37,3,0,0
BRDA:37,3,1,0
BRDA:56,4,0,0
BRDA:56,4,1,0
BRF:10
BRH:0
end_of_record
TN:
SF:src/app/api/admin/investor-agreements/[id]/generate/route.ts
FN:6,POST
FN:14,(anonymous_2)
FNF:2
FNH:0
FNDA:0,POST
FNDA:0,(anonymous_2)
DA:1,0
DA:2,0
DA:3,0
DA:4,0
DA:6,0
DA:10,0
DA:11,0
DA:12,0
DA:13,0
DA:14,0
DA:16,0
DA:32,0
DA:49,0
DA:51,0
DA:52,0
LF:15
LH:0
BRDA:19,0,0,0
BRDA:19,0,1,0
BRDA:24,1,0,0
BRDA:24,1,1,0
BRDA:33,2,0,0
BRDA:33,2,1,0
BRDA:53,3,0,0
BRDA:53,3,1,0
BRF:8
BRH:0
end_of_record
TN:
SF:src/app/api/admin/investor-agreements/[id]/issue/route.ts
FN:6,POST
FNF:1
FNH:0
FNDA:0,POST
DA:1,0
DA:2,0
DA:3,0
DA:4,0
DA:6,0
DA:10,0
DA:11,0
DA:12,0
DA:13,0
DA:14,0
DA:20,0
DA:36,0
DA:38,0
DA:39,0
LF:14
LH:0
BRDA:15,0,0,0
BRDA:15,0,1,0
BRDA:21,1,0,0
BRDA:21,1,1,0
BRDA:40,2,0,0
BRDA:40,2,1,0
BRF:6
BRH:0
end_of_record
TN:
SF:src/app/api/admin/investor-agreements/[id]/send/route.ts
FN:6,POST
FNF:1
FNH:0
FNDA:0,POST
DA:1,0
DA:2,0
DA:3,0
DA:4,0
DA:6,0
DA:10,0
DA:11,0
DA:12,0
DA:13,0
DA:14,0
DA:20,0
DA:36,0
DA:38,0
DA:39,0
LF:14
LH:0
BRDA:15,0,0,0
BRDA:15,0,1,0
BRDA:21,1,0,0
BRDA:21,1,1,0
BRDA:40,2,0,0
BRDA:40,2,1,0
BRF:6
BRH:0
end_of_record
TN:
SF:src/app/api/admin/investor-agreements/[id]/upload-signed/route.ts
FN:6,POST
FNF:1
FNH:0
FNDA:0,POST
DA:1,0
DA:2,0
DA:3,0
DA:4,0
DA:6,0
DA:10,0
DA:11,0
DA:12,0
DA:13,0
DA:14,0
DA:15,0
DA:17,0
DA:18,0
DA:21,0
DA:32,0
DA:48,0
DA:50,0
DA:51,0
LF:18
LH:0
BRDA:17,0,0,0
BRDA:17,0,1,0
BRDA:26,1,0,0
BRDA:26,1,1,0
BRDA:33,2,0,0
BRDA:33,2,1,0
BRDA:52,3,0,0
BRDA:52,3,1,0
BRF:8
BRH:0
end_of_record
TN:
SF:src/app/api/admin/investor-agreements/[id]/void/route.ts
FN:6,POST
FN:14,(anonymous_2)
FNF:2
FNH:0
FNDA:0,POST
FNDA:0,(anonymous_2)
DA:1,0
DA:2,0
DA:3,0
DA:4,0
DA:6,0
DA:10,0
DA:11,0
DA:12,0
DA:13,0
DA:14,0
DA:16,0
DA:26,0
DA:41,0
DA:43,0
DA:44,0
LF:15
LH:0
BRDA:19,0,0,0
BRDA:19,0,1,0
BRDA:23,1,0,0
BRDA:23,1,1,0
BRDA:27,2,0,0
BRDA:27,2,1,0
BRDA:45,3,0,0
BRDA:45,3,1,0
BRF:8
BRH:0
end_of_record
TN:
SF:src/app/api/admin/investors/route.ts
FN:5,inviteInvestorToClerk
FN:30,(anonymous_4)
FN:35,(anonymous_5)
FN:55,GET
FN:114,POST
FNF:5
FNH:0
FNDA:0,inviteInvestorToClerk
FNDA:0,(anonymous_4)
FNDA:0,(anonymous_5)
FNDA:0,GET
FNDA:0,POST
DA:1,0
DA:2,0
DA:3,0
DA:6,0
DA:7,0
DA:8,0
DA:9,0
DA:12,0
DA:13,0
DA:28,0
DA:29,0
DA:30,0
DA:31,0
DA:32,0
DA:33,0
DA:34,0
DA:35,0
DA:37,0
DA:41,0
DA:42,0
DA:46,0
DA:50,0
DA:55,0
DA:56,0
DA:58,0
DA:60,0
DA:61,0
DA:62,0
DA:63,0
DA:64,0
DA:66,0
DA:68,0
DA:74,0
DA:75,0
DA:78,0
DA:79,0
DA:83,0
DA:85,0
DA:87,0
DA:88,0
DA:89,0
DA:95,0
DA:106,0
DA:107,0
DA:114,0
DA:115,0
DA:117,0
DA:118,0
DA:120,0
DA:121,0
DA:124,0
DA:125,0
DA:132,0
DA:133,0
DA:134,0
DA:141,0
DA:142,0
DA:143,0
DA:149,0
DA:165,0
DA:166,0
DA:167,0
DA:172,0
DA:173,0
DA:179,0
DA:181,0
DA:187,0
DA:188,0
LF:68
LH:0
BRDA:6,0,0,0
BRDA:6,0,1,0
BRDA:7,1,0,0
BRDA:7,1,1,0
BRDA:28,2,0,0
BRDA:28,2,1,0
BRDA:31,3,0,0
BRDA:31,3,1,0
BRDA:32,4,0,0
BRDA:32,4,1,0
BRDA:35,5,0,0
BRDA:35,5,1,0
BRDA:41,6,0,0
BRDA:41,6,1,0
BRDA:61,7,0,0
BRDA:61,7,1,0
BRDA:62,8,0,0
BRDA:62,8,1,0
BRDA:63,9,0,0
BRDA:63,9,1,0
BRDA:64,10,0,0
BRDA:64,10,1,0
BRDA:74,11,0,0
BRDA:74,11,1,0
BRDA:78,12,0,0
BRDA:78,12,1,0
BRDA:87,13,0,0
BRDA:87,13,1,0
BRDA:100,14,0,0
BRDA:100,14,1,0
BRDA:101,15,0,0
BRDA:101,15,1,0
BRDA:124,16,0,0
BRDA:124,16,1,0
BRDA:124,17,0,0
BRDA:124,17,1,0
BRDA:124,17,2,0
BRDA:133,18,0,0
BRDA:133,18,1,0
BRDA:142,19,0,0
BRDA:142,19,1,0
BRDA:165,20,0,0
BRDA:165,20,1,0
BRDA:166,21,0,0
BRDA:166,21,1,0
BRF:45
BRH:0
end_of_record
TN:
SF:src/app/api/admin/investors/[id]/route.ts
FN:10,deleteInvestorFromClerk
FN:39,(anonymous_5)
FN:59,GET
FN:98,PUT
FN:199,DELETE
FNF:5
FNH:0
FNDA:0,deleteInvestorFromClerk
FNDA:0,(anonymous_5)
FNDA:0,GET
FNDA:0,PUT
FNDA:0,DELETE
DA:1,0
DA:2,0
DA:3,0
DA:5,0
DA:11,0
DA:12,0
DA:13,0
DA:14,0
DA:17,0
DA:18,0
DA:27,0
DA:28,0
DA:29,0
DA:30,0
DA:33,0
DA:34,0
DA:35,0
DA:38,0
DA:40,0
DA:41,0
DA:48,0
DA:49,0
DA:50,0
DA:55,0
DA:59,0
DA:63,0
DA:64,0
DA:65,0
DA:67,0
DA:73,0
DA:74,0
DA:75,0
DA:80,0
DA:81,0
DA:87,0
DA:90,0
DA:91,0
DA:98,0
DA:102,0
DA:103,0
DA:104,0
DA:105,0
DA:107,0
DA:108,0
DA:111,0
DA:112,0
DA:119,0
DA:120,0
DA:121,0
DA:128,0
DA:129,0
DA:130,0
DA:137,0
DA:138,0
DA:139,0
DA:145,0
DA:154,0
DA:155,0
DA:158,0
DA:165,0
DA:166,0
DA:167,0
DA:172,0
DA:173,0
DA:178,0
DA:179,0
DA:185,0
DA:191,0
DA:192,0
DA:199,0
DA:203,0
DA:204,0
DA:205,0
DA:207,0
DA:213,0
DA:214,0
DA:220,0
DA:225,0
DA:226,0
DA:227,0
DA:233,0
DA:235,0
DA:240,0
DA:241,0
LF:84
LH:0
BRDA:11,0,0,0
BRDA:11,0,1,0
BRDA:12,1,0,0
BRDA:12,1,1,0
BRDA:27,2,0,0
BRDA:27,2,1,0
BRDA:34,3,0,0
BRDA:34,3,1,0
BRDA:34,4,0,0
BRDA:34,4,1,0
BRDA:40,5,0,0
BRDA:40,5,1,0
BRDA:48,6,0,0
BRDA:48,6,1,0
BRDA:48,7,0,0
BRDA:48,7,1,0
BRDA:73,8,0,0
BRDA:73,8,1,0
BRDA:74,9,0,0
BRDA:74,9,1,0
BRDA:111,10,0,0
BRDA:111,10,1,0
BRDA:111,11,0,0
BRDA:111,11,1,0
BRDA:111,11,2,0
BRDA:120,12,0,0
BRDA:120,12,1,0
BRDA:129,13,0,0
BRDA:129,13,1,0
BRDA:138,14,0,0
BRDA:138,14,1,0
BRDA:138,15,0,0
BRDA:138,15,1,0
BRDA:154,16,0,0
BRDA:154,16,1,0
BRDA:165,17,0,0
BRDA:165,17,1,0
BRDA:166,18,0,0
BRDA:166,18,1,0
BRDA:172,19,0,0
BRDA:172,19,1,0
BRDA:213,20,0,0
BRDA:213,20,1,0
BRDA:213,21,0,0
BRDA:213,21,1,0
BRDA:225,22,0,0
BRDA:225,22,1,0
BRF:47
BRH:0
end_of_record
TN:
SF:src/app/api/admin/invoices/backfill/route.ts
FN:5,supabaseAdmin
FN:23,authorizeBackfill
FN:34,POST
FN:65,(anonymous_6)
FN:75,(anonymous_7)
FN:77,(anonymous_8)
FN:79,(anonymous_9)
FN:80,(anonymous_10)
FN:128,(anonymous_11)
FN:129,(anonymous_12)
FN:155,GET
FN:175,(anonymous_14)
FN:186,(anonymous_15)
FN:188,(anonymous_16)
FN:189,(anonymous_17)
FNF:15
FNH:0
FNDA:0,supabaseAdmin
FNDA:0,authorizeBackfill
FNDA:0,POST
FNDA:0,(anonymous_6)
FNDA:0,(anonymous_7)
FNDA:0,(anonymous_8)
FNDA:0,(anonymous_9)
FNDA:0,(anonymous_10)
FNDA:0,(anonymous_11)
FNDA:0,(anonymous_12)
FNDA:0,GET
FNDA:0,(anonymous_14)
FNDA:0,(anonymous_15)
FNDA:0,(anonymous_16)
FNDA:0,(anonymous_17)
DA:1,0
DA:2,0
DA:3,0
DA:6,0
DA:24,0
DA:25,0
DA:27,0
DA:28,0
DA:31,0
DA:34,0
DA:35,0
DA:36,0
DA:38,0
DA:39,0
DA:40,0
DA:41,0
DA:43,0
DA:50,0
DA:51,0
DA:54,0
DA:55,0
DA:56,0
DA:65,0
DA:66,0
DA:71,0
DA:72,0
DA:75,0
DA:76,0
DA:77,0
DA:79,0
DA:80,0
DA:82,0
DA:83,0
DA:92,0
DA:93,0
DA:94,0
DA:96,0
DA:97,0
DA:98,0
DA:109,0
DA:110,0
DA:111,0
DA:113,0
DA:120,0
DA:128,0
DA:129,0
DA:131,0
DA:142,0
DA:143,0
DA:144,0
DA:146,0
DA:147,0
DA:150,0
DA:151,0
DA:155,0
DA:156,0
DA:157,0
DA:159,0
DA:160,0
DA:161,0
DA:163,0
DA:170,0
DA:171,0
DA:174,0
DA:175,0
DA:177,0
DA:182,0
DA:183,0
DA:186,0
DA:187,0
DA:188,0
DA:189,0
DA:191,0
DA:198,0
DA:199,0
DA:200,0
DA:202,0
DA:203,0
DA:206,0
DA:207,0
LF:80
LH:0
BRDA:25,0,0,0
BRDA:25,0,1,0
BRDA:27,1,0,0
BRDA:27,1,1,0
BRDA:27,2,0,0
BRDA:27,2,1,0
BRDA:40,3,0,0
BRDA:40,3,1,0
BRDA:50,4,0,0
BRDA:50,4,1,0
BRDA:54,5,0,0
BRDA:54,5,1,0
BRDA:55,6,0,0
BRDA:55,6,1,0
BRDA:71,7,0,0
BRDA:71,7,1,0
BRDA:75,8,0,0
BRDA:75,8,1,0
BRDA:76,9,0,0
BRDA:76,9,1,0
BRDA:79,10,0,0
BRDA:79,10,1,0
BRDA:79,10,2,0
BRDA:82,11,0,0
BRDA:82,11,1,0
BRDA:92,12,0,0
BRDA:92,12,1,0
BRDA:102,13,0,0
BRDA:102,13,1,0
BRDA:110,14,0,0
BRDA:110,14,1,0
BRDA:110,15,0,0
BRDA:110,15,1,0
BRDA:116,16,0,0
BRDA:116,16,1,0
BRDA:123,17,0,0
BRDA:123,17,1,0
BRDA:133,18,0,0
BRDA:133,18,1,0
BRDA:142,19,0,0
BRDA:142,19,1,0
BRDA:143,20,0,0
BRDA:143,20,1,0
BRDA:146,21,0,0
BRDA:146,21,1,0
BRDA:161,22,0,0
BRDA:161,22,1,0
BRDA:170,23,0,0
BRDA:170,23,1,0
BRDA:174,24,0,0
BRDA:174,24,1,0
BRDA:180,25,0,0
BRDA:180,25,1,0
BRDA:182,26,0,0
BRDA:182,26,1,0
BRDA:186,27,0,0
BRDA:186,27,1,0
BRDA:188,28,0,0
BRDA:188,28,1,0
BRDA:188,28,2,0
BRDA:198,29,0,0
BRDA:198,29,1,0
BRDA:199,30,0,0
BRDA:199,30,1,0
BRDA:202,31,0,0
BRDA:202,31,1,0
BRF:66
BRH:0
end_of_record
TN:
SF:src/app/api/admin/material-requests/route.ts
FN:6,GET
FN:65,(anonymous_4)
FN:68,(anonymous_5)
FN:97,PUT
FNF:4
FNH:0
FNDA:0,GET
FNDA:0,(anonymous_4)
FNDA:0,(anonymous_5)
FNDA:0,PUT
DA:1,0
DA:2,0
DA:3,0
DA:6,0
DA:7,0
DA:8,0
DA:9,0
DA:10,0
DA:16,0
DA:17,0
DA:18,0
DA:19,0
DA:20,0
DA:22,0
DA:27,0
DA:40,0
DA:41,0
DA:43,0
DA:44,0
DA:46,0
DA:47,0
DA:50,0
DA:52,0
DA:53,0
DA:54,0
DA:61,0
DA:66,0
DA:68,0
DA:69,0
DA:70,0
DA:71,0
DA:74,0
DA:77,0
DA:85,0
DA:86,0
DA:97,0
DA:98,0
DA:99,0
DA:100,0
DA:101,0
DA:104,0
DA:111,0
DA:113,0
DA:114,0
DA:119,0
DA:120,0
DA:125,0
DA:131,0
DA:137,0
DA:138,0
DA:141,0
DA:142,0
DA:148,0
DA:153,0
DA:155,0
DA:157,0
DA:158,0
DA:159,0
DA:162,0
DA:163,0
DA:164,0
DA:165,0
DA:169,0
DA:171,0
DA:172,0
DA:176,0
DA:183,0
DA:184,0
DA:190,0
DA:192,0
DA:199,0
DA:200,0
LF:72
LH:0
BRDA:9,0,0,0
BRDA:9,0,1,0
BRDA:20,1,0,0
BRDA:20,1,1,0
BRDA:40,2,0,0
BRDA:40,2,1,0
BRDA:43,3,0,0
BRDA:43,3,1,0
BRDA:46,4,0,0
BRDA:46,4,1,0
BRDA:52,5,0,0
BRDA:52,5,1,0
BRDA:56,6,0,0
BRDA:56,6,1,0
BRDA:66,7,0,0
BRDA:66,7,1,0
BRDA:69,8,0,0
BRDA:69,8,1,0
BRDA:70,9,0,0
BRDA:70,9,1,0
BRDA:80,10,0,0
BRDA:80,10,1,0
BRDA:81,11,0,0
BRDA:81,11,1,0
BRDA:89,12,0,0
BRDA:89,12,1,0
BRDA:100,13,0,0
BRDA:100,13,1,0
BRDA:110,14,0,0
BRDA:113,15,0,0
BRDA:113,15,1,0
BRDA:113,16,0,0
BRDA:113,16,1,0
BRDA:119,17,0,0
BRDA:119,17,1,0
BRDA:137,18,0,0
BRDA:137,18,1,0
BRDA:137,19,0,0
BRDA:137,19,1,0
BRDA:141,20,0,0
BRDA:141,20,1,0
BRDA:155,21,0,0
BRDA:155,21,1,0
BRDA:155,21,2,0
BRDA:183,22,0,0
BRDA:183,22,1,0
BRDA:203,23,0,0
BRDA:203,23,1,0
BRF:48
BRH:0
end_of_record
TN:
SF:src/app/api/admin/projects/route.ts
FN:10,GET
FNF:1
FNH:0
FNDA:0,GET
DA:1,0
DA:2,0
DA:3,0
DA:5,0
DA:10,0
DA:11,0
DA:12,0
DA:14,0
DA:15,0
DA:17,0
DA:22,0
DA:23,0
DA:26,0
DA:28,0
DA:29,0
DA:30,0
DA:36,0
DA:41,0
DA:42,0
LF:19
LH:0
BRDA:15,0,0,0
BRDA:15,0,1,0
BRDA:22,1,0,0
BRDA:22,1,1,0
BRDA:28,2,0,0
BRDA:28,2,1,0
BRDA:37,3,0,0
BRDA:37,3,1,0
BRF:8
BRH:0
end_of_record
TN:
SF:src/app/api/admin/purchase-invoices/[path]/route.ts
FN:6,GET
FNF:1
FNH:0
FNDA:0,GET
DA:1,0
DA:2,0
DA:3,0
DA:6,0
DA:10,0
DA:12,0
DA:13,0
DA:14,0
DA:21,0
DA:22,0
DA:24,0
DA:25,0
DA:32,0
DA:34,0
DA:35,0
DA:42,0
DA:51,0
DA:52,0
LF:18
LH:0
BRDA:13,0,0,0
BRDA:13,0,1,0
BRDA:24,1,0,0
BRDA:24,1,1,0
BRDA:34,2,0,0
BRDA:34,2,1,0
BRF:6
BRH:0
end_of_record
TN:
SF:src/app/api/admin/purchase-orders/[id]/route.ts
FN:57,supabaseAdmin
FN:74,POST
FN:218,(anonymous_3)
FN:260,(anonymous_4)
FN:261,(anonymous_5)
FNF:5
FNH:0
FNDA:0,supabaseAdmin
FNDA:0,POST
FNDA:0,(anonymous_3)
FNDA:0,(anonymous_4)
FNDA:0,(anonymous_5)
DA:1,0
DA:2,0
DA:3,0
DA:4,0
DA:8,0
DA:58,0
DA:74,0
DA:75,0
DA:77,0
DA:78,0
DA:79,0
DA:80,0
DA:83,0
DA:85,0
DA:86,0
DA:87,0
DA:90,0
DA:93,0
DA:99,0
DA:100,0
DA:101,0
DA:107,0
DA:110,0
DA:154,0
DA:155,0
DA:162,0
DA:168,0
DA:171,0
DA:177,0
DA:183,0
DA:184,0
DA:185,0
DA:192,0
DA:193,0
DA:194,0
DA:201,0
DA:202,0
DA:209,0
DA:210,0
DA:211,0
DA:218,0
DA:219,0
DA:228,0
DA:229,0
DA:230,0
DA:231,0
DA:232,0
DA:234,0
DA:238,0
DA:240,0
DA:241,0
DA:242,0
DA:243,0
DA:244,0
DA:246,0
DA:260,0
DA:261,0
DA:262,0
DA:265,0
DA:266,0
DA:267,0
DA:270,0
DA:290,0
DA:293,0
DA:295,0
DA:303,0
DA:304,0
LF:67
LH:0
BRDA:79,0,0,0
BRDA:79,0,1,0
BRDA:86,1,0,0
BRDA:86,1,1,0
BRDA:99,2,0,0
BRDA:99,2,1,0
BRDA:99,3,0,0
BRDA:99,3,1,0
BRDA:103,4,0,0
BRDA:103,4,1,0
BRDA:154,5,0,0
BRDA:154,5,1,0
BRDA:154,6,0,0
BRDA:154,6,1,0
BRDA:164,7,0,0
BRDA:164,7,1,0
BRDA:179,8,0,0
BRDA:179,8,1,0
BRDA:184,9,0,0
BRDA:184,9,1,0
BRDA:193,10,0,0
BRDA:193,10,1,0
BRDA:193,11,0,0
BRDA:193,11,1,0
BRDA:201,12,0,0
BRDA:201,12,1,0
BRDA:201,13,0,0
BRDA:201,13,1,0
BRDA:209,14,0,0
BRDA:209,14,1,0
BRDA:210,15,0,0
BRDA:210,15,1,0
BRDA:229,16,0,0
BRDA:229,16,1,0
BRDA:230,17,0,0
BRDA:230,17,1,0
BRDA:232,18,0,0
BRDA:232,18,1,0
BRDA:240,19,0,0
BRDA:240,19,1,0
BRDA:240,19,2,0
BRDA:240,19,3,0
BRDA:241,20,0,0
BRDA:241,20,1,0
BRDA:242,21,0,0
BRDA:242,21,1,0
BRDA:247,22,0,0
BRDA:247,22,1,0
BRDA:248,23,0,0
BRDA:248,23,1,0
BRDA:248,23,2,0
BRDA:249,24,0,0
BRDA:249,24,1,0
BRDA:250,25,0,0
BRDA:250,25,1,0
BRDA:250,25,2,0
BRDA:266,26,0,0
BRDA:266,26,1,0
BRDA:275,27,0,0
BRDA:275,27,1,0
BRDA:276,28,0,0
BRDA:276,28,1,0
BRDA:277,29,0,0
BRDA:277,29,1,0
BRDA:278,30,0,0
BRDA:278,30,1,0
BRDA:279,31,0,0
BRDA:279,31,1,0
BRDA:280,32,0,0
BRDA:280,32,1,0
BRDA:281,33,0,0
BRDA:281,33,1,0
BRDA:282,34,0,0
BRDA:282,34,1,0
BRDA:287,35,0,0
BRDA:287,35,1,0
BRDA:305,36,0,0
BRDA:305,36,1,0
BRF:78
BRH:0
end_of_record
TN:
SF:src/app/api/admin/purchase-requests/route.ts
FN:62,(anonymous_3)
FN:79,fetchPurchaseSummary
FN:90,(anonymous_5)
FN:101,fetchPurchaseRequests
FN:159,(anonymous_7)
FN:239,(anonymous_8)
FN:248,(anonymous_9)
FN:256,(anonymous_10)
FN:259,(anonymous_11)
FN:271,(anonymous_12)
FN:284,(anonymous_13)
FN:285,(anonymous_14)
FN:305,(anonymous_15)
FN:306,(anonymous_16)
FN:372,(anonymous_17)
FN:393,(anonymous_18)
FN:435,GET
FN:472,PUT
FN:623,(anonymous_21)
FNF:19
FNH:0
FNDA:0,(anonymous_3)
FNDA:0,fetchPurchaseSummary
FNDA:0,(anonymous_5)
FNDA:0,fetchPurchaseRequests
FNDA:0,(anonymous_7)
FNDA:0,(anonymous_8)
FNDA:0,(anonymous_9)
FNDA:0,(anonymous_10)
FNDA:0,(anonymous_11)
FNDA:0,(anonymous_12)
FNDA:0,(anonymous_13)
FNDA:0,(anonymous_14)
FNDA:0,(anonymous_15)
FNDA:0,(anonymous_16)
FNDA:0,(anonymous_17)
FNDA:0,(anonymous_18)
FNDA:0,GET
FNDA:0,PUT
FNDA:0,(anonymous_21)
DA:1,0
DA:2,0
DA:3,0
DA:4,0
DA:5,0
DA:6,0
DA:7,0
DA:8,0
DA:9,0
DA:62,0
DA:80,0
DA:81,0
DA:85,0
DA:86,0
DA:87,0
DA:90,0
DA:91,0
DA:92,0
DA:93,0
DA:94,0
DA:98,0
DA:102,0
DA:103,0
DA:105,0
DA:144,0
DA:145,0
DA:147,0
DA:148,0
DA:150,0
DA:153,0
DA:155,0
DA:156,0
DA:159,0
DA:160,0
DA:162,0
DA:163,0
DA:164,0
DA:166,0
DA:199,0
DA:200,0
DA:202,0
DA:203,0
DA:231,0
DA:232,0
DA:235,0
DA:236,0
DA:239,0
DA:240,0
DA:241,0
DA:242,0
DA:247,0
DA:248,0
DA:250,0
DA:251,0
DA:252,0
DA:256,0
DA:259,0
DA:260,0
DA:262,0
DA:263,0
DA:268,0
DA:269,0
DA:271,0
DA:272,0
DA:282,0
DA:284,0
DA:285,0
DA:305,0
DA:306,0
DA:307,0
DA:308,0
DA:309,0
DA:310,0
DA:311,0
DA:312,0
DA:315,0
DA:316,0
DA:317,0
DA:323,0
DA:358,0
DA:359,0
DA:360,0
DA:361,0
DA:362,0
DA:369,0
DA:370,0
DA:372,0
DA:373,0
DA:374,0
DA:375,0
DA:376,0
DA:377,0
DA:378,0
DA:379,0
DA:380,0
DA:381,0
DA:385,0
DA:386,0
DA:387,0
DA:393,0
DA:394,0
DA:395,0
DA:396,0
DA:397,0
DA:398,0
DA:399,0
DA:400,0
DA:401,0
DA:402,0
DA:403,0
DA:406,0
DA:407,0
DA:408,0
DA:409,0
DA:410,0
DA:411,0
DA:413,0
DA:429,0
DA:435,0
DA:437,0
DA:438,0
DA:440,0
DA:441,0
DA:442,0
DA:443,0
DA:444,0
DA:446,0
DA:451,0
DA:464,0
DA:465,0
DA:472,0
DA:474,0
DA:475,0
DA:477,0
DA:479,0
DA:480,0
DA:481,0
DA:482,0
DA:483,0
DA:485,0
DA:488,0
DA:489,0
DA:490,0
DA:500,0
DA:502,0
DA:508,0
DA:509,0
DA:516,0
DA:517,0
DA:518,0
DA:521,0
DA:522,0
DA:523,0
DA:529,0
DA:530,0
DA:535,0
DA:540,0
DA:541,0
DA:542,0
DA:546,0
DA:552,0
DA:564,0
DA:565,0
DA:569,0
DA:575,0
DA:576,0
DA:582,0
DA:583,0
DA:588,0
DA:590,0
DA:592,0
DA:593,0
DA:594,0
DA:595,0
DA:597,0
DA:598,0
DA:599,0
DA:600,0
DA:601,0
DA:603,0
DA:604,0
DA:605,0
DA:608,0
DA:613,0
DA:614,0
DA:615,0
DA:621,0
DA:622,0
DA:624,0
DA:629,0
DA:630,0
DA:632,0
DA:635,0
DA:643,0
DA:648,0
DA:649,0
DA:650,0
DA:656,0
DA:657,0
DA:659,0
DA:660,0
DA:661,0
DA:662,0
DA:665,0
DA:667,0
DA:673,0
DA:692,0
DA:693,0
DA:694,0
DA:705,0
DA:709,0
DA:715,0
DA:716,0
LF:213
LH:0
BRDA:85,0,0,0
BRDA:85,0,1,0
BRDA:91,1,0,0
BRDA:91,1,1,0
BRDA:93,2,0,0
BRDA:93,2,1,0
BRDA:101,3,0,0
BRDA:102,4,0,0
BRDA:102,4,1,0
BRDA:103,5,0,0
BRDA:103,5,1,0
BRDA:144,6,0,0
BRDA:144,6,1,0
BRDA:144,7,0,0
BRDA:144,7,1,0
BRDA:147,8,0,0
BRDA:147,8,1,0
BRDA:147,9,0,0
BRDA:147,9,1,0
BRDA:155,10,0,0
BRDA:155,10,1,0
BRDA:159,11,0,0
BRDA:159,11,1,0
BRDA:162,12,0,0
BRDA:162,12,1,0
BRDA:199,13,0,0
BRDA:199,13,1,0
BRDA:202,14,0,0
BRDA:202,14,1,0
BRDA:202,15,0,0
BRDA:202,15,1,0
BRDA:202,16,0,0
BRDA:202,16,1,0
BRDA:231,17,0,0
BRDA:231,17,1,0
BRDA:235,18,0,0
BRDA:235,18,1,0
BRDA:240,19,0,0
BRDA:240,19,1,0
BRDA:248,20,0,0
BRDA:248,20,1,0
BRDA:251,21,0,0
BRDA:251,21,1,0
BRDA:259,22,0,0
BRDA:259,22,1,0
BRDA:262,23,0,0
BRDA:262,23,1,0
BRDA:268,24,0,0
BRDA:268,24,1,0
BRDA:274,25,0,0
BRDA:274,25,1,0
BRDA:275,26,0,0
BRDA:275,26,1,0
BRDA:276,27,0,0
BRDA:276,27,1,0
BRDA:282,28,0,0
BRDA:282,28,1,0
BRDA:284,29,0,0
BRDA:284,29,1,0
BRDA:285,30,0,0
BRDA:285,30,1,0
BRDA:288,31,0,0
BRDA:288,31,1,0
BRDA:288,31,2,0
BRDA:289,32,0,0
BRDA:289,32,1,0
BRDA:290,33,0,0
BRDA:290,33,1,0
BRDA:290,33,2,0
BRDA:291,34,0,0
BRDA:291,34,1,0
BRDA:292,35,0,0
BRDA:292,35,1,0
BRDA:293,36,0,0
BRDA:293,36,1,0
BRDA:294,37,0,0
BRDA:294,37,1,0
BRDA:300,38,0,0
BRDA:300,38,1,0
BRDA:301,39,0,0
BRDA:301,39,1,0
BRDA:301,39,2,0
BRDA:302,40,0,0
BRDA:302,40,1,0
BRDA:305,41,0,0
BRDA:305,41,1,0
BRDA:307,42,0,0
BRDA:307,42,1,0
BRDA:307,43,0,0
BRDA:307,43,1,0
BRDA:308,44,0,0
BRDA:308,44,1,0
BRDA:309,45,0,0
BRDA:309,45,1,0
BRDA:315,46,0,0
BRDA:315,46,1,0
BRDA:327,47,0,0
BRDA:327,47,1,0
BRDA:336,48,0,0
BRDA:336,48,1,0
BRDA:337,49,0,0
BRDA:337,49,1,0
BRDA:338,50,0,0
BRDA:338,50,1,0
BRDA:339,51,0,0
BRDA:339,51,1,0
BRDA:340,52,0,0
BRDA:340,52,1,0
BRDA:341,53,0,0
BRDA:341,53,1,0
BRDA:342,54,0,0
BRDA:342,54,1,0
BRDA:343,55,0,0
BRDA:343,55,1,0
BRDA:344,56,0,0
BRDA:344,56,1,0
BRDA:345,57,0,0
BRDA:345,57,1,0
BRDA:346,58,0,0
BRDA:346,58,1,0
BRDA:347,59,0,0
BRDA:347,59,1,0
BRDA:348,60,0,0
BRDA:348,60,1,0
BRDA:348,60,2,0
BRDA:350,61,0,0
BRDA:350,61,1,0
BRDA:361,62,0,0
BRDA:361,62,1,0
BRDA:369,63,0,0
BRDA:369,63,1,0
BRDA:373,64,0,0
BRDA:373,64,1,0
BRDA:374,65,0,0
BRDA:374,65,1,0
BRDA:375,66,0,0
BRDA:375,66,1,0
BRDA:376,67,0,0
BRDA:376,67,1,0
BRDA:378,68,0,0
BRDA:378,68,1,0
BRDA:380,69,0,0
BRDA:380,69,1,0
BRDA:380,70,0,0
BRDA:380,70,1,0
BRDA:385,71,0,0
BRDA:385,71,1,0
BRDA:386,72,0,0
BRDA:386,72,1,0
BRDA:394,73,0,0
BRDA:394,73,1,0
BRDA:395,74,0,0
BRDA:395,74,1,0
BRDA:396,75,0,0
BRDA:396,75,1,0
BRDA:398,76,0,0
BRDA:398,76,1,0
BRDA:399,77,0,0
BRDA:399,77,1,0
BRDA:400,78,0,0
BRDA:400,78,1,0
BRDA:401,79,0,0
BRDA:401,79,1,0
BRDA:403,80,0,0
BRDA:403,80,1,0
BRDA:431,81,0,0
BRDA:431,81,1,0
BRDA:438,82,0,0
BRDA:438,82,1,0
BRDA:442,83,0,0
BRDA:442,83,1,0
BRDA:443,84,0,0
BRDA:443,84,1,0
BRDA:444,85,0,0
BRDA:444,85,1,0
BRDA:475,86,0,0
BRDA:475,86,1,0
BRDA:480,87,0,0
BRDA:480,87,1,0
BRDA:482,88,0,0
BRDA:482,88,1,0
BRDA:482,89,0,0
BRDA:482,89,1,0
BRDA:483,90,0,0
BRDA:483,90,1,0
BRDA:483,90,2,0
BRDA:489,91,0,0
BRDA:489,91,1,0
BRDA:490,92,0,0
BRDA:490,92,1,0
BRDA:508,93,0,0
BRDA:508,93,1,0
BRDA:508,94,0,0
BRDA:508,94,1,0
BRDA:516,95,0,0
BRDA:516,95,1,0
BRDA:517,96,0,0
BRDA:517,96,1,0
BRDA:522,97,0,0
BRDA:522,97,1,0
BRDA:529,98,0,0
BRDA:529,98,1,0
BRDA:529,99,0,0
BRDA:529,99,1,0
BRDA:540,100,0,0
BRDA:540,100,1,0
BRDA:560,101,0,0
BRDA:560,101,1,0
BRDA:565,102,0,0
BRDA:565,102,1,0
BRDA:575,103,0,0
BRDA:575,103,1,0
BRDA:575,104,0,0
BRDA:575,104,1,0
BRDA:575,104,2,0
BRDA:585,105,0,0
BRDA:585,105,1,0
BRDA:590,106,0,0
BRDA:590,106,1,0
BRDA:590,106,2,0
BRDA:599,107,0,0
BRDA:599,107,1,0
BRDA:613,108,0,0
BRDA:613,108,1,0
BRDA:621,109,0,0
BRDA:621,109,1,0
BRDA:621,110,0,0
BRDA:621,110,1,0
BRDA:629,111,0,0
BRDA:629,111,1,0
BRDA:648,112,0,0
BRDA:648,112,1,0
BRDA:657,113,0,0
BRDA:657,113,1,0
BRDA:660,114,0,0
BRDA:660,114,1,0
BRDA:661,115,0,0
BRDA:661,115,1,0
BRDA:662,116,0,0
BRDA:662,116,1,0
BRDA:665,117,0,0
BRDA:665,117,1,0
BRDA:667,118,0,0
BRDA:667,118,1,0
BRDA:669,119,0,0
BRDA:669,119,1,0
BRDA:682,120,0,0
BRDA:682,120,1,0
BRDA:692,121,0,0
BRDA:692,121,1,0
BRDA:692,122,0,0
BRDA:692,122,1,0
BRDA:697,123,0,0
BRDA:697,123,1,0
BRDA:698,124,0,0
BRDA:698,124,1,0
BRF:256
BRH:0
end_of_record
TN:
SF:src/app/api/admin/takeoff-drawing/route.ts
FN:5,GET
FNF:1
FNH:0
FNDA:0,GET
DA:1,0
DA:2,0
DA:5,0
DA:6,0
DA:7,0
DA:8,0
DA:10,0
DA:11,0
DA:18,0
DA:24,0
DA:25,0
DA:31,0
DA:32,0
DA:41,0
DA:43,0
DA:44,0
DA:45,0
DA:46,0
DA:48,0
DA:49,0
DA:52,0
DA:55,0
DA:56,0
DA:63,0
DA:67,0
DA:68,0
DA:69,0
DA:75,0
DA:84,0
DA:85,0
LF:30
LH:0
BRDA:10,0,0,0
BRDA:10,0,1,0
BRDA:24,1,0,0
BRDA:24,1,1,0
BRDA:24,2,0,0
BRDA:24,2,1,0
BRDA:31,3,0,0
BRDA:31,3,1,0
BRDA:43,4,0,0
BRDA:43,4,1,0
BRDA:46,5,0,0
BRDA:46,5,1,0
BRDA:67,6,0,0
BRDA:67,6,1,0
BRF:14
BRH:0
end_of_record
TN:
SF:src/app/api/admin/takeoff-verification/route.ts
FN:5,GET
FN:49,(anonymous_5)
FN:77,PUT
FN:156,POST
FNF:4
FNH:0
FNDA:0,GET
FNDA:0,(anonymous_5)
FNDA:0,PUT
FNDA:0,POST
DA:1,0
DA:2,0
DA:5,0
DA:6,0
DA:7,0
DA:8,0
DA:9,0
DA:10,0
DA:13,0
DA:27,0
DA:28,0
DA:29,0
DA:36,0
DA:41,0
DA:48,0
DA:49,0
DA:50,0
DA:51,0
DA:55,0
DA:68,0
DA:69,0
DA:77,0
DA:78,0
DA:79,0
DA:87,0
DA:89,0
DA:90,0
DA:97,0
DA:105,0
DA:106,0
DA:109,0
DA:110,0
DA:113,0
DA:127,0
DA:128,0
DA:129,0
DA:136,0
DA:141,0
DA:147,0
DA:148,0
DA:156,0
DA:157,0
DA:158,0
DA:159,0
DA:161,0
DA:162,0
DA:168,0
DA:176,0
DA:182,0
DA:183,0
DA:184,0
DA:190,0
DA:196,0
DA:197,0
LF:54
LH:0
BRDA:8,0,0,0
BRDA:8,0,1,0
BRDA:9,1,0,0
BRDA:9,1,1,0
BRDA:10,2,0,0
BRDA:10,2,1,0
BRDA:27,3,0,0
BRDA:27,3,1,0
BRDA:48,4,0,0
BRDA:48,4,1,0
BRDA:48,5,0,0
BRDA:48,5,1,0
BRDA:50,6,0,0
BRDA:50,6,1,0
BRDA:58,7,0,0
BRDA:58,7,1,0
BRDA:63,8,0,0
BRDA:63,8,1,0
BRDA:89,9,0,0
BRDA:89,9,1,0
BRDA:89,10,0,0
BRDA:89,10,1,0
BRDA:105,11,0,0
BRDA:105,11,1,0
BRDA:109,12,0,0
BRDA:109,12,1,0
BRDA:127,13,0,0
BRDA:127,13,1,0
BRDA:136,14,0,0
BRDA:136,14,1,0
BRDA:161,15,0,0
BRDA:161,15,1,0
BRDA:161,16,0,0
BRDA:161,16,1,0
BRDA:161,16,2,0
BRDA:182,17,0,0
BRDA:182,17,1,0
BRDA:193,18,0,0
BRDA:193,18,1,0
BRF:39
BRH:0
end_of_record
TN:
SF:src/app/api/admin/vendors/route.ts
FN:5,GET
FNF:1
FNH:0
FNDA:0,GET
DA:1,0
DA:2,0
DA:5,0
DA:6,0
DA:7,0
DA:12,0
DA:13,0
DA:14,0
DA:17,0
DA:19,0
DA:20,0
LF:11
LH:0
BRDA:12,0,0,0
BRDA:12,0,1,0
BRDA:17,1,0,0
BRDA:17,1,1,0
BRF:4
BRH:0
end_of_record
TN:
SF:src/app/api/ai-boq-analysis/route.ts
FN:4,POST
FN:26,(anonymous_2)
FN:42,(anonymous_3)
FN:208,parseTextResponse
FNF:4
FNH:0
FNDA:0,POST
FNDA:0,(anonymous_2)
FNDA:0,(anonymous_3)
FNDA:0,parseTextResponse
DA:1,0
DA:2,0
DA:4,0
DA:5,0
DA:6,0
DA:7,0
DA:8,0
DA:11,0
DA:13,0
DA:14,0
DA:20,0
DA:21,0
DA:22,0
DA:26,0
DA:27,0
DA:29,0
DA:31,0
DA:33,0
DA:35,0
DA:37,0
DA:42,0
DA:45,0
DA:90,0
DA:91,0
DA:114,0
DA:115,0
DA:116,0
DA:121,0
DA:124,0
DA:125,0
DA:127,0
DA:128,0
DA:132,0
DA:133,0
DA:135,0
DA:136,0
DA:137,0
DA:139,0
DA:142,0
DA:143,0
DA:146,0
DA:149,0
DA:159,0
DA:162,0
DA:187,0
DA:199,0
DA:200,0
DA:209,0
DA:210,0
DA:212,0
DA:214,0
DA:216,0
DA:217,0
DA:218,0
DA:233,0
LF:55
LH:0
BRDA:7,0,0,0
BRDA:7,0,1,0
BRDA:13,1,0,0
BRDA:13,1,1,0
BRDA:13,2,0,0
BRDA:13,2,1,0
BRDA:21,3,0,0
BRDA:21,3,1,0
BRDA:27,4,0,0
BRDA:27,4,1,0
BRDA:27,4,2,0
BRDA:27,4,3,0
BRDA:27,4,4,0
BRDA:42,5,0,0
BRDA:42,5,1,0
BRDA:45,6,0,0
BRDA:45,6,1,0
BRDA:48,7,0,0
BRDA:48,7,1,0
BRDA:50,8,0,0
BRDA:50,8,1,0
BRDA:51,9,0,0
BRDA:51,9,1,0
BRDA:59,10,0,0
BRDA:59,10,1,0
BRDA:81,11,0,0
BRDA:81,11,1,0
BRDA:86,12,0,0
BRDA:86,12,1,0
BRDA:114,13,0,0
BRDA:114,13,1,0
BRDA:127,14,0,0
BRDA:127,14,1,0
BRDA:136,15,0,0
BRDA:136,15,1,0
BRDA:191,16,0,0
BRDA:191,16,1,0
BRDA:202,17,0,0
BRDA:202,17,1,0
BRDA:214,18,0,0
BRDA:214,18,1,0
BRDA:214,19,0,0
BRDA:214,19,1,0
BRDA:214,19,2,0
BRDA:214,19,3,0
BRDA:217,20,0,0
BRDA:217,20,1,0
BRDA:226,21,0,0
BRDA:226,21,1,0
BRDA:226,22,0,0
BRDA:226,22,1,0
BRF:51
BRH:0
end_of_record
TN:
SF:src/app/api/analyze-boq/route.ts
FN:10,POST
FN:78,(anonymous_3)
FN:86,(anonymous_4)
FN:183,(anonymous_5)
FN:188,(anonymous_6)
FNF:5
FNH:0
FNDA:0,POST
FNDA:0,(anonymous_3)
FNDA:0,(anonymous_4)
FNDA:0,(anonymous_5)
FNDA:0,(anonymous_6)
DA:1,0
DA:2,0
DA:3,0
DA:4,0
DA:6,0
DA:10,0
DA:11,0
DA:13,0
DA:14,0
DA:15,0
DA:18,0
DA:20,0
DA:21,0
DA:25,0
DA:30,0
DA:33,0
DA:39,0
DA:40,0
DA:48,0
DA:53,0
DA:54,0
DA:60,0
DA:63,0
DA:68,0
DA:69,0
DA:75,0
DA:78,0
DA:86,0
DA:96,0
DA:102,0
DA:103,0
DA:117,0
DA:118,0
DA:121,0
DA:135,0
DA:153,0
DA:155,0
DA:156,0
DA:159,0
DA:162,0
DA:163,0
DA:165,0
DA:166,0
DA:173,0
DA:174,0
DA:180,0
DA:183,0
DA:188,0
DA:196,0
DA:202,0
DA:206,0
DA:207,0
DA:208,0
DA:214,0
DA:217,0
DA:218,0
DA:219,0
DA:221,0
DA:227,0
DA:242,0
DA:243,0
LF:61
LH:0
BRDA:14,0,0,0
BRDA:14,0,1,0
BRDA:20,1,0,0
BRDA:20,1,1,0
BRDA:39,2,0,0
BRDA:39,2,1,0
BRDA:39,3,0,0
BRDA:39,3,1,0
BRDA:53,4,0,0
BRDA:53,4,1,0
BRDA:53,5,0,0
BRDA:53,5,1,0
BRDA:53,5,2,0
BRDA:68,6,0,0
BRDA:68,6,1,0
BRDA:68,7,0,0
BRDA:68,7,1,0
BRDA:80,8,0,0
BRDA:80,8,1,0
BRDA:102,9,0,0
BRDA:102,9,1,0
BRDA:102,10,0,0
BRDA:102,10,1,0
BRDA:155,11,0,0
BRDA:155,11,1,0
BRDA:173,12,0,0
BRDA:173,12,1,0
BRDA:173,13,0,0
BRDA:173,13,1,0
BRDA:188,14,0,0
BRDA:188,14,1,0
BRDA:206,15,0,0
BRDA:206,15,1,0
BRDA:217,16,0,0
BRDA:217,16,1,0
BRDA:218,17,0,0
BRDA:218,17,1,0
BRDA:246,18,0,0
BRDA:246,18,1,0
BRF:39
BRH:0
end_of_record
TN:
SF:src/app/api/boq-submissions/route.ts
FN:5,GET
FN:70,POST
FNF:2
FNH:0
FNDA:0,GET
FNDA:0,POST
DA:1,0
DA:2,0
DA:5,0
DA:6,0
DA:7,0
DA:8,0
DA:9,0
DA:11,0
DA:12,0
DA:19,0
DA:28,0
DA:29,0
DA:30,0
DA:36,0
DA:37,0
DA:39,0
DA:45,0
DA:46,0
DA:47,0
DA:53,0
DA:56,0
DA:61,0
DA:62,0
DA:70,0
DA:71,0
DA:72,0
DA:73,0
DA:75,0
DA:76,0
DA:83,0
DA:96,0
DA:97,0
DA:98,0
DA:104,0
DA:109,0
DA:110,0
LF:36
LH:0
BRDA:11,0,0,0
BRDA:11,0,1,0
BRDA:11,1,0,0
BRDA:11,1,1,0
BRDA:28,2,0,0
BRDA:28,2,1,0
BRDA:28,3,0,0
BRDA:28,3,1,0
BRDA:37,4,0,0
BRDA:37,4,1,0
BRDA:45,5,0,0
BRDA:45,5,1,0
BRDA:53,6,0,0
BRDA:53,6,1,0
BRDA:73,7,0,0
BRDA:75,8,0,0
BRDA:75,8,1,0
BRDA:75,9,0,0
BRDA:75,9,1,0
BRDA:96,10,0,0
BRDA:96,10,1,0
BRF:21
BRH:0
end_of_record
TN:
SF:src/app/api/boq-submissions/[id]/submit/route.ts
FN:5,POST
FN:46,(anonymous_2)
FNF:2
FNH:0
FNDA:0,POST
FNDA:0,(anonymous_2)
DA:1,0
DA:2,0
DA:5,0
DA:9,0
DA:10,0
DA:11,0
DA:14,0
DA:25,0
DA:26,0
DA:27,0
DA:28,0
DA:33,0
DA:40,0
DA:45,0
DA:46,0
DA:47,0
DA:50,0
DA:59,0
DA:64,0
DA:65,0
LF:20
LH:0
BRDA:25,0,0,0
BRDA:25,0,1,0
BRDA:27,1,0,0
BRDA:27,1,1,0
BRDA:45,2,0,0
BRDA:45,2,1,0
BRDA:45,3,0,0
BRDA:45,3,1,0
BRDA:46,4,0,0
BRDA:46,4,1,0
BRF:10
BRH:0
end_of_record
TN:
SF:src/app/api/boq-takeoffs/route.ts
FN:6,GET
FN:87,POST
FN:174,PUT
FNF:3
FNH:0
FNDA:0,GET
FNDA:0,POST
FNDA:0,PUT
DA:1,0
DA:2,0
DA:3,0
DA:6,0
DA:7,0
DA:8,0
DA:9,0
DA:10,0
DA:13,0
DA:14,0
DA:15,0
DA:17,0
DA:18,0
DA:21,0
DA:27,0
DA:33,0
DA:34,0
DA:38,0
DA:45,0
DA:46,0
DA:49,0
DA:51,0
DA:52,0
DA:55,0
DA:56,0
DA:63,0
DA:69,0
DA:75,0
DA:76,0
DA:87,0
DA:88,0
DA:89,0
DA:90,0
DA:91,0
DA:94,0
DA:101,0
DA:103,0
DA:104,0
DA:109,0
DA:115,0
DA:121,0
DA:122,0
DA:126,0
DA:139,0
DA:140,0
DA:143,0
DA:144,0
DA:150,0
DA:156,0
DA:162,0
DA:163,0
DA:174,0
DA:175,0
DA:176,0
DA:177,0
DA:178,0
DA:181,0
DA:182,0
DA:184,0
DA:185,0
DA:188,0
DA:192,0
DA:194,0
DA:195,0
DA:200,0
DA:206,0
DA:212,0
DA:213,0
DA:217,0
DA:229,0
DA:230,0
DA:231,0
DA:237,0
DA:243,0
DA:244,0
LF:75
LH:0
BRDA:9,0,0,0
BRDA:9,0,1,0
BRDA:17,1,0,0
BRDA:17,1,1,0
BRDA:33,2,0,0
BRDA:33,2,1,0
BRDA:45,3,0,0
BRDA:45,3,1,0
BRDA:51,4,0,0
BRDA:51,4,1,0
BRDA:55,5,0,0
BRDA:55,5,1,0
BRDA:65,6,0,0
BRDA:65,6,1,0
BRDA:71,7,0,0
BRDA:71,7,1,0
BRDA:79,8,0,0
BRDA:79,8,1,0
BRDA:90,9,0,0
BRDA:90,9,1,0
BRDA:103,10,0,0
BRDA:103,10,1,0
BRDA:103,11,0,0
BRDA:103,11,1,0
BRDA:103,11,2,0
BRDA:121,12,0,0
BRDA:121,12,1,0
BRDA:134,13,0,0
BRDA:134,13,1,0
BRDA:139,14,0,0
BRDA:139,14,1,0
BRDA:143,15,0,0
BRDA:143,15,1,0
BRDA:166,16,0,0
BRDA:166,16,1,0
BRDA:177,17,0,0
BRDA:177,17,1,0
BRDA:184,18,0,0
BRDA:184,18,1,0
BRDA:194,19,0,0
BRDA:194,19,1,0
BRDA:212,20,0,0
BRDA:212,20,1,0
BRDA:221,21,0,0
BRDA:221,21,1,0
BRDA:229,22,0,0
BRDA:229,22,1,0
BRDA:247,23,0,0
BRDA:247,23,1,0
BRF:49
BRH:0
end_of_record
TN:
SF:src/app/api/boq-takeoffs/download/route.ts
FN:5,GET
FNF:1
FNH:0
FNDA:0,GET
DA:1,0
DA:2,0
DA:5,0
DA:6,0
DA:7,0
DA:8,0
DA:10,0
DA:11,0
DA:15,0
DA:21,0
DA:22,0
DA:25,0
DA:26,0
DA:32,0
DA:33,0
DA:34,0
DA:35,0
DA:36,0
DA:37,0
DA:40,0
DA:44,0
DA:48,0
DA:49,0
DA:50,0
DA:57,0
DA:67,0
DA:68,0
LF:27
LH:0
BRDA:10,0,0,0
BRDA:10,0,1,0
BRDA:21,1,0,0
BRDA:21,1,1,0
BRDA:21,2,0,0
BRDA:21,2,1,0
BRDA:25,3,0,0
BRDA:25,3,1,0
BRDA:32,4,0,0
BRDA:32,4,1,0
BRDA:35,5,0,0
BRDA:35,5,1,0
BRDA:48,6,0,0
BRDA:48,6,1,0
BRDA:48,7,0,0
BRDA:48,7,1,0
BRDA:71,8,0,0
BRDA:71,8,1,0
BRF:18
BRH:0
end_of_record
TN:
SF:src/app/api/bulk-orders/route.ts
FN:6,GET
FN:64,POST
FNF:2
FNH:0
FNDA:0,GET
FNDA:0,POST
DA:1,0
DA:2,0
DA:3,0
DA:4,0
DA:6,0
DA:7,0
DA:8,0
DA:9,0
DA:10,0
DA:13,0
DA:14,0
DA:15,0
DA:17,0
DA:22,0
DA:28,0
DA:29,0
DA:32,0
DA:47,0
DA:48,0
DA:51,0
DA:52,0
DA:53,0
DA:54,0
DA:57,0
DA:59,0
DA:60,0
DA:64,0
DA:65,0
DA:66,0
DA:67,0
DA:68,0
DA:71,0
DA:72,0
DA:73,0
DA:74,0
DA:75,0
DA:76,0
DA:77,0
DA:78,0
DA:79,0
DA:80,0
DA:82,0
DA:83,0
DA:89,0
DA:94,0
DA:100,0
DA:101,0
DA:104,0
DA:110,0
DA:111,0
DA:114,0
DA:115,0
DA:118,0
DA:119,0
DA:120,0
DA:121,0
DA:122,0
DA:124,0
DA:125,0
DA:132,0
DA:133,0
DA:144,0
DA:176,0
DA:177,0
DA:178,0
DA:184,0
DA:186,0
DA:187,0
LF:68
LH:0
BRDA:9,0,0,0
BRDA:9,0,1,0
BRDA:15,1,0,0
BRDA:15,1,1,0
BRDA:28,2,0,0
BRDA:28,2,1,0
BRDA:28,3,0,0
BRDA:28,3,1,0
BRDA:47,4,0,0
BRDA:47,4,1,0
BRDA:52,5,0,0
BRDA:52,5,1,0
BRDA:57,6,0,0
BRDA:57,6,1,0
BRDA:67,7,0,0
BRDA:67,7,1,0
BRDA:75,8,0,0
BRDA:75,8,1,0
BRDA:76,9,0,0
BRDA:76,9,1,0
BRDA:77,10,0,0
BRDA:77,10,1,0
BRDA:78,11,0,0
BRDA:78,11,1,0
BRDA:79,12,0,0
BRDA:79,12,1,0
BRDA:80,13,0,0
BRDA:80,13,1,0
BRDA:82,14,0,0
BRDA:82,14,1,0
BRDA:82,15,0,0
BRDA:82,15,1,0
BRDA:82,15,2,0
BRDA:82,15,3,0
BRDA:100,16,0,0
BRDA:100,16,1,0
BRDA:100,17,0,0
BRDA:100,17,1,0
BRDA:110,18,0,0
BRDA:110,18,1,0
BRDA:110,19,0,0
BRDA:110,19,1,0
BRDA:114,20,0,0
BRDA:114,20,1,0
BRDA:114,20,2,0
BRDA:115,21,0,0
BRDA:115,21,1,0
BRDA:115,22,0,0
BRDA:115,22,1,0
BRDA:118,23,0,0
BRDA:118,23,1,0
BRDA:119,24,0,0
BRDA:119,24,1,0
BRDA:124,25,0,0
BRDA:124,25,1,0
BRDA:132,26,0,0
BRDA:132,26,1,0
BRDA:154,27,0,0
BRDA:154,27,1,0
BRDA:157,28,0,0
BRDA:157,28,1,0
BRDA:176,29,0,0
BRDA:176,29,1,0
BRF:63
BRH:0
end_of_record
TN:
SF:src/app/api/bulk-orders/[id]/route.ts
FN:7,resolveContractorId
FN:20,GET
FN:67,PATCH
FNF:3
FNH:0
FNDA:0,resolveContractorId
FNDA:0,GET
FNDA:0,PATCH
DA:1,0
DA:2,0
DA:3,0
DA:5,0
DA:8,0
DA:12,0
DA:17,0
DA:20,0
DA:24,0
DA:25,0
DA:26,0
DA:27,0
DA:30,0
DA:31,0
DA:32,0
DA:33,0
DA:36,0
DA:41,0
DA:56,0
DA:57,0
DA:60,0
DA:62,0
DA:63,0
DA:67,0
DA:71,0
DA:72,0
DA:73,0
DA:74,0
DA:77,0
DA:78,0
DA:79,0
DA:80,0
DA:81,0
DA:84,0
DA:89,0
DA:96,0
DA:97,0
DA:100,0
DA:104,0
DA:105,0
DA:106,0
DA:111,0
DA:114,0
DA:115,0
DA:118,0
DA:134,0
DA:135,0
DA:136,0
DA:142,0
DA:144,0
DA:145,0
LF:51
LH:0
BRDA:17,0,0,0
BRDA:17,0,1,0
BRDA:26,1,0,0
BRDA:26,1,1,0
BRDA:32,2,0,0
BRDA:32,2,1,0
BRDA:56,3,0,0
BRDA:56,3,1,0
BRDA:56,4,0,0
BRDA:56,4,1,0
BRDA:73,5,0,0
BRDA:73,5,1,0
BRDA:80,6,0,0
BRDA:80,6,1,0
BRDA:96,7,0,0
BRDA:96,7,1,0
BRDA:96,8,0,0
BRDA:96,8,1,0
BRDA:104,9,0,0
BRDA:104,9,1,0
BRDA:105,10,0,0
BRDA:105,10,1,0
BRDA:111,11,0,0
BRDA:111,11,1,0
BRDA:114,12,0,0
BRDA:114,12,1,0
BRDA:134,13,0,0
BRDA:134,13,1,0
BRF:28
BRH:0
end_of_record
TN:
SF:src/app/api/bulk-orders/simulate/route.ts
FN:6,POST
FNF:1
FNH:0
FNDA:0,POST
DA:1,0
DA:2,0
DA:3,0
DA:4,0
DA:6,0
DA:7,0
DA:8,0
DA:9,0
DA:10,0
DA:13,0
DA:14,0
DA:15,0
DA:16,0
DA:17,0
DA:18,0
DA:20,0
DA:21,0
DA:26,0
DA:27,0
DA:33,0
DA:38,0
DA:44,0
DA:45,0
DA:48,0
DA:54,0
DA:55,0
DA:58,0
DA:59,0
DA:60,0
DA:61,0
DA:63,0
DA:66,0
DA:67,0
DA:68,0
DA:69,0
DA:70,0
DA:72,0
DA:73,0
DA:74,0
DA:81,0
DA:83,0
DA:84,0
DA:85,0
DA:86,0
DA:87,0
DA:89,0
DA:91,0
DA:92,0
DA:93,0
DA:94,0
DA:96,0
DA:105,0
DA:106,0
DA:108,0
DA:133,0
DA:168,0
DA:169,0
LF:57
LH:0
BRDA:9,0,0,0
BRDA:9,0,1,0
BRDA:16,1,0,0
BRDA:16,1,1,0
BRDA:17,2,0,0
BRDA:17,2,1,0
BRDA:18,3,0,0
BRDA:18,3,1,0
BRDA:20,4,0,0
BRDA:20,4,1,0
BRDA:20,5,0,0
BRDA:20,5,1,0
BRDA:20,5,2,0
BRDA:26,6,0,0
BRDA:26,6,1,0
BRDA:26,7,0,0
BRDA:26,7,1,0
BRDA:44,8,0,0
BRDA:44,8,1,0
BRDA:44,9,0,0
BRDA:44,9,1,0
BRDA:54,10,0,0
BRDA:54,10,1,0
BRDA:54,11,0,0
BRDA:54,11,1,0
BRDA:58,12,0,0
BRDA:58,12,1,0
BRDA:59,13,0,0
BRDA:59,13,1,0
BRDA:60,14,0,0
BRDA:60,14,1,0
BRDA:63,15,0,0
BRDA:63,15,1,0
BRDA:63,16,0,0
BRDA:63,16,1,0
BRDA:86,17,0,0
BRDA:86,17,1,0
BRDA:108,18,0,0
BRDA:108,18,1,0
BRDA:138,19,0,0
BRDA:138,19,1,0
BRF:41
BRH:0
end_of_record
TN:
SF:src/app/api/clients/route.ts
FN:5,GET
FN:40,POST
FN:89,PUT
FNF:3
FNH:0
FNDA:0,GET
FNDA:0,POST
FNDA:0,PUT
DA:1,0
DA:2,0
DA:3,0
DA:5,0
DA:6,0
DA:7,0
DA:8,0
DA:9,0
DA:13,0
DA:14,0
DA:16,0
DA:17,0
DA:21,0
DA:28,0
DA:29,0
DA:30,0
DA:33,0
DA:35,0
DA:36,0
DA:40,0
DA:41,0
DA:42,0
DA:43,0
DA:44,0
DA:48,0
DA:49,0
DA:51,0
DA:52,0
DA:55,0
DA:56,0
DA:60,0
DA:77,0
DA:78,0
DA:79,0
DA:82,0
DA:84,0
DA:85,0
DA:89,0
DA:90,0
DA:91,0
DA:92,0
DA:93,0
DA:96,0
DA:97,0
DA:99,0
DA:100,0
DA:104,0
DA:122,0
DA:123,0
DA:124,0
DA:127,0
DA:129,0
DA:130,0
LF:53
LH:0
BRDA:8,0,0,0
BRDA:8,0,1,0
BRDA:16,1,0,0
BRDA:16,1,1,0
BRDA:28,2,0,0
BRDA:28,2,1,0
BRDA:43,3,0,0
BRDA:43,3,1,0
BRDA:51,4,0,0
BRDA:51,4,1,0
BRDA:55,5,0,0
BRDA:55,5,1,0
BRDA:77,6,0,0
BRDA:77,6,1,0
BRDA:92,7,0,0
BRDA:92,7,1,0
BRDA:99,8,0,0
BRDA:99,8,1,0
BRDA:99,9,0,0
BRDA:99,9,1,0
BRDA:122,10,0,0
BRDA:122,10,1,0
BRF:22
BRH:0
end_of_record
TN:
SF:src/app/api/contact/route.ts
FN:5,POST
FN:107,GET
FNF:2
FNH:0
FNDA:0,POST
FNDA:0,GET
DA:1,0
DA:2,0
DA:5,0
DA:6,0
DA:7,0
DA:17,0
DA:20,0
DA:21,0
DA:28,0
DA:29,0
DA:30,0
DA:37,0
DA:38,0
DA:45,0
DA:55,0
DA:56,0
DA:63,0
DA:78,0
DA:79,0
DA:80,0
DA:89,0
DA:98,0
DA:99,0
DA:107,0
DA:108,0
DA:112,0
DA:113,0
DA:114,0
DA:115,0
DA:117,0
DA:123,0
DA:124,0
DA:127,0
DA:129,0
DA:130,0
DA:131,0
DA:137,0
DA:143,0
DA:144,0
LF:39
LH:0
BRDA:20,0,0,0
BRDA:20,0,1,0
BRDA:20,1,0,0
BRDA:20,1,1,0
BRDA:20,1,2,0
BRDA:20,1,3,0
BRDA:20,1,4,0
BRDA:29,2,0,0
BRDA:29,2,1,0
BRDA:37,3,0,0
BRDA:37,3,1,0
BRDA:55,4,0,0
BRDA:55,4,1,0
BRDA:69,5,0,0
BRDA:69,5,1,0
BRDA:78,6,0,0
BRDA:78,6,1,0
BRDA:114,7,0,0
BRDA:114,7,1,0
BRDA:115,8,0,0
BRDA:115,8,1,0
BRDA:123,9,0,0
BRDA:123,9,1,0
BRDA:123,10,0,0
BRDA:123,10,1,0
BRDA:129,11,0,0
BRDA:129,11,1,0
BRDA:139,12,0,0
BRDA:139,12,1,0
BRF:29
BRH:0
end_of_record
TN:
SF:src/app/api/contractor-access/route.ts
FN:5,GET
FNF:1
FNH:0
FNDA:0,GET
DA:1,0
DA:2,0
DA:3,0
DA:5,0
DA:6,0
DA:7,0
DA:8,0
DA:9,0
DA:15,0
DA:18,0
DA:21,0
DA:22,0
DA:23,0
DA:26,0
DA:41,0
DA:43,0
LF:16
LH:0
BRDA:8,0,0,0
BRDA:8,0,1,0
BRDA:22,1,0,0
BRDA:22,1,1,0
BRDA:36,2,0,0
BRDA:36,2,1,0
BRF:6
BRH:0
end_of_record
TN:
SF:src/app/api/contractor-application/route.ts
FN:5,POST
FNF:1
FNH:0
FNDA:0,POST
DA:1,0
DA:5,0
DA:6,0
DA:8,0
LF:4
LH:0
BRF:0
BRH:0
end_of_record
TN:
SF:src/app/api/contractor-application-v2/route.ts
FN:41,POST
FN:93,(anonymous_4)
FN:191,(anonymous_5)
FN:192,(anonymous_6)
FN:195,(anonymous_7)
FN:196,(anonymous_8)
FN:240,getFormFieldName
FN:251,GET
FNF:8
FNH:0
FNDA:0,POST
FNDA:0,(anonymous_4)
FNDA:0,(anonymous_5)
FNDA:0,(anonymous_6)
FNDA:0,(anonymous_7)
FNDA:0,(anonymous_8)
FNDA:0,getFormFieldName
FNDA:0,GET
DA:1,0
DA:2,0
DA:3,0
DA:4,0
DA:41,0
DA:42,0
DA:43,0
DA:46,0
DA:47,0
DA:48,0
DA:54,0
DA:57,0
DA:60,0
DA:85,0
DA:88,0
DA:93,0
DA:94,0
DA:97,0
DA:98,0
DA:105,0
DA:106,0
DA:108,0
DA:109,0
DA:110,0
DA:111,0
DA:125,0
DA:150,0
DA:153,0
DA:154,0
DA:155,0
DA:158,0
DA:161,0
DA:162,0
DA:164,0
DA:165,0
DA:167,0
DA:168,0
DA:170,0
DA:176,0
DA:178,0
DA:179,0
DA:181,0
DA:184,0
DA:185,0
DA:190,0
DA:191,0
DA:192,0
DA:194,0
DA:195,0
DA:196,0
DA:198,0
DA:201,0
DA:202,0
DA:214,0
DA:217,0
DA:230,0
DA:232,0
DA:241,0
DA:247,0
DA:251,0
DA:252,0
DA:253,0
DA:254,0
DA:255,0
DA:257,0
DA:258,0
DA:265,0
DA:266,0
DA:267,0
DA:268,0
DA:269,0
DA:270,0
DA:271,0
DA:274,0
DA:276,0
DA:277,0
DA:284,0
DA:285,0
DA:286,0
DA:288,0
DA:305,0
DA:307,0
LF:82
LH:0
BRDA:47,0,0,0
BRDA:47,0,1,0
BRDA:70,1,0,0
BRDA:70,1,1,0
BRDA:76,2,0,0
BRDA:76,2,1,0
BRDA:77,3,0,0
BRDA:77,3,1,0
BRDA:97,4,0,0
BRDA:97,4,1,0
BRDA:108,5,0,0
BRDA:108,5,1,0
BRDA:108,6,0,0
BRDA:108,6,1,0
BRDA:109,7,0,0
BRDA:109,7,1,0
BRDA:110,8,0,0
BRDA:110,8,1,0
BRDA:129,9,0,0
BRDA:129,9,1,0
BRDA:130,10,0,0
BRDA:130,10,1,0
BRDA:131,11,0,0
BRDA:131,11,1,0
BRDA:132,12,0,0
BRDA:132,12,1,0
BRDA:133,13,0,0
BRDA:133,13,1,0
BRDA:134,14,0,0
BRDA:134,14,1,0
BRDA:137,15,0,0
BRDA:137,15,1,0
BRDA:138,16,0,0
BRDA:138,16,1,0
BRDA:139,17,0,0
BRDA:139,17,1,0
BRDA:140,18,0,0
BRDA:140,18,1,0
BRDA:141,19,0,0
BRDA:141,19,1,0
BRDA:142,20,0,0
BRDA:142,20,1,0
BRDA:143,21,0,0
BRDA:143,21,1,0
BRDA:144,22,0,0
BRDA:144,22,1,0
BRDA:145,23,0,0
BRDA:145,23,1,0
BRDA:154,24,0,0
BRDA:154,24,1,0
BRDA:167,25,0,0
BRDA:167,25,1,0
BRDA:167,26,0,0
BRDA:167,26,1,0
BRDA:178,27,0,0
BRDA:178,27,1,0
BRDA:234,28,0,0
BRDA:234,28,1,0
BRDA:257,29,0,0
BRDA:257,29,1,0
BRDA:257,30,0,0
BRDA:257,30,1,0
BRDA:266,31,0,0
BRDA:266,31,1,0
BRDA:269,32,0,0
BRDA:269,32,1,0
BRDA:274,33,0,0
BRDA:274,33,1,0
BRDA:276,34,0,0
BRDA:276,34,1,0
BRDA:285,35,0,0
BRDA:285,35,1,0
BRDA:286,36,0,0
BRDA:286,36,1,0
BRF:74
BRH:0
end_of_record
TN:
SF:src/app/api/contractor/finance/overview/route.ts
FN:35,GET
FN:64,(anonymous_2)
FN:120,(anonymous_3)
FN:132,(anonymous_4)
FN:147,(anonymous_5)
FN:158,(anonymous_6)
FN:175,(anonymous_7)
FN:210,(anonymous_8)
FN:265,(anonymous_9)
FN:266,(anonymous_10)
FNF:10
FNH:0
FNDA:0,GET
FNDA:0,(anonymous_2)
FNDA:0,(anonymous_3)
FNDA:0,(anonymous_4)
FNDA:0,(anonymous_5)
FNDA:0,(anonymous_6)
FNDA:0,(anonymous_7)
FNDA:0,(anonymous_8)
FNDA:0,(anonymous_9)
FNDA:0,(anonymous_10)
DA:1,0
DA:2,0
DA:3,0
DA:4,0
DA:35,0
DA:36,0
DA:37,0
DA:38,0
DA:39,0
DA:42,0
DA:43,0
DA:44,0
DA:47,0
DA:53,0
DA:58,0
DA:59,0
DA:60,0
DA:63,0
DA:64,0
DA:66,0
DA:67,0
DA:83,0
DA:84,0
DA:86,0
DA:90,0
DA:91,0
DA:93,0
DA:94,0
DA:98,0
DA:99,0
DA:102,0
DA:103,0
DA:104,0
DA:107,0
DA:114,0
DA:115,0
DA:116,0
DA:119,0
DA:120,0
DA:121,0
DA:122,0
DA:123,0
DA:124,0
DA:125,0
DA:126,0
DA:127,0
DA:130,0
DA:131,0
DA:132,0
DA:133,0
DA:134,0
DA:135,0
DA:136,0
DA:137,0
DA:138,0
DA:139,0
DA:140,0
DA:141,0
DA:147,0
DA:148,0
DA:149,0
DA:150,0
DA:155,0
DA:156,0
DA:158,0
DA:159,0
DA:164,0
DA:175,0
DA:176,0
DA:177,0
DA:178,0
DA:179,0
DA:180,0
DA:186,0
DA:187,0
DA:188,0
DA:190,0
DA:205,0
DA:206,0
DA:207,0
DA:208,0
DA:210,0
DA:211,0
DA:212,0
DA:213,0
DA:214,0
DA:215,0
DA:221,0
DA:222,0
DA:223,0
DA:225,0
DA:226,0
DA:227,0
DA:228,0
DA:230,0
DA:231,0
DA:232,0
DA:243,0
DA:244,0
DA:245,0
DA:246,0
DA:247,0
DA:248,0
DA:249,0
DA:252,0
DA:254,0
DA:265,0
DA:267,0
DA:268,0
DA:269,0
DA:274,0
DA:275,0
LF:112
LH:0
BRDA:38,0,0,0
BRDA:38,0,1,0
BRDA:43,1,0,0
BRDA:43,1,1,0
BRDA:48,2,0,0
BRDA:48,2,1,0
BRDA:49,3,0,0
BRDA:49,3,1,0
BRDA:50,4,0,0
BRDA:50,4,1,0
BRDA:58,5,0,0
BRDA:58,5,1,0
BRDA:63,6,0,0
BRDA:63,6,1,0
BRDA:66,7,0,0
BRDA:66,7,1,0
BRDA:90,8,0,0
BRDA:90,8,1,0
BRDA:93,9,0,0
BRDA:93,9,1,0
BRDA:93,10,0,0
BRDA:93,10,1,0
BRDA:93,11,0,0
BRDA:93,11,1,0
BRDA:98,12,0,0
BRDA:98,12,1,0
BRDA:102,13,0,0
BRDA:102,13,1,0
BRDA:114,14,0,0
BRDA:114,14,1,0
BRDA:121,15,0,0
BRDA:121,15,1,0
BRDA:121,15,2,0
BRDA:122,16,0,0
BRDA:122,16,1,0
BRDA:123,17,0,0
BRDA:123,17,1,0
BRDA:126,18,0,0
BRDA:126,18,1,0
BRDA:133,19,0,0
BRDA:133,19,1,0
BRDA:134,20,0,0
BRDA:134,20,1,0
BRDA:135,21,0,0
BRDA:135,21,1,0
BRDA:136,22,0,0
BRDA:136,22,1,0
BRDA:138,23,0,0
BRDA:138,23,1,0
BRDA:140,24,0,0
BRDA:140,24,1,0
BRDA:140,25,0,0
BRDA:140,25,1,0
BRDA:149,26,0,0
BRDA:149,26,1,0
BRDA:155,27,0,0
BRDA:155,27,1,0
BRDA:176,28,0,0
BRDA:176,28,1,0
BRDA:177,29,0,0
BRDA:177,29,1,0
BRDA:178,30,0,0
BRDA:178,30,1,0
BRDA:180,31,0,0
BRDA:180,31,1,0
BRDA:193,32,0,0
BRDA:193,32,1,0
BRDA:194,33,0,0
BRDA:194,33,1,0
BRDA:195,34,0,0
BRDA:195,34,1,0
BRDA:211,35,0,0
BRDA:211,35,1,0
BRDA:212,36,0,0
BRDA:212,36,1,0
BRDA:213,37,0,0
BRDA:213,37,1,0
BRDA:215,38,0,0
BRDA:215,38,1,0
BRDA:232,39,0,0
BRDA:232,39,1,0
BRDA:234,40,0,0
BRDA:234,40,1,0
BRDA:267,41,0,0
BRDA:267,41,1,0
BRDA:268,42,0,0
BRDA:268,42,1,0
BRF:87
BRH:0
end_of_record
TN:
SF:src/app/api/contractor/material-limits/route.ts
FN:5,serviceClient
FN:12,resolveContractorId
FN:22,GET
FN:65,PUT
FNF:4
FNH:0
FNDA:0,serviceClient
FNDA:0,resolveContractorId
FNDA:0,GET
FNDA:0,PUT
DA:1,0
DA:2,0
DA:3,0
DA:6,0
DA:13,0
DA:14,0
DA:19,0
DA:22,0
DA:23,0
DA:24,0
DA:25,0
DA:26,0
DA:29,0
DA:30,0
DA:31,0
DA:34,0
DA:35,0
DA:54,0
DA:55,0
DA:58,0
DA:60,0
DA:61,0
DA:65,0
DA:66,0
DA:67,0
DA:68,0
DA:69,0
DA:72,0
DA:73,0
DA:74,0
DA:77,0
DA:78,0
DA:79,0
DA:80,0
DA:82,0
DA:83,0
DA:89,0
DA:90,0
DA:120,0
DA:121,0
DA:124,0
DA:126,0
DA:127,0
LF:43
LH:0
BRDA:19,0,0,0
BRDA:19,0,1,0
BRDA:25,1,0,0
BRDA:25,1,1,0
BRDA:30,2,0,0
BRDA:30,2,1,0
BRDA:54,3,0,0
BRDA:54,3,1,0
BRDA:58,4,0,0
BRDA:58,4,1,0
BRDA:68,5,0,0
BRDA:68,5,1,0
BRDA:73,6,0,0
BRDA:73,6,1,0
BRDA:78,7,0,0
BRDA:78,7,1,0
BRDA:80,8,0,0
BRDA:80,8,1,0
BRDA:82,9,0,0
BRDA:82,9,1,0
BRDA:82,10,0,0
BRDA:82,10,1,0
BRDA:82,10,2,0
BRDA:120,11,0,0
BRDA:120,11,1,0
BRF:25
BRH:0
end_of_record
TN:
SF:src/app/api/contractor/profile/route.ts
FN:17,sanitizeOptionalString
FN:23,extractMissingColumn
FN:29,resolveContractor
FN:83,GET
FN:113,PATCH
FNF:5
FNH:0
FNDA:0,sanitizeOptionalString
FNDA:0,extractMissingColumn
FNDA:0,resolveContractor
FNDA:0,GET
FNDA:0,PATCH
DA:1,0
DA:2,0
DA:3,0
DA:18,0
DA:19,0
DA:20,0
DA:24,0
DA:25,0
DA:26,0
DA:30,0
DA:31,0
DA:32,0
DA:35,0
DA:41,0
DA:42,0
DA:43,0
DA:46,0
DA:47,0
DA:51,0
DA:52,0
DA:53,0
DA:54,0
DA:57,0
DA:63,0
DA:64,0
DA:65,0
DA:68,0
DA:69,0
DA:73,0
DA:74,0
DA:80,0
DA:83,0
DA:84,0
DA:85,0
DA:86,0
DA:87,0
DA:90,0
DA:91,0
DA:108,0
DA:109,0
DA:113,0
DA:114,0
DA:115,0
DA:116,0
DA:117,0
DA:120,0
DA:121,0
DA:123,0
DA:135,0
DA:136,0
DA:138,0
DA:139,0
DA:141,0
DA:142,0
DA:145,0
DA:159,0
DA:160,0
DA:161,0
DA:163,0
DA:164,0
DA:171,0
DA:172,0
DA:174,0
DA:176,0
DA:177,0
DA:178,0
DA:179,0
DA:180,0
DA:184,0
DA:187,0
DA:188,0
DA:189,0
DA:192,0
DA:209,0
DA:210,0
LF:75
LH:0
BRDA:18,0,0,0
BRDA:18,0,1,0
BRDA:20,1,0,0
BRDA:20,1,1,0
BRDA:24,2,0,0
BRDA:24,2,1,0
BRDA:26,3,0,0
BRDA:26,3,1,0
BRDA:31,4,0,0
BRDA:31,4,1,0
BRDA:41,5,0,0
BRDA:41,5,1,0
BRDA:46,6,0,0
BRDA:46,6,1,0
BRDA:53,7,0,0
BRDA:53,7,1,0
BRDA:63,8,0,0
BRDA:63,8,1,0
BRDA:68,9,0,0
BRDA:68,9,1,0
BRDA:73,10,0,0
BRDA:73,10,1,0
BRDA:86,11,0,0
BRDA:86,11,1,0
BRDA:96,12,0,0
BRDA:96,12,1,0
BRDA:97,13,0,0
BRDA:97,13,1,0
BRDA:98,14,0,0
BRDA:98,14,1,0
BRDA:99,15,0,0
BRDA:99,15,1,0
BRDA:100,16,0,0
BRDA:100,16,1,0
BRDA:101,17,0,0
BRDA:101,17,1,0
BRDA:102,18,0,0
BRDA:102,18,1,0
BRDA:103,19,0,0
BRDA:103,19,1,0
BRDA:104,20,0,0
BRDA:104,20,1,0
BRDA:116,21,0,0
BRDA:116,21,1,0
BRDA:135,22,0,0
BRDA:135,22,1,0
BRDA:138,23,0,0
BRDA:138,23,1,0
BRDA:141,24,0,0
BRDA:141,24,1,0
BRDA:174,25,0,0
BRDA:174,25,1,0
BRDA:176,26,0,0
BRDA:176,26,1,0
BRDA:178,27,0,0
BRDA:178,27,1,0
BRDA:178,28,0,0
BRDA:178,28,1,0
BRDA:187,29,0,0
BRDA:187,29,1,0
BRDA:187,30,0,0
BRDA:187,30,1,0
BRDA:197,31,0,0
BRDA:197,31,1,0
BRDA:198,32,0,0
BRDA:198,32,1,0
BRDA:199,33,0,0
BRDA:199,33,1,0
BRDA:200,34,0,0
BRDA:200,34,1,0
BRDA:201,35,0,0
BRDA:201,35,1,0
BRDA:202,36,0,0
BRDA:202,36,1,0
BRDA:203,37,0,0
BRDA:203,37,1,0
BRDA:204,38,0,0
BRDA:204,38,1,0
BRDA:205,39,0,0
BRDA:205,39,1,0
BRF:80
BRH:0
end_of_record
TN:
SF:src/app/api/contractors/route.ts
FN:4,GET
FNF:1
FNH:0
FNDA:0,GET
DA:1,0
DA:4,0
DA:5,0
DA:7,0
LF:4
LH:0
BRF:0
BRH:0
end_of_record
TN:
SF:src/app/api/cron/check-deemed-delivery/route.ts
FN:17,supabaseAdmin
FN:24,GET
FN:68,(anonymous_3)
FN:82,(anonymous_4)
FN:83,(anonymous_5)
FNF:5
FNH:0
FNDA:0,supabaseAdmin
FNDA:0,GET
FNDA:0,(anonymous_3)
FNDA:0,(anonymous_4)
FNDA:0,(anonymous_5)
DA:14,0
DA:15,0
DA:18,0
DA:24,0
DA:26,0
DA:27,0
DA:28,0
DA:29,0
DA:32,0
DA:33,0
DA:37,0
DA:44,0
DA:45,0
DA:46,0
DA:49,0
DA:50,0
DA:53,0
DA:54,0
DA:56,0
DA:57,0
DA:58,0
DA:67,0
DA:68,0
DA:69,0
DA:71,0
DA:74,0
DA:82,0
DA:83,0
DA:85,0
DA:87,0
DA:95,0
DA:96,0
LF:32
LH:0
BRDA:28,0,0,0
BRDA:28,0,1,0
BRDA:28,1,0,0
BRDA:28,1,1,0
BRDA:44,2,0,0
BRDA:44,2,1,0
BRDA:49,3,0,0
BRDA:49,3,1,0
BRDA:49,4,0,0
BRDA:49,4,1,0
BRDA:53,5,0,0
BRDA:53,5,1,0
BRDA:62,6,0,0
BRDA:62,6,1,0
BRDA:67,7,0,0
BRDA:67,7,1,0
BRDA:77,8,0,0
BRDA:77,8,1,0
BRF:18
BRH:0
end_of_record
TN:
SF:src/app/api/debug-clients/route.ts
FN:5,GET
FNF:1
FNH:0
FNDA:0,GET
DA:1,0
DA:2,0
DA:3,0
DA:5,0
DA:6,0
DA:7,0
DA:9,0
DA:11,0
DA:12,0
DA:19,0
DA:25,0
DA:27,0
DA:28,0
DA:36,0
DA:42,0
DA:49,0
DA:55,0
DA:56,0
DA:57,0
DA:59,0
DA:81,0
DA:82,0
LF:22
LH:0
BRDA:11,0,0,0
BRDA:11,0,1,0
BRDA:27,1,0,0
BRDA:27,1,1,0
BRDA:64,2,0,0
BRDA:64,2,1,0
BRDA:69,3,0,0
BRDA:69,3,1,0
BRDA:74,4,0,0
BRDA:74,4,1,0
BRDA:84,5,0,0
BRDA:84,5,1,0
BRF:12
BRH:0
end_of_record
TN:
SF:src/app/api/debug-contractors/route.ts
FN:5,GET
FN:31,(anonymous_4)
FN:54,POST
FNF:3
FNH:0
FNDA:0,GET
FNDA:0,(anonymous_4)
FNDA:0,POST
DA:1,0
DA:2,0
DA:3,0
DA:5,0
DA:6,0
DA:7,0
DA:9,0
DA:10,0
DA:14,0
DA:19,0
DA:26,0
DA:31,0
DA:33,0
DA:46,0
DA:47,0
DA:54,0
DA:55,0
DA:56,0
DA:58,0
DA:59,0
DA:62,0
DA:63,0
DA:65,0
DA:67,0
DA:74,0
DA:75,0
DA:78,0
DA:85,0
DA:97,0
DA:98,0
DA:101,0
DA:109,0
DA:110,0
LF:33
LH:0
BRDA:9,0,0,0
BRDA:9,0,1,0
BRDA:31,1,0,0
BRDA:31,1,1,0
BRDA:48,2,0,0
BRDA:48,2,1,0
BRDA:58,3,0,0
BRDA:58,3,1,0
BRDA:65,4,0,0
BRDA:65,4,1,0
BRDA:74,5,0,0
BRDA:74,5,1,0
BRDA:89,6,0,0
BRDA:89,6,1,0
BRDA:90,7,0,0
BRDA:90,7,1,0
BRDA:90,8,0,0
BRDA:90,8,1,0
BRDA:90,9,0,0
BRDA:90,9,1,0
BRDA:91,10,0,0
BRDA:91,10,1,0
BRDA:97,11,0,0
BRDA:97,11,1,0
BRDA:111,12,0,0
BRDA:111,12,1,0
BRF:26
BRH:0
end_of_record
TN:
SF:src/app/api/debug-takeoffs/route.ts
FN:5,GET
FNF:1
FNH:0
FNDA:0,GET
DA:1,0
DA:2,0
DA:5,0
DA:6,0
DA:7,0
DA:10,0
DA:15,0
DA:16,0
DA:18,0
DA:27,0
DA:28,0
LF:11
LH:0
BRDA:23,0,0,0
BRDA:23,0,1,0
BRF:2
BRH:0
end_of_record
TN:
SF:src/app/api/debug/storage/route.ts
FN:5,GET
FN:28,(anonymous_2)
FN:38,(anonymous_3)
FNF:3
FNH:0
FNDA:0,GET
FNDA:0,(anonymous_2)
FNDA:0,(anonymous_3)
DA:1,0
DA:2,0
DA:3,0
DA:5,0
DA:6,0
DA:8,0
DA:11,0
DA:13,0
DA:14,0
DA:15,0
DA:23,0
DA:28,0
DA:31,0
DA:35,0
DA:38,0
DA:53,0
DA:56,0
DA:57,0
DA:63,0
LF:19
LH:0
BRDA:13,0,0,0
BRDA:13,0,1,0
BRDA:45,1,0,0
BRDA:45,1,1,0
BRDA:56,2,0,0
BRDA:56,2,1,0
BRDA:56,3,0,0
BRDA:56,3,1,0
BRDA:56,3,2,0
BRDA:66,4,0,0
BRDA:66,4,1,0
BRF:11
BRH:0
end_of_record
TN:
SF:src/app/api/delivery-tracker/route.ts
FN:8,supabaseAdmin
FN:15,getContractor
FN:29,GET
FN:88,(anonymous_7)
FN:115,POST
FN:214,PATCH
FNF:6
FNH:0
FNDA:0,supabaseAdmin
FNDA:0,getContractor
FNDA:0,GET
FNDA:0,(anonymous_7)
FNDA:0,POST
FNDA:0,PATCH
DA:1,0
DA:2,0
DA:3,0
DA:4,0
DA:5,0
DA:6,0
DA:9,0
DA:16,0
DA:21,0
DA:29,0
DA:30,0
DA:31,0
DA:32,0
DA:34,0
DA:35,0
DA:37,0
DA:38,0
DA:40,0
DA:42,0
DA:75,0
DA:76,0
DA:79,0
DA:81,0
DA:82,0
DA:83,0
DA:86,0
DA:87,0
DA:89,0
DA:90,0
DA:96,0
DA:103,0
DA:105,0
DA:106,0
DA:115,0
DA:116,0
DA:117,0
DA:118,0
DA:120,0
DA:121,0
DA:124,0
DA:125,0
DA:126,0
DA:128,0
DA:131,0
DA:132,0
DA:133,0
DA:138,0
DA:140,0
DA:143,0
DA:149,0
DA:150,0
DA:153,0
DA:154,0
DA:157,0
DA:158,0
DA:164,0
DA:165,0
DA:172,0
DA:181,0
DA:182,0
DA:183,0
DA:187,0
DA:199,0
DA:204,0
DA:205,0
DA:214,0
DA:215,0
DA:216,0
DA:217,0
DA:219,0
DA:220,0
DA:223,0
DA:224,0
DA:225,0
DA:227,0
DA:230,0
DA:231,0
DA:232,0
DA:237,0
DA:239,0
DA:241,0
DA:247,0
DA:248,0
DA:251,0
DA:252,0
DA:255,0
DA:256,0
DA:263,0
DA:271,0
DA:272,0
DA:273,0
DA:277,0
DA:289,0
DA:290,0
DA:291,0
DA:292,0
DA:293,0
DA:296,0
DA:304,0
DA:305,0
DA:306,0
DA:312,0
DA:317,0
DA:318,0
LF:104
LH:0
BRDA:32,0,0,0
BRDA:32,0,1,0
BRDA:35,1,0,0
BRDA:35,1,1,0
BRDA:75,2,0,0
BRDA:75,2,1,0
BRDA:81,3,0,0
BRDA:81,3,1,0
BRDA:86,4,0,0
BRDA:86,4,1,0
BRDA:88,5,0,0
BRDA:88,5,1,0
BRDA:98,6,0,0
BRDA:98,6,1,0
BRDA:98,6,2,0
BRDA:118,7,0,0
BRDA:118,7,1,0
BRDA:121,8,0,0
BRDA:121,8,1,0
BRDA:126,9,0,0
BRDA:126,9,1,0
BRDA:126,10,0,0
BRDA:126,10,1,0
BRDA:132,11,0,0
BRDA:132,11,1,0
BRDA:133,12,0,0
BRDA:133,12,1,0
BRDA:149,13,0,0
BRDA:149,13,1,0
BRDA:149,14,0,0
BRDA:149,14,1,0
BRDA:153,15,0,0
BRDA:153,15,1,0
BRDA:157,16,0,0
BRDA:157,16,1,0
BRDA:164,17,0,0
BRDA:164,17,1,0
BRDA:164,18,0,0
BRDA:164,18,1,0
BRDA:181,19,0,0
BRDA:181,19,1,0
BRDA:217,20,0,0
BRDA:217,20,1,0
BRDA:220,21,0,0
BRDA:220,21,1,0
BRDA:225,22,0,0
BRDA:225,22,1,0
BRDA:225,23,0,0
BRDA:225,23,1,0
BRDA:231,24,0,0
BRDA:231,24,1,0
BRDA:232,25,0,0
BRDA:232,25,1,0
BRDA:247,26,0,0
BRDA:247,26,1,0
BRDA:247,27,0,0
BRDA:247,27,1,0
BRDA:251,28,0,0
BRDA:251,28,1,0
BRDA:255,29,0,0
BRDA:255,29,1,0
BRDA:271,30,0,0
BRDA:271,30,1,0
BRDA:290,31,0,0
BRDA:290,31,1,0
BRDA:292,32,0,0
BRDA:292,32,1,0
BRDA:300,33,0,0
BRDA:300,33,1,0
BRDA:304,34,0,0
BRDA:304,34,1,0
BRF:71
BRH:0
end_of_record
TN:
SF:src/app/api/deployment-report/route.ts
FN:4,GET
FN:15,(anonymous_2)
FN:52,(anonymous_3)
FN:62,(anonymous_4)
FN:75,(anonymous_5)
FN:85,(anonymous_6)
FN:91,(anonymous_7)
FN:106,(anonymous_8)
FN:127,(anonymous_9)
FN:163,(anonymous_10)
FN:202,(anonymous_11)
FN:222,(anonymous_12)
FN:225,(anonymous_13)
FN:237,(anonymous_14)
FN:247,(anonymous_15)
FN:251,(anonymous_16)
FN:254,(anonymous_17)
FN:257,(anonymous_18)
FNF:18
FNH:0
FNDA:0,GET
FNDA:0,(anonymous_2)
FNDA:0,(anonymous_3)
FNDA:0,(anonymous_4)
FNDA:0,(anonymous_5)
FNDA:0,(anonymous_6)
FNDA:0,(anonymous_7)
FNDA:0,(anonymous_8)
FNDA:0,(anonymous_9)
FNDA:0,(anonymous_10)
FNDA:0,(anonymous_11)
FNDA:0,(anonymous_12)
FNDA:0,(anonymous_13)
FNDA:0,(anonymous_14)
FNDA:0,(anonymous_15)
FNDA:0,(anonymous_16)
FNDA:0,(anonymous_17)
FNDA:0,(anonymous_18)
DA:1,0
DA:2,0
DA:4,0
DA:5,0
DA:6,0
DA:9,0
DA:14,0
DA:15,0
DA:17,0
DA:18,0
DA:22,0
DA:23,0
DA:28,0
DA:30,0
DA:31,0
DA:35,0
DA:39,0
DA:47,0
DA:51,0
DA:52,0
DA:53,0
DA:57,0
DA:61,0
DA:62,0
DA:63,0
DA:64,0
DA:65,0
DA:70,0
DA:74,0
DA:75,0
DA:76,0
DA:80,0
DA:84,0
DA:85,0
DA:86,0
DA:90,0
DA:91,0
DA:92,0
DA:93,0
DA:94,0
DA:95,0
DA:96,0
DA:97,0
DA:98,0
DA:102,0
DA:103,0
DA:104,0
DA:106,0
DA:107,0
DA:108,0
DA:109,0
DA:110,0
DA:111,0
DA:113,0
DA:114,0
DA:115,0
DA:116,0
DA:117,0
DA:119,0
DA:120,0
DA:121,0
DA:126,0
DA:127,0
DA:128,0
DA:129,0
DA:131,0
DA:132,0
DA:133,0
DA:135,0
DA:136,0
DA:149,0
DA:150,0
DA:151,0
DA:152,0
DA:153,0
DA:155,0
DA:156,0
DA:157,0
DA:162,0
DA:163,0
DA:164,0
DA:165,0
DA:167,0
DA:168,0
DA:169,0
DA:170,0
DA:171,0
DA:172,0
DA:173,0
DA:175,0
DA:176,0
DA:188,0
DA:189,0
DA:190,0
DA:191,0
DA:192,0
DA:196,0
DA:197,0
DA:198,0
DA:199,0
DA:200,0
DA:202,0
DA:203,0
DA:204,0
DA:205,0
DA:207,0
DA:208,0
DA:209,0
DA:211,0
DA:212,0
DA:213,0
DA:214,0
DA:218,0
DA:221,0
DA:222,0
DA:223,0
DA:224,0
DA:225,0
DA:226,0
DA:228,0
DA:237,0
DA:238,0
DA:247,0
DA:251,0
DA:253,0
DA:254,0
DA:256,0
DA:257,0
DA:259,0
DA:276,0
DA:277,0
LF:131
LH:0
BRDA:14,0,0,0
BRDA:14,0,1,0
BRDA:17,1,0,0
BRDA:17,1,1,0
BRDA:30,2,0,0
BRDA:30,2,1,0
BRDA:30,3,0,0
BRDA:30,3,1,0
BRDA:30,4,0,0
BRDA:30,4,1,0
BRDA:52,5,0,0
BRDA:52,5,1,0
BRDA:62,6,0,0
BRDA:62,6,1,0
BRDA:64,7,0,0
BRDA:64,7,1,0
BRDA:75,8,0,0
BRDA:75,8,1,0
BRDA:85,9,0,0
BRDA:85,9,1,0
BRDA:91,10,0,0
BRDA:91,10,1,0
BRDA:92,11,0,0
BRDA:92,11,1,0
BRDA:92,11,2,0
BRDA:93,12,0,0
BRDA:93,12,1,0
BRDA:94,13,0,0
BRDA:94,13,1,0
BRDA:97,14,0,0
BRDA:97,14,1,0
BRDA:106,15,0,0
BRDA:106,15,1,0
BRDA:107,16,0,0
BRDA:107,16,1,0
BRDA:108,17,0,0
BRDA:108,17,1,0
BRDA:109,18,0,0
BRDA:109,18,1,0
BRDA:110,19,0,0
BRDA:110,19,1,0
BRDA:113,20,0,0
BRDA:113,20,1,0
BRDA:114,21,0,0
BRDA:114,21,1,0
BRDA:115,22,0,0
BRDA:115,22,1,0
BRDA:119,23,0,0
BRDA:119,23,1,0
BRDA:120,24,0,0
BRDA:120,24,1,0
BRDA:129,25,0,0
BRDA:129,25,1,0
BRDA:132,26,0,0
BRDA:132,26,1,0
BRDA:133,27,0,0
BRDA:133,27,1,0
BRDA:135,28,0,0
BRDA:135,28,1,0
BRDA:137,29,0,0
BRDA:137,29,1,0
BRDA:138,30,0,0
BRDA:138,30,1,0
BRDA:139,31,0,0
BRDA:139,31,1,0
BRDA:155,32,0,0
BRDA:155,32,1,0
BRDA:165,33,0,0
BRDA:165,33,1,0
BRDA:168,34,0,0
BRDA:168,34,1,0
BRDA:169,35,0,0
BRDA:169,35,1,0
BRDA:170,36,0,0
BRDA:170,36,1,0
BRDA:171,37,0,0
BRDA:171,37,1,0
BRDA:172,38,0,0
BRDA:172,38,1,0
BRDA:173,39,0,0
BRDA:173,39,1,0
[...]
DA:184,0
DA:185,0
DA:186,0
DA:187,0
DA:188,0
DA:190,0
DA:191,0
DA:192,0
DA:193,0
DA:195,0
DA:196,0
DA:197,0
DA:198,0
DA:199,0
DA:200,0
DA:201,0
DA:202,0
DA:203,0
DA:204,0
DA:205,0
DA:206,0
DA:207,0
DA:208,0
DA:209,0
DA:210,0
DA:211,0
DA:212,0
DA:213,0
DA:216,0
DA:217,0
DA:218,0
DA:221,0
DA:222,0
DA:223,0
DA:224,0
DA:225,0
DA:226,0
DA:227,0
DA:228,0
DA:229,0
DA:231,0
DA:232,0
DA:233,0
DA:234,0
DA:235,0
DA:236,0
DA:238,0
DA:242,0
DA:243,0
DA:244,0
DA:245,0
DA:248,0
DA:249,0
DA:250,0
DA:252,0
DA:253,0
DA:259,0
DA:260,0
DA:261,0
DA:262,0
DA:263,0
DA:264,0
DA:265,0
DA:268,0
DA:271,0
DA:272,0
DA:273,0
DA:274,0
DA:276,0
DA:277,0
DA:278,0
DA:279,0
DA:280,0
DA:281,0
DA:282,0
DA:283,0
DA:284,0
DA:288,0
DA:289,0
DA:290,0
DA:292,0
DA:293,0
DA:294,0
DA:295,0
DA:296,0
DA:297,0
DA:298,0
DA:299,0
DA:306,0
DA:307,0
DA:308,0
DA:312,0
DA:313,0
DA:314,0
DA:315,0
DA:317,0
DA:318,0
DA:319,0
DA:320,0
DA:321,0
DA:322,0
DA:323,0
DA:324,0
DA:325,0
DA:328,0
DA:338,0
DA:343,0
DA:348,0
DA:350,0
DA:357,0
DA:358,0
DA:361,0
DA:365,0
LF:198
LH:0
BRDA:63,0,0,0
BRDA:63,0,1,0
BRDA:64,1,0,0
BRDA:64,1,1,0
BRDA:66,2,0,0
BRDA:66,2,1,0
BRDA:67,3,0,0
BRDA:67,3,1,0
BRDA:149,4,0,0
BRDA:149,4,1,0
BRDA:156,5,0,0
BRDA:156,5,1,0
BRDA:160,6,0,0
BRDA:160,6,1,0
BRDA:160,7,0,0
BRDA:160,7,1,0
BRDA:196,8,0,0
BRDA:196,8,1,0
BRDA:217,9,0,0
BRDA:217,9,1,0
BRDA:218,10,0,0
BRDA:218,10,1,0
BRDA:227,11,0,0
BRDA:227,11,1,0
BRDA:249,12,0,0
BRDA:249,12,1,0
BRDA:250,13,0,0
BRDA:250,13,1,0
BRDA:250,14,0,0
BRDA:250,14,1,0
BRDA:252,15,0,0
BRDA:252,15,1,0
BRDA:262,16,0,0
BRDA:262,16,1,0
BRDA:263,17,0,0
BRDA:263,17,1,0
BRDA:271,18,0,0
BRDA:271,18,1,0
BRDA:271,19,0,0
BRDA:271,19,1,0
BRDA:272,20,0,0
BRDA:272,20,1,0
BRDA:288,21,0,0
BRDA:288,21,1,0
BRDA:313,22,0,0
BRDA:313,22,1,0
BRDA:357,23,0,0
BRDA:357,23,1,0
BRF:48
BRH:0
end_of_record
TN:
SF:src/lib/rate-limit.ts
FN:50,(anonymous_6)
FN:63,getClientIdentifier
FN:96,rateLimit
FN:221,getRateLimitStatus
FN:246,clearRateLimit
FN:255,clearAllRateLimits
FNF:6
FNH:0
FNDA:0,(anonymous_6)
FNDA:0,getClientIdentifier
FNDA:0,rateLimit
FNDA:0,getRateLimitStatus
FNDA:0,clearRateLimit
FNDA:0,clearAllRateLimits
DA:8,0
DA:47,0
DA:50,0
DA:51,0
DA:52,0
DA:53,0
DA:54,0
DA:65,0
DA:66,0
DA:67,0
DA:69,0
DA:70,0
DA:72,0
DA:73,0
DA:75,0
DA:76,0
DA:80,0
DA:96,0
DA:106,0
DA:109,0
DA:110,0
DA:113,0
DA:114,0
DA:115,0
DA:116,0
DA:119,0
DA:121,0
DA:123,0
DA:127,0
DA:130,0
DA:134,0
DA:135,0
DA:137,0
DA:155,0
DA:156,0
DA:157,0
DA:158,0
DA:160,0
DA:166,0
DA:221,0
DA:227,0
DA:228,0
DA:230,0
DA:231,0
DA:234,0
DA:246,0
DA:247,0
DA:248,0
DA:255,0
DA:256,0
LF:50
LH:0
BRDA:53,0,0,0
BRDA:53,0,1,0
BRDA:69,1,0,0
BRDA:69,1,1,0
BRDA:72,2,0,0
BRDA:72,2,1,0
BRDA:75,3,0,0
BRDA:75,3,1,0
BRDA:98,4,0,0
BRDA:101,5,0,0
BRDA:102,6,0,0
BRDA:103,7,0,0
BRDA:104,8,0,0
BRDA:109,9,0,0
BRDA:109,9,1,0
BRDA:109,10,0,0
BRDA:109,10,1,0
BRDA:121,11,0,0
BRDA:121,11,1,0
BRDA:121,12,0,0
BRDA:121,12,1,0
BRDA:134,13,0,0
BRDA:134,13,1,0
BRDA:230,14,0,0
BRDA:230,14,1,0
BRF:25
BRH:0
end_of_record
TN:
SF:src/lib/sentry.ts
FN:11,setSentryUser
FN:28,clearSentryUser
FN:35,setSentryTags
FN:36,(anonymous_23)
FN:44,setSentryContext
FN:51,captureError
FN:56,(anonymous_26)
FN:58,(anonymous_27)
FN:78,captureMessage
FN:82,(anonymous_29)
FN:84,(anonymous_30)
FN:101,capturePurchaseRequestError
FN:123,captureCapitalTransactionError
FN:145,captureInvoiceError
FN:166,captureDeliveryError
FN:187,captureDatabaseError
FN:206,captureAPIError
FN:227,captureValidationError
FN:249,addBreadcrumb
FN:261,startSpan
FN:278,trackDatabaseQuery
FN:288,(anonymous_41)
FNF:22
FNH:0
FNDA:0,setSentryUser
FNDA:0,clearSentryUser
FNDA:0,setSentryTags
FNDA:0,(anonymous_23)
FNDA:0,setSentryContext
FNDA:0,captureError
FNDA:0,(anonymous_26)
FNDA:0,(anonymous_27)
FNDA:0,captureMessage
FNDA:0,(anonymous_29)
FNDA:0,(anonymous_30)
FNDA:0,capturePurchaseRequestError
FNDA:0,captureCapitalTransactionError
FNDA:0,captureInvoiceError
FNDA:0,captureDeliveryError
FNDA:0,captureDatabaseError
FNDA:0,captureAPIError
FNDA:0,captureValidationError
FNDA:0,addBreadcrumb
FNDA:0,startSpan
FNDA:0,trackDatabaseQuery
FNDA:0,(anonymous_41)
DA:6,0
DA:11,0
DA:17,0
DA:28,0
DA:29,0
DA:35,0
DA:36,0
DA:37,0
DA:44,0
DA:45,0
DA:51,0
DA:56,0
DA:57,0
DA:58,0
DA:59,0
DA:63,0
DA:64,0
DA:67,0
DA:68,0
DA:71,0
DA:78,0
DA:82,0
DA:83,0
DA:84,0
DA:85,0
DA:89,0
DA:90,0
DA:93,0
DA:94,0
DA:101,0
DA:106,0
DA:123,0
DA:128,0
DA:145,0
DA:149,0
DA:166,0
DA:170,0
DA:187,0
DA:188,0
DA:206,0
DA:207,0
DA:227,0
DA:232,0
DA:249,0
DA:250,0
DA:261,0
DA:266,0
DA:278,0
DA:283,0
DA:289,0
DA:291,0
DA:292,0
DA:293,0
DA:295,0
DA:296,0
DA:308,0
DA:310,0
DA:311,0
LF:58
LH:0
BRDA:57,0,0,0
BRDA:57,0,1,0
BRDA:63,1,0,0
BRDA:63,1,1,0
BRDA:67,2,0,0
BRDA:67,2,1,0
BRDA:78,3,0,0
BRDA:83,4,0,0
BRDA:83,4,1,0
BRDA:89,5,0,0
BRDA:89,5,1,0
BRDA:192,6,0,0
BRDA:192,6,1,0
BRDA:212,7,0,0
BRDA:212,7,1,0
BRDA:252,8,0,0
BRDA:252,8,1,0
BRDA:281,9,0,0
BRDA:295,10,0,0
BRDA:295,10,1,0
BRF:20
BRH:0
end_of_record
TN:
SF:src/lib/storage-url.ts
FN:8,parseStorageRefFromUrl
FN:32,createSignedUrlWithFallback
FNF:2
FNH:0
FNDA:0,parseStorageRefFromUrl
FNDA:0,createSignedUrlWithFallback
DA:8,0
DA:9,0
DA:12,0
DA:13,0
DA:14,0
DA:21,0
DA:22,0
DA:23,0
DA:29,0
DA:32,0
DA:41,0
DA:42,0
DA:43,0
DA:44,0
DA:45,0
DA:47,0
DA:48,0
DA:49,0
DA:50,0
DA:52,0
DA:53,0
DA:56,0
DA:57,0
DA:58,0
DA:59,0
DA:63,0
LF:26
LH:0
BRDA:9,0,0,0
BRDA:9,0,1,0
BRDA:13,1,0,0
BRDA:13,1,1,0
BRDA:22,2,0,0
BRDA:22,2,1,0
BRDA:41,3,0,0
BRDA:41,3,1,0
BRDA:42,4,0,0
BRDA:42,4,1,0
BRDA:42,5,0,0
BRDA:42,5,1,0
BRDA:43,6,0,0
BRDA:43,6,1,0
BRDA:43,6,2,0
BRDA:45,7,0,0
BRDA:45,7,1,0
BRDA:48,8,0,0
BRDA:48,8,1,0
BRDA:49,9,0,0
BRDA:49,9,1,0
BRDA:49,10,0,0
BRDA:49,10,1,0
BRDA:52,11,0,0
BRDA:52,11,1,0
BRDA:58,12,0,0
BRDA:58,12,1,0
BRDA:58,13,0,0
BRDA:58,13,1,0
BRF:29
BRH:0
end_of_record
TN:
SF:src/lib/supabase-boq.ts
FN:6,testSupabaseConnection
FN:21,saveBOQToSupabase
FN:58,(anonymous_14)
FN:95,(anonymous_15)
FN:110,getBOQByProjectId
FN:125,(anonymous_17)
FN:127,(anonymous_18)
FN:140,saveScheduleToSupabase
FN:158,(anonymous_20)
FN:177,(anonymous_21)
FN:192,getScheduleByProjectId
FN:212,deleteBOQ
FN:235,deleteSchedule
FN:249,updateScheduleInSupabase
FN:274,(anonymous_26)
FN:296,(anonymous_27)
FNF:16
FNH:0
FNDA:0,testSupabaseConnection
FNDA:0,saveBOQToSupabase
FNDA:0,(anonymous_14)
FNDA:0,(anonymous_15)
FNDA:0,getBOQByProjectId
FNDA:0,(anonymous_17)
FNDA:0,(anonymous_18)
FNDA:0,saveScheduleToSupabase
FNDA:0,(anonymous_20)
FNDA:0,(anonymous_21)
FNDA:0,getScheduleByProjectId
FNDA:0,deleteBOQ
FNDA:0,deleteSchedule
FNDA:0,updateScheduleInSupabase
FNDA:0,(anonymous_26)
FNDA:0,(anonymous_27)
DA:1,0
DA:6,0
DA:7,0
DA:8,0
DA:13,0
DA:14,0
DA:16,0
DA:17,0
DA:21,0
DA:22,0
DA:23,0
DA:24,0
DA:27,0
DA:28,0
DA:30,0
DA:31,0
DA:34,0
DA:38,0
DA:50,0
DA:52,0
DA:53,0
DA:54,0
DA:58,0
DA:59,0
DA:60,0
DA:63,0
DA:65,0
DA:78,0
DA:80,0
DA:84,0
DA:86,0
DA:87,0
DA:88,0
DA:91,0
DA:94,0
DA:95,0
DA:96,0
DA:97,0
DA:99,0
DA:103,0
DA:105,0
DA:106,0
DA:110,0
DA:111,0
DA:112,0
DA:121,0
DA:124,0
DA:125,0
DA:126,0
DA:127,0
DA:132,0
DA:134,0
DA:135,0
DA:140,0
DA:141,0
DA:143,0
DA:155,0
DA:158,0
DA:169,0
DA:173,0
DA:176,0
DA:177,0
DA:178,0
DA:179,0
DA:181,0
DA:185,0
DA:187,0
DA:188,0
DA:192,0
DA:193,0
DA:194,0
DA:203,0
DA:204,0
DA:206,0
DA:207,0
DA:212,0
DA:213,0
DA:214,0
DA:216,0
DA:221,0
DA:223,0
DA:224,0
DA:225,0
DA:228,0
DA:230,0
DA:231,0
DA:235,0
DA:236,0
DA:237,0
DA:242,0
DA:244,0
DA:245,0
DA:249,0
DA:250,0
DA:252,0
DA:261,0
DA:265,0
DA:270,0
DA:273,0
DA:274,0
DA:285,0
DA:289,0
DA:292,0
DA:295,0
DA:296,0
DA:297,0
DA:298,0
DA:300,0
DA:304,0
DA:306,0
DA:307,0
LF:111
LH:0
BRDA:30,0,0,0
BRDA:30,0,1,0
BRDA:31,1,0,0
BRDA:31,1,1,0
BRDA:31,2,0,0
BRDA:31,2,1,0
BRDA:31,2,2,0
BRDA:52,3,0,0
BRDA:52,3,1,0
BRDA:59,4,0,0
BRDA:59,4,1,0
BRDA:60,5,0,0
BRDA:60,5,1,0
BRDA:63,6,0,0
BRDA:63,6,1,0
BRDA:63,6,2,0
BRDA:68,7,0,0
BRDA:68,7,1,0
BRDA:69,8,0,0
BRDA:69,8,1,0
BRDA:70,9,0,0
BRDA:70,9,1,0
BRDA:70,10,0,0
BRDA:70,10,1,0
BRDA:71,11,0,0
BRDA:71,11,1,0
BRDA:72,12,0,0
BRDA:72,12,1,0
BRDA:73,13,0,0
BRDA:73,13,1,0
BRDA:86,14,0,0
BRDA:86,14,1,0
BRDA:121,15,0,0
BRDA:121,15,1,0
BRDA:124,16,0,0
BRDA:124,16,1,0
BRDA:126,17,0,0
BRDA:126,17,1,0
BRDA:127,18,0,0
BRDA:127,18,1,0
BRDA:127,19,0,0
BRDA:127,19,1,0
BRDA:155,20,0,0
BRDA:155,20,1,0
BRDA:173,21,0,0
BRDA:173,21,1,0
BRDA:203,22,0,0
BRDA:203,22,1,0
BRDA:223,23,0,0
BRDA:223,23,1,0
BRDA:242,24,0,0
BRDA:242,24,1,0
BRDA:261,25,0,0
BRDA:261,25,1,0
BRDA:270,26,0,0
BRDA:270,26,1,0
BRDA:273,27,0,0
BRDA:273,27,1,0
BRDA:289,28,0,0
BRDA:289,28,1,0
BRF:60
BRH:0
end_of_record
TN:
SF:src/lib/supabase.ts
FN:18,(anonymous_4)
FN:42,createAuthenticatedSupabaseClient
FNF:2
FNH:0
FNDA:0,(anonymous_4)
FNDA:0,createAuthenticatedSupabaseClient
DA:1,0
DA:4,0
DA:5,0
DA:6,0
DA:7,0
DA:9,0
DA:10,0
DA:14,0
DA:18,0
DA:19,0
DA:21,0
DA:24,0
DA:25,0
DA:26,0
DA:29,0
DA:42,0
DA:43,0
LF:17
LH:0
BRDA:9,0,0,0
BRDA:9,0,1,0
BRDA:9,1,0,0
BRDA:9,1,1,0
BRDA:19,2,0,0
BRDA:19,2,1,0
BRDA:25,3,0,0
BRDA:25,3,1,0
BRF:8
BRH:0
end_of_record
TN:
SF:src/lib/agreements/pdf.ts
FN:4,generateInvestorAgreementPDF
FN:19,(anonymous_2)
FN:30,(anonymous_3)
FN:41,(anonymous_4)
FN:48,(anonymous_5)
FNF:5
FNH:0
FNDA:0,generateInvestorAgreementPDF
FNDA:0,(anonymous_2)
FNDA:0,(anonymous_3)
FNDA:0,(anonymous_4)
FNDA:0,(anonymous_5)
DA:1,0
DA:4,0
DA:8,0
DA:14,0
DA:15,0
DA:16,0
DA:17,0
DA:19,0
DA:20,0
DA:30,0
DA:34,0
DA:35,0
DA:36,0
DA:37,0
DA:38,0
DA:41,0
DA:42,0
DA:43,0
DA:44,0
DA:46,0
DA:47,0
DA:48,0
DA:51,0
DA:52,0
DA:53,0
DA:54,0
DA:55,0
DA:56,0
DA:57,0
DA:58,0
DA:59,0
DA:60,0
DA:61,0
DA:62,0
DA:63,0
DA:65,0
DA:69,0
DA:74,0
DA:78,0
DA:82,0
DA:86,0
DA:87,0
DA:92,0
DA:93,0
DA:94,0
DA:95,0
DA:101,0
DA:102,0
DA:103,0
DA:104,0
DA:105,0
DA:110,0
DA:111,0
DA:114,0
DA:115,0
DA:116,0
DA:118,0
DA:119,0
DA:120,0
DA:122,0
DA:123,0
DA:127,0
DA:134,0
LF:63
LH:0
BRDA:34,0,0,0
BRDA:34,0,1,0
BRDA:35,1,0,0
BRDA:35,1,1,0
BRDA:38,2,0,0
BRDA:38,2,1,0
BRDA:38,3,0,0
BRDA:38,3,1,0
BRDA:42,4,0,0
BRDA:42,4,1,0
BRDA:47,5,0,0
BRDA:47,5,1,0
BRDA:70,6,0,0
BRDA:70,6,1,0
BRDA:110,7,0,0
BRDA:110,7,1,0
BRDA:114,8,0,0
BRDA:114,8,1,0
BRDA:124,9,0,0
BRDA:124,9,1,0
BRDA:124,10,0,0
BRDA:124,10,1,0
BRDA:124,11,0,0
BRDA:124,11,1,0
BRDA:128,12,0,0
BRDA:128,12,1,0
BRDA:129,13,0,0
BRDA:129,13,1,0
BRF:28
BRH:0
end_of_record
TN:
SF:src/lib/agreements/renderer.ts
FN:35,buildInvestorAgreementPayload
FN:80,renderAgreementHTML
FNF:2
FNH:0
FNDA:0,buildInvestorAgreementPayload
FNDA:0,renderAgreementHTML
DA:1,0
DA:6,0
DA:29,0
DA:30,0
DA:31,0
DA:32,0
DA:33,0
DA:35,0
DA:36,0
DA:37,0
DA:45,0
DA:47,0
DA:57,0
DA:80,0
DA:81,0
LF:15
LH:0
BRDA:37,0,0,0
BRDA:37,0,1,0
BRDA:45,1,0,0
BRDA:45,1,1,0
BRDA:47,2,0,0
BRDA:47,2,1,0
BRDA:47,3,0,0
BRDA:47,3,1,0
BRDA:55,4,0,0
BRDA:55,4,1,0
BRDA:62,5,0,0
BRDA:62,5,1,0
BRDA:63,6,0,0
BRDA:63,6,1,0
BRDA:63,6,2,0
BRDA:64,7,0,0
BRDA:64,7,1,0
BRDA:64,7,2,0
BRDA:65,8,0,0
BRDA:65,8,1,0
BRDA:76,9,0,0
BRDA:76,9,1,0
BRF:22
BRH:0
end_of_record
TN:
SF:src/lib/agreements/service.ts
FN:41,randomToken
FN:45,uploadAgreementPdf
FN:70,ensureBucket
FN:72,(anonymous_21)
FN:81,getInvestorById
FN:94,listInvestorAgreements
FN:111,getInvestorAgreement
FN:124,getLatestInvestorAgreementForEmail
FN:151,listAgreementDeliveryLogs
FN:164,createInvestorAgreement
FN:206,regenerateAgreementDraft
FN:288,issueAgreement
FN:311,signInvestorAgreement
FN:417,sendAgreementEmail
FN:469,uploadAgreementFile
FN:522,markAgreementExecuted
FN:563,voidAgreement
FN:587,syncInvestorAgreementStatus
FN:604,createAgreementSignedUrl
FN:615,getInvestorAgreementForCurrentUser
FNF:20
FNH:14
FNDA:2,randomToken
FNDA:2,uploadAgreementPdf
FNDA:2,ensureBucket
FNDA:2,(anonymous_21)
FNDA:9,getInvestorById
FNDA:2,listInvestorAgreements
FNDA:11,getInvestorAgreement
FNDA:0,getLatestInvestorAgreementForEmail
FNDA:0,listAgreementDeliveryLogs
FNDA:2,createInvestorAgreement
FNDA:2,regenerateAgreementDraft
FNDA:2,issueAgreement
FNDA:5,signInvestorAgreement
FNDA:2,sendAgreementEmail
FNDA:0,uploadAgreementFile
FNDA:0,markAgreementExecuted
FNDA:2,voidAgreement
FNDA:3,syncInvestorAgreementStatus
FNDA:0,createAgreementSignedUrl
FNDA:0,getInvestorAgreementForCurrentUser
DA:1,1
DA:2,1
DA:3,1
DA:4,1
DA:5,1
DA:6,1
DA:7,1
DA:15,1
DA:42,2
DA:51,2
DA:52,2
DA:53,2
DA:54,2
DA:56,2
DA:63,2
DA:64,0
DA:67,2
DA:71,2
DA:72,2
DA:73,2
DA:74,0
DA:81,3
DA:82,9
DA:88,9
DA:89,1
DA:91,8
DA:94,2
DA:95,2
DA:100,2
DA:101,1
DA:104,2
DA:105,2
DA:106,0
DA:108,2
DA:111,0
DA:112,11
DA:118,11
DA:119,0
DA:121,11
DA:124,0
DA:125,0
DA:132,0
DA:133,0
DA:135,0
DA:137,0
DA:145,0
DA:146,0
DA:148,0
DA:151,0
DA:152,0
DA:158,0
DA:159,0
DA:161,0
DA:164,2
DA:175,2
DA:176,2
DA:177,1
DA:180,1
DA:197,1
DA:198,0
DA:201,1
DA:203,1
DA:206,2
DA:219,2
DA:220,2
DA:221,0
DA:223,2
DA:224,1
DA:227,1
DA:228,1
DA:229,0
DA:232,1
DA:233,1
DA:234,1
DA:235,1
DA:236,1
DA:237,1
DA:238,1
DA:240,1
DA:250,1
DA:251,1
DA:258,1
DA:281,1
DA:282,0
DA:285,1
DA:288,2
DA:289,2
DA:290,2
DA:291,2
DA:292,1
DA:295,1
DA:307,1
DA:308,1
DA:311,5
DA:318,5
DA:319,5
DA:320,0
DA:323,5
DA:324,5
DA:325,1
DA:327,4
DA:328,1
DA:331,3
DA:332,3
DA:333,0
DA:336,3
DA:337,3
DA:338,0
DA:340,3
DA:341,1
DA:344,2
DA:345,2
DA:346,0
DA:348,2
DA:349,1
DA:352,1
DA:353,1
DA:365,1
DA:366,1
DA:373,1
DA:396,1
DA:397,0
DA:400,1
DA:402,1
DA:403,1
DA:411,0
DA:414,1
DA:417,2
DA:421,2
DA:422,2
DA:423,2
DA:425,1
DA:426,1
DA:429,1
DA:432,1
DA:434,1
DA:440,1
DA:445,1
DA:462,1
DA:463,0
DA:466,1
DA:469,0
DA:475,0
DA:476,0
DA:477,0
DA:479,0
DA:480,0
DA:482,0
DA:483,0
DA:484,0
DA:485,0
DA:486,0
DA:488,0
DA:494,0
DA:495,0
DA:498,0
DA:502,0
DA:503,0
DA:504,0
DA:505,0
DA:507,0
DA:510,0
DA:516,0
DA:517,0
DA:519,0
DA:522,0
DA:523,0
DA:524,0
DA:525,0
DA:526,0
DA:529,0
DA:530,0
DA:541,0
DA:542,0
DA:545,0
DA:546,0
DA:547,0
DA:548,0
DA:549,0
DA:557,0
DA:560,0
DA:563,2
DA:564,2
DA:565,2
DA:566,2
DA:567,1
DA:570,1
DA:582,1
DA:583,1
DA:584,1
DA:587,0
DA:593,3
DA:604,0
DA:605,0
DA:606,0
DA:609,0
DA:610,0
DA:612,0
DA:615,0
DA:619,0
DA:620,0
DA:621,0
DA:623,0
DA:624,0
DA:626,0
DA:627,0
DA:628,0
DA:634,0
DA:635,0
DA:638,0
DA:639,0
LF:211
LH:121
BRDA:63,0,0,0
BRDA:63,0,1,2
BRDA:64,1,0,0
BRDA:64,1,1,0
BRDA:73,2,0,0
BRDA:73,2,1,2
BRDA:88,3,0,1
BRDA:88,3,1,8
BRDA:89,4,0,1
BRDA:89,4,1,0
BRDA:91,5,0,8
BRDA:91,5,1,2
BRDA:100,6,0,1
BRDA:100,6,1,1
BRDA:105,7,0,0
BRDA:105,7,1,2
BRDA:106,8,0,0
BRDA:106,8,1,0
BRDA:108,9,0,2
BRDA:108,9,1,0
BRDA:118,10,0,0
BRDA:118,10,1,11
BRDA:119,11,0,0
BRDA:119,11,1,0
BRDA:121,12,0,11
BRDA:121,12,1,0
BRDA:132,13,0,0
BRDA:132,13,1,0
BRDA:133,14,0,0
BRDA:133,14,1,0
BRDA:135,15,0,0
BRDA:135,15,1,0
BRDA:145,16,0,0
BRDA:145,16,1,0
BRDA:146,17,0,0
BRDA:146,17,1,0
BRDA:148,18,0,0
BRDA:148,18,1,0
BRDA:158,19,0,0
BRDA:158,19,1,0
BRDA:159,20,0,0
BRDA:159,20,1,0
BRDA:161,21,0,0
BRDA:161,21,1,0
BRDA:176,22,0,1
BRDA:176,22,1,1
BRDA:186,23,0,1
BRDA:186,23,1,1
BRDA:186,23,2,0
BRDA:187,24,0,1
BRDA:187,24,1,1
BRDA:187,24,2,0
BRDA:190,25,0,1
BRDA:190,25,1,1
BRDA:197,26,0,0
BRDA:197,26,1,1
BRDA:198,27,0,0
BRDA:198,27,1,0
BRDA:220,28,0,0
BRDA:220,28,1,2
BRDA:223,29,0,1
BRDA:223,29,1,1
BRDA:228,30,0,0
BRDA:228,30,1,1
BRDA:232,31,0,1
BRDA:232,31,1,0
BRDA:232,32,0,1
BRDA:232,32,1,1
BRDA:233,33,0,1
BRDA:233,33,1,1
BRDA:234,34,0,1
BRDA:234,34,1,1
BRDA:234,34,2,0
BRDA:234,34,3,0
BRDA:235,35,0,1
BRDA:235,35,1,1
BRDA:235,35,2,0
BRDA:235,35,3,0
BRDA:236,36,0,1
BRDA:236,36,1,1
BRDA:236,36,2,0
BRDA:237,37,0,1
BRDA:237,37,1,1
BRDA:237,37,2,0
BRDA:238,38,0,1
BRDA:238,38,1,1
BRDA:238,38,2,1
BRDA:281,39,0,0
BRDA:281,39,1,1
BRDA:282,40,0,0
BRDA:282,40,1,0
BRDA:290,41,0,0
BRDA:290,41,1,2
BRDA:291,42,0,1
BRDA:291,42,1,1
BRDA:299,43,0,1
BRDA:299,43,1,1
BRDA:307,44,0,0
BRDA:307,44,1,1
BRDA:307,45,0,0
BRDA:307,45,1,0
BRDA:319,46,0,0
BRDA:319,46,1,5
BRDA:324,47,0,1
BRDA:324,47,1,4
BRDA:327,48,0,1
BRDA:327,48,1,3
BRDA:327,49,0,4
BRDA:327,49,1,4
BRDA:327,49,2,3
BRDA:332,50,0,0
BRDA:332,50,1,3
BRDA:337,51,0,0
BRDA:337,51,1,3
BRDA:340,52,0,1
BRDA:340,52,1,2
BRDA:345,53,0,0
BRDA:345,53,1,2
BRDA:348,54,0,1
BRDA:348,54,1,1
BRDA:355,55,0,1
BRDA:355,55,1,0
BRDA:357,56,0,1
BRDA:357,56,1,0
BRDA:357,56,2,0
BRDA:358,57,0,1
BRDA:358,57,1,0
BRDA:358,57,2,0
BRDA:359,58,0,1
BRDA:359,58,1,0
BRDA:360,59,0,1
BRDA:360,59,1,0
BRDA:361,60,0,1
BRDA:361,60,1,1
BRDA:382,61,0,1
BRDA:382,61,1,0
BRDA:383,62,0,1
BRDA:383,62,1,0
BRDA:396,63,0,0
BRDA:396,63,1,1
BRDA:397,64,0,0
BRDA:397,64,1,0
BRDA:407,65,0,1
BRDA:407,65,1,0
BRDA:422,66,0,0
BRDA:422,66,1,2
BRDA:423,67,0,1
BRDA:423,67,1,1
BRDA:426,68,0,0
BRDA:426,68,1,1
BRDA:429,69,0,1
BRDA:429,69,1,1
BRDA:429,69,2,1
BRDA:430,70,0,0
BRDA:430,70,1,1
BRDA:436,71,0,1
BRDA:436,71,1,0
BRDA:462,72,0,0
BRDA:462,72,1,1
BRDA:463,73,0,0
BRDA:463,73,1,0
BRDA:476,74,0,0
BRDA:476,74,1,0
BRDA:477,75,0,0
BRDA:477,75,1,0
BRDA:480,76,0,0
BRDA:480,76,1,0
BRDA:484,77,0,0
BRDA:484,77,1,0
BRDA:491,78,0,0
BRDA:491,78,1,0
BRDA:494,79,0,0
BRDA:494,79,1,0
BRDA:495,80,0,0
BRDA:495,80,1,0
BRDA:502,81,0,0
BRDA:502,81,1,0
BRDA:516,82,0,0
BRDA:516,82,1,0
BRDA:517,83,0,0
BRDA:517,83,1,0
BRDA:524,84,0,0
BRDA:524,84,1,0
BRDA:525,85,0,0
BRDA:525,85,1,0
BRDA:541,86,0,0
BRDA:541,86,1,0
BRDA:542,87,0,0
BRDA:542,87,1,0
BRDA:547,88,0,0
BRDA:547,88,1,0
BRDA:553,89,0,0
BRDA:553,89,1,0
BRDA:565,90,0,0
BRDA:565,90,1,2
BRDA:566,91,0,1
BRDA:566,91,1,1
BRDA:574,92,0,1
BRDA:574,92,1,0
BRDA:582,93,0,0
BRDA:582,93,1,1
BRDA:582,94,0,0
BRDA:582,94,1,0
BRDA:598,95,0,1
BRDA:598,95,1,2
BRDA:598,96,0,1
BRDA:598,96,1,0
BRDA:604,97,0,0
BRDA:605,98,0,0
BRDA:605,98,1,0
BRDA:609,99,0,0
BRDA:609,99,1,0
BRDA:610,100,0,0
BRDA:610,100,1,0
BRDA:612,101,0,0
BRDA:612,101,1,0
BRDA:620,102,0,0
BRDA:620,102,1,0
BRDA:624,103,0,0
BRDA:624,103,1,0
BRDA:627,104,0,0
BRDA:627,104,1,0
BRDA:634,105,0,0
BRDA:634,105,1,0
BRDA:634,106,0,0
BRDA:634,106,1,0
BRDA:635,107,0,0
BRDA:635,107,1,0
BRF:228
BRH:93
end_of_record
TN:
SF:src/lib/agreements/types.ts
FNF:0
FNH:0
DA:1,0
LF:1
LH:0
BRF:0
BRH:0
end_of_record
TN:
SF:src/lib/agreements/templates/investor-participation-poc.ts
FN:6,renderInvestorParticipationHTML
FNF:1
FNH:0
FNDA:0,renderInvestorParticipationHTML
DA:3,0
DA:4,0
DA:6,0
DA:7,0
LF:4
LH:0
BRDA:29,0,0,0
BRDA:29,0,1,0
BRDA:159,1,0,0
BRDA:159,1,1,0
BRDA:173,2,0,0
BRDA:173,2,1,0
BRDA:174,3,0,0
BRDA:174,3,1,0
BRDA:175,4,0,0
BRDA:175,4,1,0
BRDA:177,5,0,0
BRDA:177,5,1,0
BRDA:179,6,0,0
BRDA:179,6,1,0
BRF:14
BRH:0
end_of_record
TN:
SF:src/lib/notifications/email-templates.ts
FN:5,purchaseRequestSubmittedEmail
FN:25,purchaseRequestStatusEmail
FN:45,investorAgreementReadyEmail
FN:64,investorAgreementExecutedEmail
FN:80,capitalUpdateInvestorEmail
FN:106,capitalReturnProcessedEmail
FN:123,contractorFundsDeployedEmail
FNF:7
FNH:2
FNDA:0,purchaseRequestSubmittedEmail
FNDA:0,purchaseRequestStatusEmail
FNDA:1,investorAgreementReadyEmail
FNDA:1,investorAgreementExecutedEmail
FNDA:0,capitalUpdateInvestorEmail
FNDA:0,capitalReturnProcessedEmail
FNDA:0,contractorFundsDeployedEmail
DA:1,1
DA:5,0
DA:11,0
DA:25,0
DA:32,0
DA:45,1
DA:50,1
DA:64,1
DA:68,1
DA:80,0
DA:87,0
DA:94,0
DA:106,0
DA:112,0
DA:123,0
DA:129,0
LF:16
LH:5
BRDA:95,0,0,0
BRDA:95,0,1,0
BRDA:114,1,0,0
BRDA:114,1,1,0
BRDA:118,2,0,0
BRDA:118,2,1,0
BRDA:131,3,0,0
BRDA:131,3,1,0
BRDA:135,4,0,0
BRDA:135,4,1,0
BRF:10
BRH:0
end_of_record
TN:
SF:src/lib/validations/capital.ts
FNF:0
FNH:0
DA:1,0
DA:8,0
DA:16,0
DA:25,0
DA:36,0
DA:46,0
DA:57,0
DA:68,0
DA:79,0
LF:9
LH:0
BRF:0
BRH:0
end_of_record
TN:
SF:src/lib/validations/common.ts
FNF:0
FNH:0
DA:1,0
DA:11,0
DA:16,0
DA:21,0
DA:26,0
DA:34,0
DA:42,0
DA:49,0
DA:56,0
DA:61,0
LF:10
LH:0
BRF:0
BRH:0
end_of_record
TN:
SF:src/lib/validations/delivery.ts
FNF:0
FNH:0
DA:1,0
DA:10,0
DA:23,0
DA:34,0
DA:42,0
LF:5
LH:0
BRF:0
BRH:0
end_of_record
TN:
SF:src/lib/validations/index.ts
FN:15,formatValidationErrors
FN:16,(anonymous_8)
FN:26,validateRequest
FN:61,validateRequestBody
FNF:4
FNH:0
FNDA:0,formatValidationErrors
FNDA:0,(anonymous_8)
FNDA:0,validateRequest
FNDA:0,validateRequestBody
DA:1,0
DA:2,0
DA:15,0
DA:16,0
DA:26,0
DA:30,0
DA:31,0
DA:32,0
DA:34,0
DA:35,0
DA:36,0
DA:48,0
DA:61,0
DA:65,0
DA:71,0
DA:72,0
DA:73,0
DA:74,0
LF:18
LH:0
BRDA:34,0,0,0
BRDA:34,0,1,0
BRF:2
BRH:0
end_of_record
TN:
SF:src/lib/validations/purchase-requests.ts
FNF:0
FNH:0
DA:1,0
DA:8,0
DA:19,0
DA:27,0
DA:37,0
DA:49,0
DA:66,0
DA:76,0
LF:8
LH:0
BRF:0
BRH:0
end_of_record
TN:
SF:src/types/boq.ts
FNF:0
FNH:0
DA:3,0
DA:13,0
LF:2
LH:0
BRF:0
BRH:0
end_of_record
