TN:
SF:src/middleware.ts
FN:15,(anonymous_3)
FN:71,(anonymous_4)
FNF:2
FNH:0
FNDA:0,(anonymous_3)
FNDA:0,(anonymous_4)
DA:1,0
DA:2,0
DA:3,0
DA:5,0
DA:11,0
DA:15,0
DA:16,0
DA:17,0
DA:20,0
DA:21,0
DA:23,0
DA:24,0
DA:28,0
DA:34,0
DA:35,0
DA:36,0
DA:38,0
DA:39,0
DA:40,0
DA:43,0
DA:49,0
DA:57,0
DA:58,0
DA:60,0
DA:62,0
DA:69,0
DA:70,0
DA:71,0
DA:73,0
DA:74,0
DA:75,0
DA:81,0
DA:82,0
DA:83,0
DA:86,0
DA:87,0
DA:88,0
DA:92,0
DA:95,0
DA:98,0
DA:101,0
DA:104,0
DA:108,0
DA:109,0
DA:110,0
DA:111,0
DA:115,0
DA:117,0
DA:123,0
DA:124,0
DA:125,0
DA:126,0
DA:129,0
DA:132,0
DA:134,0
DA:136,0
DA:137,0
DA:141,0
DA:144,0
LF:59
LH:0
BRDA:20,0,0,0
BRDA:20,0,1,0
BRDA:20,1,0,0
BRDA:20,1,1,0
BRDA:34,2,0,0
BRDA:34,2,1,0
BRDA:34,3,0,0
BRDA:34,3,1,0
BRDA:51,4,0,0
BRDA:51,4,1,0
BRDA:57,5,0,0
BRDA:57,5,1,0
BRDA:57,6,0,0
BRDA:57,6,1,0
BRDA:69,7,0,0
BRDA:69,7,1,0
BRDA:73,8,0,0
BRDA:73,8,1,0
BRDA:81,9,0,0
BRDA:81,9,1,0
BRDA:81,10,0,0
BRDA:81,10,1,0
BRDA:86,11,0,0
BRDA:86,11,1,0
BRDA:86,12,0,0
BRDA:86,12,1,0
BRDA:108,13,0,0
BRDA:108,13,1,0
BRDA:115,14,0,0
BRDA:115,14,1,0
BRDA:123,15,0,0
BRDA:123,15,1,0
BRF:32
BRH:0
end_of_record
TN:
SF:src/app/layout.tsx
FN:10,RootLayout
FNF:1
FNH:0
FNDA:0,RootLayout
DA:2,0
DA:3,0
DA:5,0
DA:10,0
DA:15,0
DA:17,0
DA:18,0
LF:7
LH:0
BRDA:17,0,0,0
BRDA:17,0,1,0
BRF:2
BRH:0
end_of_record
TN:
SF:src/app/page.tsx
FN:4,Home
FNF:1
FNH:0
FNDA:0,Home
DA:1,0
DA:2,0
DA:4,0
LF:3
LH:0
BRF:0
BRH:0
end_of_record
TN:
SF:src/app/about/page.tsx
FN:6,AboutUs
FNF:1
FNH:0
FNDA:0,AboutUs
DA:1,0
DA:2,0
DA:3,0
DA:4,0
DA:6,0
LF:5
LH:0
BRF:0
BRH:0
end_of_record
TN:
SF:src/app/admin/page.tsx
FN:7,AdminHomePage
FNF:1
FNH:0
FNDA:0,AdminHomePage
DA:1,0
DA:2,0
DA:3,0
DA:5,0
DA:7,0
DA:8,0
DA:10,0
DA:11,0
DA:14,0
LF:9
LH:0
BRDA:10,0,0,0
BRDA:10,0,1,0
BRF:2
BRH:0
end_of_record
TN:
SF:src/app/admin/capital/page.tsx
FN:7,AdminCapitalPage
FNF:1
FNH:0
FNDA:0,AdminCapitalPage
DA:1,0
DA:2,0
DA:3,0
DA:5,0
DA:7,0
DA:8,0
DA:10,0
DA:11,0
DA:14,0
LF:9
LH:0
BRDA:10,0,0,0
BRDA:10,0,1,0
BRF:2
BRH:0
end_of_record
TN:
SF:src/app/admin/finance/page.tsx
FN:7,AdminFinancePage
FNF:1
FNH:0
FNDA:0,AdminFinancePage
DA:1,0
DA:2,0
DA:3,0
DA:5,0
DA:7,0
DA:8,0
DA:10,0
DA:11,0
DA:14,0
LF:9
LH:0
BRDA:10,0,0,0
BRDA:10,0,1,0
BRF:2
BRH:0
end_of_record
TN:
SF:src/app/admin/investors/page.tsx
FN:7,AdminInvestorsPage
FNF:1
FNH:0
FNDA:0,AdminInvestorsPage
DA:1,0
DA:2,0
DA:3,0
DA:5,0
DA:7,0
DA:8,0
DA:10,0
DA:11,0
DA:14,0
LF:9
LH:0
BRDA:10,0,0,0
BRDA:10,0,1,0
BRF:2
BRH:0
end_of_record
TN:
SF:src/app/admin/verification/page.tsx
FN:7,AdminVerificationPage
FNF:1
FNH:0
FNDA:0,AdminVerificationPage
DA:1,0
DA:2,0
DA:3,0
DA:5,0
DA:7,0
DA:8,0
DA:10,0
DA:11,0
DA:14,0
LF:9
LH:0
BRDA:10,0,0,0
BRDA:10,0,1,0
BRF:2
BRH:0
end_of_record
TN:
SF:src/app/api/admin/capital/accounts/route.ts
FN:10,GET
FNF:1
FNH:0
FNDA:0,GET
DA:1,0
DA:2,0
DA:3,0
DA:5,0
DA:10,0
DA:11,0
DA:12,0
DA:14,0
DA:15,0
DA:17,0
DA:30,0
DA:31,0
DA:34,0
DA:36,0
DA:37,0
DA:38,0
DA:44,0
DA:49,0
DA:50,0
LF:19
LH:0
BRDA:30,0,0,0
BRDA:30,0,1,0
BRDA:36,1,0,0
BRDA:36,1,1,0
BRDA:45,2,0,0
BRDA:45,2,1,0
BRF:6
BRH:0
end_of_record
TN:
SF:src/app/api/admin/capital/transactions/route.ts
FN:10,GET
FN:67,(anonymous_4)
FN:91,POST
FN:224,(anonymous_6)
FN:243,(anonymous_7)
FN:262,(anonymous_8)
FN:270,(anonymous_9)
FN:290,(anonymous_10)
FN:368,(anonymous_11)
FN:386,(anonymous_12)
FNF:10
FNH:0
FNDA:0,GET
FNDA:0,(anonymous_4)
FNDA:0,POST
FNDA:0,(anonymous_6)
FNDA:0,(anonymous_7)
FNDA:0,(anonymous_8)
FNDA:0,(anonymous_9)
FNDA:0,(anonymous_10)
FNDA:0,(anonymous_11)
FNDA:0,(anonymous_12)
DA:1,0
DA:2,0
DA:3,0
DA:5,0
DA:10,0
DA:11,0
DA:12,0
DA:14,0
DA:15,0
DA:16,0
DA:17,0
DA:18,0
DA:19,0
DA:21,0
DA:23,0
DA:41,0
DA:42,0
DA:45,0
DA:46,0
DA:49,0
DA:50,0
DA:54,0
DA:56,0
DA:58,0
DA:59,0
DA:60,0
DA:67,0
DA:72,0
DA:83,0
DA:84,0
DA:91,0
DA:92,0
DA:93,0
DA:94,0
DA:96,0
DA:108,0
DA:110,0
DA:111,0
DA:117,0
DA:118,0
DA:124,0
DA:129,0
DA:130,0
DA:134,0
DA:135,0
DA:136,0
DA:144,0
DA:145,0
DA:146,0
DA:153,0
DA:154,0
DA:155,0
DA:162,0
DA:163,0
DA:169,0
DA:170,0
DA:173,0
DA:174,0
DA:181,0
DA:192,0
DA:194,0
DA:195,0
DA:196,0
DA:202,0
DA:209,0
DA:210,0
DA:211,0
DA:217,0
DA:218,0
DA:224,0
DA:225,0
DA:226,0
DA:228,0
DA:229,0
DA:230,0
DA:231,0
DA:233,0
DA:234,0
DA:236,0
DA:237,0
DA:240,0
DA:242,0
DA:243,0
DA:247,0
DA:248,0
DA:254,0
DA:255,0
DA:261,0
DA:263,0
DA:269,0
DA:270,0
DA:271,0
DA:272,0
DA:273,0
DA:274,0
DA:276,0
DA:278,0
DA:290,0
DA:292,0
DA:293,0
DA:299,0
DA:316,0
DA:317,0
DA:318,0
DA:324,0
DA:329,0
DA:330,0
DA:331,0
DA:332,0
DA:333,0
DA:335,0
DA:336,0
DA:350,0
DA:351,0
DA:352,0
DA:358,0
DA:360,0
DA:361,0
DA:362,0
DA:368,0
DA:369,0
DA:370,0
DA:371,0
DA:374,0
DA:375,0
DA:382,0
DA:383,0
DA:385,0
DA:386,0
DA:391,0
DA:392,0
DA:393,0
DA:399,0
DA:400,0
DA:406,0
DA:412,0
DA:414,0
DA:417,0
DA:421,0
DA:430,0
DA:431,0
DA:434,0
DA:435,0
DA:438,0
DA:439,0
DA:442,0
DA:443,0
DA:446,0
DA:447,0
DA:450,0
DA:451,0
DA:454,0
DA:472,0
DA:473,0
DA:474,0
DA:481,0
DA:482,0
DA:492,0
DA:497,0
DA:498,0
DA:499,0
DA:509,0
DA:510,0
DA:512,0
DA:520,0
DA:521,0
DA:526,0
DA:535,0
DA:536,0
LF:169
LH:0
BRDA:15,0,0,0
BRDA:15,0,1,0
BRDA:16,1,0,0
BRDA:16,1,1,0
BRDA:17,2,0,0
BRDA:17,2,1,0
BRDA:18,3,0,0
BRDA:18,3,1,0
BRDA:19,4,0,0
BRDA:19,4,1,0
BRDA:41,5,0,0
BRDA:41,5,1,0
BRDA:45,6,0,0
BRDA:45,6,1,0
BRDA:49,7,0,0
BRDA:49,7,1,0
BRDA:58,8,0,0
BRDA:58,8,1,0
BRDA:67,9,0,0
BRDA:67,9,1,0
BRDA:77,10,0,0
BRDA:77,10,1,0
BRDA:78,11,0,0
BRDA:78,11,1,0
BRDA:110,12,0,0
BRDA:110,12,1,0
BRDA:110,13,0,0
BRDA:110,13,1,0
BRDA:110,13,2,0
BRDA:117,14,0,0
BRDA:117,14,1,0
BRDA:117,15,0,0
BRDA:117,15,1,0
BRDA:124,16,0,0
BRDA:124,16,1,0
BRDA:124,17,0,0
BRDA:124,17,1,0
BRDA:129,18,0,0
BRDA:129,18,1,0
BRDA:129,19,0,0
BRDA:129,19,1,0
BRDA:134,20,0,0
BRDA:134,20,1,0
BRDA:145,21,0,0
BRDA:145,21,1,0
BRDA:154,22,0,0
BRDA:154,22,1,0
BRDA:154,23,0,0
BRDA:154,23,1,0
BRDA:162,24,0,0
BRDA:162,24,1,0
BRDA:162,25,0,0
BRDA:162,25,1,0
BRDA:162,25,2,0
BRDA:169,26,0,0
BRDA:169,26,1,0
BRDA:173,27,0,0
BRDA:173,27,1,0
BRDA:173,28,0,0
BRDA:173,28,1,0
BRDA:178,29,0,0
BRDA:178,29,1,0
BRDA:184,30,0,0
BRDA:184,30,1,0
BRDA:192,31,0,0
BRDA:192,31,1,0
BRDA:194,32,0,0
BRDA:194,32,1,0
BRDA:195,33,0,0
BRDA:195,33,1,0
BRDA:209,34,0,0
BRDA:209,34,1,0
BRDA:217,35,0,0
BRDA:217,35,1,0
BRDA:217,36,0,0
BRDA:217,36,1,0
BRDA:225,37,0,0
BRDA:225,37,1,0
BRDA:228,38,0,0
BRDA:228,38,1,0
BRDA:229,39,0,0
BRDA:229,39,1,0
BRDA:230,40,0,0
BRDA:230,40,1,0
BRDA:230,41,0,0
BRDA:230,41,1,0
BRDA:233,42,0,0
BRDA:233,42,1,0
BRDA:233,43,0,0
BRDA:233,43,1,0
BRDA:247,44,0,0
BRDA:247,44,1,0
BRDA:254,45,0,0
BRDA:254,45,1,0
BRDA:271,46,0,0
BRDA:271,46,1,0
BRDA:273,47,0,0
BRDA:273,47,1,0
BRDA:283,48,0,0
BRDA:283,48,1,0
BRDA:292,49,0,0
BRDA:292,49,1,0
BRDA:316,50,0,0
BRDA:316,50,1,0
BRDA:335,51,0,0
BRDA:335,51,1,0
BRDA:335,52,0,0
BRDA:335,52,1,0
BRDA:350,53,0,0
BRDA:350,53,1,0
BRDA:350,54,0,0
BRDA:350,54,1,0
BRDA:358,55,0,0
BRDA:358,55,1,0
BRDA:360,56,0,0
BRDA:360,56,1,0
BRDA:361,57,0,0
BRDA:361,57,1,0
BRDA:368,58,0,0
BRDA:368,58,1,0
BRDA:369,59,0,0
BRDA:369,59,1,0
BRDA:370,60,0,0
BRDA:370,60,1,0
BRDA:374,61,0,0
BRDA:374,61,1,0
BRDA:382,62,0,0
BRDA:382,62,1,0
BRDA:385,63,0,0
BRDA:385,63,1,0
BRDA:386,64,0,0
BRDA:386,64,1,0
BRDA:392,65,0,0
BRDA:392,65,1,0
BRDA:399,66,0,0
BRDA:399,66,1,0
BRDA:426,67,0,0
BRDA:426,67,1,0
BRDA:430,68,0,0
BRDA:430,68,1,0
BRDA:434,69,0,0
BRDA:434,69,1,0
BRDA:438,70,0,0
BRDA:438,70,1,0
BRDA:442,71,0,0
BRDA:442,71,1,0
BRDA:446,72,0,0
BRDA:446,72,1,0
BRDA:450,73,0,0
BRDA:450,73,1,0
BRDA:472,74,0,0
BRDA:472,74,1,0
BRDA:481,75,0,0
BRDA:481,75,1,0
BRDA:481,76,0,0
BRDA:481,76,1,0
BRDA:487,77,0,0
BRDA:487,77,1,0
BRDA:489,78,0,0
BRDA:489,78,1,0
BRDA:497,79,0,0
BRDA:497,79,1,0
BRDA:497,80,0,0
BRDA:497,80,1,0
BRDA:505,81,0,0
BRDA:505,81,1,0
BRDA:509,82,0,0
BRDA:509,82,1,0
BRDA:520,83,0,0
BRDA:520,83,1,0
BRF:170
BRH:0
end_of_record
TN:
SF:src/app/api/admin/contractors/route.ts
FN:7,GET
FN:21,(anonymous_4)
FN:26,(anonymous_5)
FN:51,(anonymous_6)
FN:76,(anonymous_7)
FN:77,(anonymous_8)
FN:78,(anonymous_9)
FN:79,(anonymous_10)
FN:80,(anonymous_11)
FN:104,PUT
FNF:10
FNH:0
FNDA:0,GET
FNDA:0,(anonymous_4)
FNDA:0,(anonymous_5)
FNDA:0,(anonymous_6)
FNDA:0,(anonymous_7)
FNDA:0,(anonymous_8)
FNDA:0,(anonymous_9)
FNDA:0,(anonymous_10)
FNDA:0,(anonymous_11)
FNDA:0,PUT
DA:1,0
DA:2,0
DA:3,0
DA:4,0
DA:7,0
DA:8,0
DA:10,0
DA:11,0
DA:12,0
DA:13,0
DA:14,0
DA:17,0
DA:20,0
DA:21,0
DA:25,0
DA:27,0
DA:28,0
DA:29,0
DA:30,0
DA:32,0
DA:39,0
DA:40,0
DA:51,0
DA:53,0
DA:54,0
DA:56,0
DA:57,0
DA:61,0
DA:64,0
DA:76,0
DA:77,0
DA:78,0
DA:79,0
DA:80,0
DA:86,0
DA:89,0
DA:90,0
DA:96,0
DA:104,0
DA:105,0
DA:107,0
DA:116,0
DA:118,0
DA:119,0
DA:127,0
DA:129,0
DA:130,0
DA:136,0
DA:143,0
DA:146,0
DA:147,0
DA:153,0
DA:160,0
DA:164,0
DA:168,0
DA:169,0
DA:172,0
DA:176,0
DA:177,0
DA:180,0
DA:181,0
DA:182,0
DA:184,0
DA:185,0
DA:191,0
DA:192,0
DA:198,0
DA:199,0
DA:205,0
DA:210,0
DA:211,0
DA:215,0
DA:221,0
DA:223,0
DA:231,0
DA:236,0
DA:243,0
DA:246,0
DA:247,0
DA:253,0
LF:80
LH:0
BRDA:13,0,0,0
BRDA:13,0,1,0
BRDA:14,1,0,0
BRDA:14,1,1,0
BRDA:20,2,0,0
BRDA:20,2,1,0
BRDA:29,3,0,0
BRDA:29,3,1,0
BRDA:30,4,0,0
BRDA:30,4,1,0
BRDA:53,5,0,0
BRDA:53,5,1,0
BRDA:53,6,0,0
BRDA:53,6,1,0
BRDA:56,7,0,0
BRDA:56,7,1,0
BRDA:56,8,0,0
BRDA:56,8,1,0
BRDA:89,9,0,0
BRDA:89,9,1,0
BRDA:89,10,0,0
BRDA:89,10,1,0
BRDA:89,10,2,0
BRDA:118,11,0,0
BRDA:118,11,1,0
BRDA:118,12,0,0
BRDA:118,12,1,0
BRDA:127,13,0,0
BRDA:127,13,1,0
BRDA:127,13,2,0
BRDA:127,13,3,0
BRDA:127,13,4,0
BRDA:127,13,5,0
BRDA:129,14,0,0
BRDA:129,14,1,0
BRDA:146,15,0,0
BRDA:146,15,1,0
BRDA:180,16,0,0
BRDA:180,16,1,0
BRDA:181,17,0,0
BRDA:181,17,1,0
BRDA:182,18,0,0
BRDA:182,18,1,0
BRDA:184,19,0,0
BRDA:184,19,1,0
BRDA:184,20,0,0
BRDA:184,20,1,0
BRDA:184,20,2,0
BRDA:191,21,0,0
BRDA:191,21,1,0
BRDA:191,22,0,0
BRDA:191,22,1,0
BRDA:191,22,2,0
BRDA:198,23,0,0
BRDA:198,23,1,0
BRDA:198,24,0,0
BRDA:198,24,1,0
BRDA:221,25,0,0
BRDA:221,25,1,0
BRDA:227,26,0,0
BRDA:227,26,1,0
BRDA:227,27,0,0
BRDA:227,27,1,0
BRDA:238,28,0,0
BRDA:238,28,1,0
BRDA:246,29,0,0
BRDA:246,29,1,0
BRDA:246,30,0,0
BRDA:246,30,1,0
BRDA:246,30,2,0
BRF:70
BRH:0
end_of_record
TN:
SF:src/app/api/admin/documents/[contractorId]/[documentType]/route.ts
FN:5,GET
FNF:1
FNH:0
FNDA:0,GET
DA:1,0
DA:2,0
DA:3,0
DA:5,0
DA:9,0
DA:11,0
DA:13,0
DA:16,0
DA:22,0
DA:23,0
DA:29,0
DA:30,0
DA:31,0
DA:38,0
DA:39,0
DA:42,0
DA:46,0
DA:47,0
DA:48,0
DA:55,0
DA:58,0
DA:61,0
DA:62,0
DA:68,0
LF:24
LH:0
BRDA:22,0,0,0
BRDA:22,0,1,0
BRDA:22,1,0,0
BRDA:22,1,1,0
BRDA:30,2,0,0
BRDA:30,2,1,0
BRDA:30,3,0,0
BRDA:30,3,1,0
BRDA:30,3,2,0
BRDA:46,4,0,0
BRDA:46,4,1,0
BRDA:61,5,0,0
BRDA:61,5,1,0
BRDA:61,6,0,0
BRDA:61,6,1,0
BRDA:61,6,2,0
BRF:16
BRH:0
end_of_record
TN:
SF:src/app/api/admin/finance/overview/route.ts
FN:36,GET
FN:50,(anonymous_2)
FN:90,(anonymous_3)
FN:99,(anonymous_4)
FN:111,(anonymous_5)
FN:112,(anonymous_6)
FN:124,(anonymous_7)
FN:140,(anonymous_8)
FN:161,(anonymous_9)
FN:206,(anonymous_10)
FNF:10
FNH:0
FNDA:0,GET
FNDA:0,(anonymous_2)
FNDA:0,(anonymous_3)
FNDA:0,(anonymous_4)
FNDA:0,(anonymous_5)
FNDA:0,(anonymous_6)
FNDA:0,(anonymous_7)
FNDA:0,(anonymous_8)
FNDA:0,(anonymous_9)
FNDA:0,(anonymous_10)
DA:1,0
DA:2,0
DA:3,0
DA:36,0
DA:37,0
DA:38,0
DA:40,0
DA:44,0
DA:45,0
DA:46,0
DA:49,0
DA:50,0
DA:52,0
DA:53,0
DA:67,0
DA:72,0
DA:73,0
DA:74,0
DA:77,0
DA:84,0
DA:85,0
DA:86,0
DA:89,0
DA:90,0
DA:91,0
DA:92,0
DA:93,0
DA:94,0
DA:97,0
DA:98,0
DA:99,0
DA:100,0
DA:101,0
DA:102,0
DA:103,0
DA:104,0
DA:105,0
DA:106,0
DA:107,0
DA:111,0
DA:112,0
DA:114,0
DA:115,0
DA:116,0
DA:121,0
DA:122,0
DA:124,0
DA:125,0
DA:130,0
DA:131,0
DA:132,0
DA:137,0
DA:138,0
DA:140,0
DA:141,0
DA:146,0
DA:157,0
DA:158,0
DA:159,0
DA:161,0
DA:162,0
DA:163,0
DA:164,0
DA:165,0
DA:167,0
DA:168,0
DA:169,0
DA:171,0
DA:172,0
DA:173,0
DA:174,0
DA:185,0
DA:186,0
DA:187,0
DA:188,0
DA:189,0
DA:190,0
DA:193,0
DA:195,0
DA:206,0
DA:209,0
DA:210,0
LF:82
LH:0
BRDA:44,0,0,0
BRDA:44,0,1,0
BRDA:49,1,0,0
BRDA:49,1,1,0
BRDA:52,2,0,0
BRDA:52,2,1,0
BRDA:72,3,0,0
BRDA:72,3,1,0
BRDA:84,4,0,0
BRDA:84,4,1,0
BRDA:91,5,0,0
BRDA:91,5,1,0
BRDA:92,6,0,0
BRDA:92,6,1,0
BRDA:93,7,0,0
BRDA:93,7,1,0
BRDA:100,8,0,0
BRDA:100,8,1,0
BRDA:101,9,0,0
BRDA:101,9,1,0
BRDA:102,10,0,0
BRDA:102,10,1,0
BRDA:103,11,0,0
BRDA:103,11,1,0
BRDA:105,12,0,0
BRDA:105,12,1,0
BRDA:106,13,0,0
BRDA:106,13,1,0
BRDA:115,14,0,0
BRDA:115,14,1,0
BRDA:121,15,0,0
BRDA:121,15,1,0
BRDA:131,16,0,0
BRDA:131,16,1,0
BRDA:137,17,0,0
BRDA:137,17,1,0
BRDA:162,18,0,0
BRDA:162,18,1,0
BRDA:163,19,0,0
BRDA:163,19,1,0
BRDA:164,20,0,0
BRDA:164,20,1,0
BRDA:165,21,0,0
BRDA:165,21,1,0
BRDA:173,22,0,0
BRDA:173,22,1,0
BRDA:174,23,0,0
BRDA:174,23,1,0
BRDA:176,24,0,0
BRDA:176,24,1,0
BRDA:177,25,0,0
BRDA:177,25,1,0
BRF:52
BRH:0
end_of_record
TN:
SF:src/app/api/admin/investors/route.ts
FN:5,inviteInvestorToClerk
FN:30,(anonymous_4)
FN:35,(anonymous_5)
FN:55,GET
FN:114,POST
FNF:5
FNH:0
FNDA:0,inviteInvestorToClerk
FNDA:0,(anonymous_4)
FNDA:0,(anonymous_5)
FNDA:0,GET
FNDA:0,POST
DA:1,0
DA:2,0
DA:3,0
DA:6,0
DA:7,0
DA:8,0
DA:9,0
DA:12,0
DA:13,0
DA:28,0
DA:29,0
DA:30,0
DA:31,0
DA:32,0
DA:33,0
DA:34,0
DA:35,0
DA:37,0
DA:41,0
DA:42,0
DA:46,0
DA:50,0
DA:55,0
DA:56,0
DA:58,0
DA:60,0
DA:61,0
DA:62,0
DA:63,0
DA:64,0
DA:66,0
DA:68,0
DA:74,0
DA:75,0
DA:78,0
DA:79,0
DA:83,0
DA:85,0
DA:87,0
DA:88,0
DA:89,0
DA:95,0
DA:106,0
DA:107,0
DA:114,0
DA:115,0
DA:117,0
DA:118,0
DA:120,0
DA:121,0
DA:124,0
DA:125,0
DA:132,0
DA:133,0
DA:134,0
DA:141,0
DA:142,0
DA:143,0
DA:149,0
DA:165,0
DA:166,0
DA:167,0
DA:172,0
DA:173,0
DA:179,0
DA:181,0
DA:187,0
DA:188,0
LF:68
LH:0
BRDA:6,0,0,0
BRDA:6,0,1,0
BRDA:7,1,0,0
BRDA:7,1,1,0
BRDA:28,2,0,0
BRDA:28,2,1,0
BRDA:31,3,0,0
BRDA:31,3,1,0
BRDA:32,4,0,0
BRDA:32,4,1,0
BRDA:35,5,0,0
BRDA:35,5,1,0
BRDA:41,6,0,0
BRDA:41,6,1,0
BRDA:61,7,0,0
BRDA:61,7,1,0
BRDA:62,8,0,0
BRDA:62,8,1,0
BRDA:63,9,0,0
BRDA:63,9,1,0
BRDA:64,10,0,0
BRDA:64,10,1,0
BRDA:74,11,0,0
BRDA:74,11,1,0
BRDA:78,12,0,0
BRDA:78,12,1,0
BRDA:87,13,0,0
BRDA:87,13,1,0
BRDA:100,14,0,0
BRDA:100,14,1,0
BRDA:101,15,0,0
BRDA:101,15,1,0
BRDA:124,16,0,0
BRDA:124,16,1,0
BRDA:124,17,0,0
BRDA:124,17,1,0
BRDA:124,17,2,0
BRDA:133,18,0,0
BRDA:133,18,1,0
BRDA:142,19,0,0
BRDA:142,19,1,0
BRDA:165,20,0,0
BRDA:165,20,1,0
BRDA:166,21,0,0
BRDA:166,21,1,0
BRF:45
BRH:0
end_of_record
TN:
SF:src/app/api/admin/investors/[id]/route.ts
FN:10,deleteInvestorFromClerk
FN:39,(anonymous_5)
FN:59,GET
FN:98,PUT
FN:199,DELETE
FNF:5
FNH:0
FNDA:0,deleteInvestorFromClerk
FNDA:0,(anonymous_5)
FNDA:0,GET
FNDA:0,PUT
FNDA:0,DELETE
DA:1,0
DA:2,0
DA:3,0
DA:5,0
DA:11,0
DA:12,0
DA:13,0
DA:14,0
DA:17,0
DA:18,0
DA:27,0
DA:28,0
DA:29,0
DA:30,0
DA:33,0
DA:34,0
DA:35,0
DA:38,0
DA:40,0
DA:41,0
DA:48,0
DA:49,0
DA:50,0
DA:55,0
DA:59,0
DA:63,0
DA:64,0
DA:65,0
DA:67,0
DA:73,0
DA:74,0
DA:75,0
DA:80,0
DA:81,0
DA:87,0
DA:90,0
DA:91,0
DA:98,0
DA:102,0
DA:103,0
DA:104,0
DA:105,0
DA:107,0
DA:108,0
DA:111,0
DA:112,0
DA:119,0
DA:120,0
DA:121,0
DA:128,0
DA:129,0
DA:130,0
DA:137,0
DA:138,0
DA:139,0
DA:145,0
DA:154,0
DA:155,0
DA:158,0
DA:165,0
DA:166,0
DA:167,0
DA:172,0
DA:173,0
DA:178,0
DA:179,0
DA:185,0
DA:191,0
DA:192,0
DA:199,0
DA:203,0
DA:204,0
DA:205,0
DA:207,0
DA:213,0
DA:214,0
DA:220,0
DA:225,0
DA:226,0
DA:227,0
DA:233,0
DA:235,0
DA:240,0
DA:241,0
LF:84
LH:0
BRDA:11,0,0,0
BRDA:11,0,1,0
BRDA:12,1,0,0
BRDA:12,1,1,0
BRDA:27,2,0,0
BRDA:27,2,1,0
BRDA:34,3,0,0
BRDA:34,3,1,0
BRDA:34,4,0,0
BRDA:34,4,1,0
BRDA:40,5,0,0
BRDA:40,5,1,0
BRDA:48,6,0,0
BRDA:48,6,1,0
BRDA:48,7,0,0
BRDA:48,7,1,0
BRDA:73,8,0,0
BRDA:73,8,1,0
BRDA:74,9,0,0
BRDA:74,9,1,0
BRDA:111,10,0,0
BRDA:111,10,1,0
BRDA:111,11,0,0
BRDA:111,11,1,0
BRDA:111,11,2,0
BRDA:120,12,0,0
BRDA:120,12,1,0
BRDA:129,13,0,0
BRDA:129,13,1,0
BRDA:138,14,0,0
BRDA:138,14,1,0
BRDA:138,15,0,0
BRDA:138,15,1,0
BRDA:154,16,0,0
BRDA:154,16,1,0
BRDA:165,17,0,0
BRDA:165,17,1,0
BRDA:166,18,0,0
BRDA:166,18,1,0
BRDA:172,19,0,0
BRDA:172,19,1,0
BRDA:213,20,0,0
BRDA:213,20,1,0
BRDA:213,21,0,0
BRDA:213,21,1,0
BRDA:225,22,0,0
BRDA:225,22,1,0
BRF:47
BRH:0
end_of_record
TN:
SF:src/app/api/admin/material-requests/route.ts
FN:6,GET
FN:65,(anonymous_4)
FN:68,(anonymous_5)
FN:97,PUT
FNF:4
FNH:0
FNDA:0,GET
FNDA:0,(anonymous_4)
FNDA:0,(anonymous_5)
FNDA:0,PUT
DA:1,0
DA:2,0
DA:3,0
DA:6,0
DA:7,0
DA:8,0
DA:9,0
DA:10,0
DA:16,0
DA:17,0
DA:18,0
DA:19,0
DA:20,0
DA:22,0
DA:27,0
DA:40,0
DA:41,0
DA:43,0
DA:44,0
DA:46,0
DA:47,0
DA:50,0
DA:52,0
DA:53,0
DA:54,0
DA:61,0
DA:66,0
DA:68,0
DA:69,0
DA:70,0
DA:71,0
DA:74,0
DA:77,0
DA:85,0
DA:86,0
DA:97,0
DA:98,0
DA:99,0
DA:100,0
DA:101,0
DA:104,0
DA:111,0
DA:113,0
DA:114,0
DA:119,0
DA:120,0
DA:125,0
DA:131,0
DA:137,0
DA:138,0
DA:141,0
DA:142,0
DA:148,0
DA:153,0
DA:155,0
DA:157,0
DA:158,0
DA:159,0
DA:162,0
DA:163,0
DA:164,0
DA:165,0
DA:169,0
DA:171,0
DA:172,0
DA:176,0
DA:183,0
DA:184,0
DA:190,0
DA:192,0
DA:199,0
DA:200,0
LF:72
LH:0
BRDA:9,0,0,0
BRDA:9,0,1,0
BRDA:20,1,0,0
BRDA:20,1,1,0
BRDA:40,2,0,0
BRDA:40,2,1,0
BRDA:43,3,0,0
BRDA:43,3,1,0
BRDA:46,4,0,0
BRDA:46,4,1,0
BRDA:52,5,0,0
BRDA:52,5,1,0
BRDA:56,6,0,0
BRDA:56,6,1,0
BRDA:66,7,0,0
BRDA:66,7,1,0
BRDA:69,8,0,0
BRDA:69,8,1,0
BRDA:70,9,0,0
BRDA:70,9,1,0
BRDA:80,10,0,0
BRDA:80,10,1,0
BRDA:81,11,0,0
BRDA:81,11,1,0
BRDA:89,12,0,0
BRDA:89,12,1,0
BRDA:100,13,0,0
BRDA:100,13,1,0
BRDA:110,14,0,0
BRDA:113,15,0,0
BRDA:113,15,1,0
BRDA:113,16,0,0
BRDA:113,16,1,0
BRDA:119,17,0,0
BRDA:119,17,1,0
BRDA:137,18,0,0
BRDA:137,18,1,0
BRDA:137,19,0,0
BRDA:137,19,1,0
BRDA:141,20,0,0
BRDA:141,20,1,0
BRDA:155,21,0,0
BRDA:155,21,1,0
BRDA:155,21,2,0
BRDA:183,22,0,0
BRDA:183,22,1,0
BRDA:203,23,0,0
BRDA:203,23,1,0
BRF:48
BRH:0
end_of_record
TN:
SF:src/app/api/admin/projects/route.ts
FN:10,GET
FNF:1
FNH:0
FNDA:0,GET
DA:1,0
DA:2,0
DA:3,0
DA:5,0
DA:10,0
DA:11,0
DA:12,0
DA:14,0
DA:15,0
DA:17,0
DA:22,0
DA:23,0
DA:26,0
DA:28,0
DA:29,0
DA:30,0
DA:36,0
DA:41,0
DA:42,0
LF:19
LH:0
BRDA:15,0,0,0
BRDA:15,0,1,0
BRDA:22,1,0,0
BRDA:22,1,1,0
BRDA:28,2,0,0
BRDA:28,2,1,0
BRDA:37,3,0,0
BRDA:37,3,1,0
BRF:8
BRH:0
end_of_record
TN:
SF:src/app/api/admin/purchase-invoices/[path]/route.ts
FN:6,GET
FNF:1
FNH:0
FNDA:0,GET
DA:1,0
DA:2,0
DA:3,0
DA:6,0
DA:10,0
DA:12,0
DA:13,0
DA:14,0
DA:21,0
DA:22,0
DA:24,0
DA:25,0
DA:32,0
DA:34,0
DA:35,0
DA:42,0
DA:51,0
DA:52,0
LF:18
LH:0
BRDA:13,0,0,0
BRDA:13,0,1,0
BRDA:24,1,0,0
BRDA:24,1,1,0
BRDA:34,2,0,0
BRDA:34,2,1,0
BRF:6
BRH:0
end_of_record
TN:
SF:src/app/api/admin/purchase-requests/route.ts
FN:47,(anonymous_3)
FN:64,fetchPurchaseSummary
FN:75,(anonymous_5)
FN:86,fetchPurchaseRequests
FN:130,(anonymous_7)
FN:164,(anonymous_8)
FN:171,(anonymous_9)
FN:183,(anonymous_10)
FN:192,(anonymous_11)
FN:193,(anonymous_12)
FN:206,(anonymous_13)
FN:207,(anonymous_14)
FN:242,(anonymous_15)
FN:250,(anonymous_16)
FN:270,GET
FN:303,PUT
FN:381,(anonymous_19)
FNF:17
FNH:0
FNDA:0,(anonymous_3)
FNDA:0,fetchPurchaseSummary
FNDA:0,(anonymous_5)
FNDA:0,fetchPurchaseRequests
FNDA:0,(anonymous_7)
FNDA:0,(anonymous_8)
FNDA:0,(anonymous_9)
FNDA:0,(anonymous_10)
FNDA:0,(anonymous_11)
FNDA:0,(anonymous_12)
FNDA:0,(anonymous_13)
FNDA:0,(anonymous_14)
FNDA:0,(anonymous_15)
FNDA:0,(anonymous_16)
FNDA:0,GET
FNDA:0,PUT
FNDA:0,(anonymous_19)
DA:1,0
DA:2,0
DA:47,0
DA:65,0
DA:66,0
DA:70,0
DA:71,0
DA:72,0
DA:75,0
DA:76,0
DA:77,0
DA:78,0
DA:79,0
DA:83,0
DA:87,0
DA:88,0
DA:90,0
DA:115,0
DA:116,0
DA:118,0
DA:119,0
DA:121,0
DA:124,0
DA:126,0
DA:127,0
DA:130,0
DA:131,0
DA:133,0
DA:134,0
DA:160,0
DA:161,0
DA:164,0
DA:165,0
DA:166,0
DA:167,0
DA:171,0
DA:172,0
DA:174,0
DA:175,0
DA:180,0
DA:181,0
DA:183,0
DA:184,0
DA:192,0
DA:193,0
DA:206,0
DA:207,0
DA:209,0
DA:230,0
DA:231,0
DA:232,0
DA:239,0
DA:240,0
DA:242,0
DA:243,0
DA:244,0
DA:245,0
DA:250,0
DA:251,0
DA:252,0
DA:253,0
DA:254,0
DA:256,0
DA:264,0
DA:270,0
DA:271,0
DA:272,0
DA:273,0
DA:274,0
DA:275,0
DA:277,0
DA:282,0
DA:295,0
DA:296,0
DA:303,0
DA:304,0
DA:305,0
DA:310,0
DA:312,0
DA:313,0
DA:319,0
DA:320,0
DA:321,0
DA:327,0
DA:333,0
DA:334,0
DA:340,0
DA:341,0
DA:346,0
DA:348,0
DA:350,0
DA:351,0
DA:352,0
DA:353,0
DA:355,0
DA:356,0
DA:357,0
DA:358,0
DA:359,0
DA:361,0
DA:362,0
DA:363,0
DA:366,0
DA:371,0
DA:372,0
DA:373,0
DA:379,0
DA:380,0
DA:382,0
DA:387,0
DA:388,0
DA:390,0
DA:393,0
DA:401,0
DA:406,0
DA:407,0
DA:408,0
DA:414,0
DA:416,0
DA:422,0
DA:423,0
LF:121
LH:0
BRDA:70,0,0,0
BRDA:70,0,1,0
BRDA:76,1,0,0
BRDA:76,1,1,0
BRDA:78,2,0,0
BRDA:78,2,1,0
BRDA:86,3,0,0
BRDA:87,4,0,0
BRDA:87,4,1,0
BRDA:88,5,0,0
BRDA:88,5,1,0
BRDA:115,6,0,0
BRDA:115,6,1,0
BRDA:115,7,0,0
BRDA:115,7,1,0
BRDA:118,8,0,0
BRDA:118,8,1,0
BRDA:118,9,0,0
BRDA:118,9,1,0
BRDA:126,10,0,0
BRDA:126,10,1,0
BRDA:130,11,0,0
BRDA:130,11,1,0
BRDA:133,12,0,0
BRDA:133,12,1,0
BRDA:160,13,0,0
BRDA:160,13,1,0
BRDA:165,14,0,0
BRDA:165,14,1,0
BRDA:171,15,0,0
BRDA:171,15,1,0
BRDA:174,16,0,0
BRDA:174,16,1,0
BRDA:180,17,0,0
BRDA:180,17,1,0
BRDA:192,18,0,0
BRDA:192,18,1,0
BRDA:193,19,0,0
BRDA:193,19,1,0
BRDA:201,20,0,0
BRDA:201,20,1,0
BRDA:202,21,0,0
BRDA:202,21,1,0
BRDA:202,21,2,0
BRDA:203,22,0,0
BRDA:203,22,1,0
BRDA:206,23,0,0
BRDA:206,23,1,0
BRDA:207,24,0,0
BRDA:207,24,1,0
BRDA:207,25,0,0
BRDA:207,25,1,0
BRDA:222,26,0,0
BRDA:222,26,1,0
BRDA:231,27,0,0
BRDA:231,27,1,0
BRDA:239,28,0,0
BRDA:239,28,1,0
BRDA:243,29,0,0
BRDA:243,29,1,0
BRDA:244,30,0,0
BRDA:244,30,1,0
BRDA:245,31,0,0
BRDA:245,31,1,0
BRDA:251,32,0,0
BRDA:251,32,1,0
BRDA:252,33,0,0
BRDA:252,33,1,0
BRDA:254,34,0,0
BRDA:254,34,1,0
BRDA:266,35,0,0
BRDA:266,35,1,0
BRDA:273,36,0,0
BRDA:273,36,1,0
BRDA:274,37,0,0
BRDA:274,37,1,0
BRDA:275,38,0,0
BRDA:275,38,1,0
BRDA:312,39,0,0
BRDA:312,39,1,0
BRDA:320,40,0,0
BRDA:320,40,1,0
BRDA:320,41,0,0
BRDA:320,41,1,0
BRDA:333,42,0,0
BRDA:333,42,1,0
BRDA:333,43,0,0
BRDA:333,43,1,0
BRDA:343,44,0,0
BRDA:343,44,1,0
BRDA:348,45,0,0
BRDA:348,45,1,0
BRDA:348,45,2,0
BRDA:357,46,0,0
BRDA:357,46,1,0
BRDA:371,47,0,0
BRDA:371,47,1,0
BRDA:379,48,0,0
BRDA:379,48,1,0
BRDA:379,49,0,0
BRDA:379,49,1,0
BRDA:387,50,0,0
BRDA:387,50,1,0
BRDA:406,51,0,0
BRDA:406,51,1,0
BRDA:418,52,0,0
BRDA:418,52,1,0
BRF:107
BRH:0
end_of_record
TN:
SF:src/app/api/admin/takeoff-drawing/route.ts
FN:5,GET
FNF:1
FNH:0
FNDA:0,GET
DA:1,0
DA:2,0
DA:5,0
DA:6,0
DA:7,0
DA:8,0
DA:10,0
DA:11,0
DA:18,0
DA:24,0
DA:25,0
DA:31,0
DA:32,0
DA:41,0
DA:43,0
DA:44,0
DA:45,0
DA:46,0
DA:48,0
DA:49,0
DA:52,0
DA:55,0
DA:56,0
DA:63,0
DA:67,0
DA:68,0
DA:69,0
DA:75,0
DA:84,0
DA:85,0
LF:30
LH:0
BRDA:10,0,0,0
BRDA:10,0,1,0
BRDA:24,1,0,0
BRDA:24,1,1,0
BRDA:24,2,0,0
BRDA:24,2,1,0
BRDA:31,3,0,0
BRDA:31,3,1,0
BRDA:43,4,0,0
BRDA:43,4,1,0
BRDA:46,5,0,0
BRDA:46,5,1,0
BRDA:67,6,0,0
BRDA:67,6,1,0
BRF:14
BRH:0
end_of_record
TN:
SF:src/app/api/admin/takeoff-verification/route.ts
FN:5,GET
FN:49,(anonymous_5)
FN:77,PUT
FN:156,POST
FNF:4
FNH:0
FNDA:0,GET
FNDA:0,(anonymous_5)
FNDA:0,PUT
FNDA:0,POST
DA:1,0
DA:2,0
DA:5,0
DA:6,0
DA:7,0
DA:8,0
DA:9,0
DA:10,0
DA:13,0
DA:27,0
DA:28,0
DA:29,0
DA:36,0
DA:41,0
DA:48,0
DA:49,0
DA:50,0
DA:51,0
DA:55,0
DA:68,0
DA:69,0
DA:77,0
DA:78,0
DA:79,0
DA:87,0
DA:89,0
DA:90,0
DA:97,0
DA:105,0
DA:106,0
DA:109,0
DA:110,0
DA:113,0
DA:127,0
DA:128,0
DA:129,0
DA:136,0
DA:141,0
DA:147,0
DA:148,0
DA:156,0
DA:157,0
DA:158,0
DA:159,0
DA:161,0
DA:162,0
DA:168,0
DA:176,0
DA:182,0
DA:183,0
DA:184,0
DA:190,0
DA:196,0
DA:197,0
LF:54
LH:0
BRDA:8,0,0,0
BRDA:8,0,1,0
BRDA:9,1,0,0
BRDA:9,1,1,0
BRDA:10,2,0,0
BRDA:10,2,1,0
BRDA:27,3,0,0
BRDA:27,3,1,0
BRDA:48,4,0,0
BRDA:48,4,1,0
BRDA:48,5,0,0
BRDA:48,5,1,0
BRDA:50,6,0,0
BRDA:50,6,1,0
BRDA:58,7,0,0
BRDA:58,7,1,0
BRDA:63,8,0,0
BRDA:63,8,1,0
BRDA:89,9,0,0
BRDA:89,9,1,0
BRDA:89,10,0,0
BRDA:89,10,1,0
BRDA:105,11,0,0
BRDA:105,11,1,0
BRDA:109,12,0,0
BRDA:109,12,1,0
BRDA:127,13,0,0
BRDA:127,13,1,0
BRDA:136,14,0,0
BRDA:136,14,1,0
BRDA:161,15,0,0
BRDA:161,15,1,0
BRDA:161,16,0,0
BRDA:161,16,1,0
BRDA:161,16,2,0
BRDA:182,17,0,0
BRDA:182,17,1,0
BRDA:193,18,0,0
BRDA:193,18,1,0
BRF:39
BRH:0
end_of_record
TN:
SF:src/app/api/ai-boq-analysis/route.ts
FN:4,POST
FN:26,(anonymous_2)
FN:42,(anonymous_3)
FN:208,parseTextResponse
FNF:4
FNH:0
FNDA:0,POST
FNDA:0,(anonymous_2)
FNDA:0,(anonymous_3)
FNDA:0,parseTextResponse
DA:1,0
DA:2,0
DA:4,0
DA:5,0
DA:6,0
DA:7,0
DA:8,0
DA:11,0
DA:13,0
DA:14,0
DA:20,0
DA:21,0
DA:22,0
DA:26,0
DA:27,0
DA:29,0
DA:31,0
DA:33,0
DA:35,0
DA:37,0
DA:42,0
DA:45,0
DA:90,0
DA:91,0
DA:114,0
DA:115,0
DA:116,0
DA:121,0
DA:124,0
DA:125,0
DA:127,0
DA:128,0
DA:132,0
DA:133,0
DA:135,0
DA:136,0
DA:137,0
DA:139,0
DA:142,0
DA:143,0
DA:146,0
DA:149,0
DA:159,0
DA:162,0
DA:187,0
DA:199,0
DA:200,0
DA:209,0
DA:210,0
DA:212,0
DA:214,0
DA:216,0
DA:217,0
DA:218,0
DA:233,0
LF:55
LH:0
BRDA:7,0,0,0
BRDA:7,0,1,0
BRDA:13,1,0,0
BRDA:13,1,1,0
BRDA:13,2,0,0
BRDA:13,2,1,0
BRDA:21,3,0,0
BRDA:21,3,1,0
BRDA:27,4,0,0
BRDA:27,4,1,0
BRDA:27,4,2,0
BRDA:27,4,3,0
BRDA:27,4,4,0
BRDA:42,5,0,0
BRDA:42,5,1,0
BRDA:45,6,0,0
BRDA:45,6,1,0
BRDA:48,7,0,0
BRDA:48,7,1,0
BRDA:50,8,0,0
BRDA:50,8,1,0
BRDA:51,9,0,0
BRDA:51,9,1,0
BRDA:59,10,0,0
BRDA:59,10,1,0
BRDA:81,11,0,0
BRDA:81,11,1,0
BRDA:86,12,0,0
BRDA:86,12,1,0
BRDA:114,13,0,0
BRDA:114,13,1,0
BRDA:127,14,0,0
BRDA:127,14,1,0
BRDA:136,15,0,0
BRDA:136,15,1,0
BRDA:191,16,0,0
BRDA:191,16,1,0
BRDA:202,17,0,0
BRDA:202,17,1,0
BRDA:214,18,0,0
BRDA:214,18,1,0
BRDA:214,19,0,0
BRDA:214,19,1,0
BRDA:214,19,2,0
BRDA:214,19,3,0
BRDA:217,20,0,0
BRDA:217,20,1,0
BRDA:226,21,0,0
BRDA:226,21,1,0
BRDA:226,22,0,0
BRDA:226,22,1,0
BRF:51
BRH:0
end_of_record
TN:
SF:src/app/api/analyze-boq/route.ts
FN:10,POST
FN:78,(anonymous_3)
FN:86,(anonymous_4)
FN:183,(anonymous_5)
FN:188,(anonymous_6)
FNF:5
FNH:0
FNDA:0,POST
FNDA:0,(anonymous_3)
FNDA:0,(anonymous_4)
FNDA:0,(anonymous_5)
FNDA:0,(anonymous_6)
DA:1,0
DA:2,0
DA:3,0
DA:4,0
DA:6,0
DA:10,0
DA:11,0
DA:13,0
DA:14,0
DA:15,0
DA:18,0
DA:20,0
DA:21,0
DA:25,0
DA:30,0
DA:33,0
DA:39,0
DA:40,0
DA:48,0
DA:53,0
DA:54,0
DA:60,0
DA:63,0
DA:68,0
DA:69,0
DA:75,0
DA:78,0
DA:86,0
DA:96,0
DA:102,0
DA:103,0
DA:117,0
DA:118,0
DA:121,0
DA:135,0
DA:153,0
DA:155,0
DA:156,0
DA:159,0
DA:162,0
DA:163,0
DA:165,0
DA:166,0
DA:173,0
DA:174,0
DA:180,0
DA:183,0
DA:188,0
DA:196,0
DA:202,0
DA:206,0
DA:207,0
DA:208,0
DA:214,0
DA:217,0
DA:218,0
DA:219,0
DA:221,0
DA:227,0
DA:242,0
DA:243,0
LF:61
LH:0
BRDA:14,0,0,0
BRDA:14,0,1,0
BRDA:20,1,0,0
BRDA:20,1,1,0
BRDA:39,2,0,0
BRDA:39,2,1,0
BRDA:39,3,0,0
BRDA:39,3,1,0
BRDA:53,4,0,0
BRDA:53,4,1,0
BRDA:53,5,0,0
BRDA:53,5,1,0
BRDA:53,5,2,0
BRDA:68,6,0,0
BRDA:68,6,1,0
BRDA:68,7,0,0
BRDA:68,7,1,0
BRDA:80,8,0,0
BRDA:80,8,1,0
BRDA:102,9,0,0
BRDA:102,9,1,0
BRDA:102,10,0,0
BRDA:102,10,1,0
BRDA:155,11,0,0
BRDA:155,11,1,0
BRDA:173,12,0,0
BRDA:173,12,1,0
BRDA:173,13,0,0
BRDA:173,13,1,0
BRDA:188,14,0,0
BRDA:188,14,1,0
BRDA:206,15,0,0
BRDA:206,15,1,0
BRDA:217,16,0,0
BRDA:217,16,1,0
BRDA:218,17,0,0
BRDA:218,17,1,0
BRDA:246,18,0,0
BRDA:246,18,1,0
BRF:39
BRH:0
end_of_record
TN:
SF:src/app/api/boq-submissions/route.ts
FN:5,GET
FN:70,POST
FNF:2
FNH:0
FNDA:0,GET
FNDA:0,POST
DA:1,0
DA:2,0
DA:5,0
DA:6,0
DA:7,0
DA:8,0
DA:9,0
DA:11,0
DA:12,0
DA:19,0
DA:28,0
DA:29,0
DA:30,0
DA:36,0
DA:37,0
DA:39,0
DA:45,0
DA:46,0
DA:47,0
DA:53,0
DA:56,0
DA:61,0
DA:62,0
DA:70,0
DA:71,0
DA:72,0
DA:73,0
DA:75,0
DA:76,0
DA:83,0
DA:96,0
DA:97,0
DA:98,0
DA:104,0
DA:109,0
DA:110,0
LF:36
LH:0
BRDA:11,0,0,0
BRDA:11,0,1,0
BRDA:11,1,0,0
BRDA:11,1,1,0
BRDA:28,2,0,0
BRDA:28,2,1,0
BRDA:28,3,0,0
BRDA:28,3,1,0
BRDA:37,4,0,0
BRDA:37,4,1,0
BRDA:45,5,0,0
BRDA:45,5,1,0
BRDA:53,6,0,0
BRDA:53,6,1,0
BRDA:73,7,0,0
BRDA:75,8,0,0
BRDA:75,8,1,0
BRDA:75,9,0,0
BRDA:75,9,1,0
BRDA:96,10,0,0
BRDA:96,10,1,0
BRF:21
BRH:0
end_of_record
TN:
SF:src/app/api/boq-submissions/[id]/submit/route.ts
FN:5,POST
FN:46,(anonymous_2)
FNF:2
FNH:0
FNDA:0,POST
FNDA:0,(anonymous_2)
DA:1,0
DA:2,0
DA:5,0
DA:9,0
DA:10,0
DA:11,0
DA:14,0
DA:25,0
DA:26,0
DA:27,0
DA:28,0
DA:33,0
DA:40,0
DA:45,0
DA:46,0
DA:47,0
DA:50,0
DA:59,0
DA:64,0
DA:65,0
LF:20
LH:0
BRDA:25,0,0,0
BRDA:25,0,1,0
BRDA:27,1,0,0
BRDA:27,1,1,0
BRDA:45,2,0,0
BRDA:45,2,1,0
BRDA:45,3,0,0
BRDA:45,3,1,0
BRDA:46,4,0,0
BRDA:46,4,1,0
BRF:10
BRH:0
end_of_record
TN:
SF:src/app/api/boq-takeoffs/route.ts
FN:6,GET
FN:87,POST
FN:174,PUT
FNF:3
FNH:0
FNDA:0,GET
FNDA:0,POST
FNDA:0,PUT
DA:1,0
DA:2,0
DA:3,0
DA:6,0
DA:7,0
DA:8,0
DA:9,0
DA:10,0
DA:13,0
DA:14,0
DA:15,0
DA:17,0
DA:18,0
DA:21,0
DA:27,0
DA:33,0
DA:34,0
DA:38,0
DA:45,0
DA:46,0
DA:49,0
DA:51,0
DA:52,0
DA:55,0
DA:56,0
DA:63,0
DA:69,0
DA:75,0
DA:76,0
DA:87,0
DA:88,0
DA:89,0
DA:90,0
DA:91,0
DA:94,0
DA:101,0
DA:103,0
DA:104,0
DA:109,0
DA:115,0
DA:121,0
DA:122,0
DA:126,0
DA:139,0
DA:140,0
DA:143,0
DA:144,0
DA:150,0
DA:156,0
DA:162,0
DA:163,0
DA:174,0
DA:175,0
DA:176,0
DA:177,0
DA:178,0
DA:181,0
DA:182,0
DA:184,0
DA:185,0
DA:188,0
DA:192,0
DA:194,0
DA:195,0
DA:200,0
DA:206,0
DA:212,0
DA:213,0
DA:217,0
DA:229,0
DA:230,0
DA:231,0
DA:237,0
DA:243,0
DA:244,0
LF:75
LH:0
BRDA:9,0,0,0
BRDA:9,0,1,0
BRDA:17,1,0,0
BRDA:17,1,1,0
BRDA:33,2,0,0
BRDA:33,2,1,0
BRDA:45,3,0,0
BRDA:45,3,1,0
BRDA:51,4,0,0
BRDA:51,4,1,0
BRDA:55,5,0,0
BRDA:55,5,1,0
BRDA:65,6,0,0
BRDA:65,6,1,0
BRDA:71,7,0,0
BRDA:71,7,1,0
BRDA:79,8,0,0
BRDA:79,8,1,0
BRDA:90,9,0,0
BRDA:90,9,1,0
BRDA:103,10,0,0
BRDA:103,10,1,0
BRDA:103,11,0,0
BRDA:103,11,1,0
BRDA:103,11,2,0
BRDA:121,12,0,0
BRDA:121,12,1,0
BRDA:134,13,0,0
BRDA:134,13,1,0
BRDA:139,14,0,0
BRDA:139,14,1,0
BRDA:143,15,0,0
BRDA:143,15,1,0
BRDA:166,16,0,0
BRDA:166,16,1,0
BRDA:177,17,0,0
BRDA:177,17,1,0
BRDA:184,18,0,0
BRDA:184,18,1,0
BRDA:194,19,0,0
BRDA:194,19,1,0
BRDA:212,20,0,0
BRDA:212,20,1,0
BRDA:221,21,0,0
BRDA:221,21,1,0
BRDA:229,22,0,0
BRDA:229,22,1,0
BRDA:247,23,0,0
BRDA:247,23,1,0
BRF:49
BRH:0
end_of_record
TN:
SF:src/app/api/boq-takeoffs/download/route.ts
FN:5,GET
FNF:1
FNH:0
FNDA:0,GET
DA:1,0
DA:2,0
DA:5,0
DA:6,0
DA:7,0
DA:8,0
DA:10,0
DA:11,0
DA:15,0
DA:21,0
DA:22,0
DA:25,0
DA:26,0
DA:32,0
DA:33,0
DA:34,0
DA:35,0
DA:36,0
DA:37,0
DA:40,0
DA:44,0
DA:48,0
DA:49,0
DA:50,0
DA:57,0
DA:67,0
DA:68,0
LF:27
LH:0
BRDA:10,0,0,0
BRDA:10,0,1,0
BRDA:21,1,0,0
BRDA:21,1,1,0
BRDA:21,2,0,0
BRDA:21,2,1,0
BRDA:25,3,0,0
BRDA:25,3,1,0
BRDA:32,4,0,0
BRDA:32,4,1,0
BRDA:35,5,0,0
BRDA:35,5,1,0
BRDA:48,6,0,0
BRDA:48,6,1,0
BRDA:48,7,0,0
BRDA:48,7,1,0
BRDA:71,8,0,0
BRDA:71,8,1,0
BRF:18
BRH:0
end_of_record
TN:
SF:src/app/api/clients/route.ts
FN:5,GET
FN:40,POST
FN:89,PUT
FNF:3
FNH:0
FNDA:0,GET
FNDA:0,POST
FNDA:0,PUT
DA:1,0
DA:2,0
DA:3,0
DA:5,0
DA:6,0
DA:7,0
DA:8,0
DA:9,0
DA:13,0
DA:14,0
DA:16,0
DA:17,0
DA:21,0
DA:28,0
DA:29,0
DA:30,0
DA:33,0
DA:35,0
DA:36,0
DA:40,0
DA:41,0
DA:42,0
DA:43,0
DA:44,0
DA:48,0
DA:49,0
DA:51,0
DA:52,0
DA:55,0
DA:56,0
DA:60,0
DA:77,0
DA:78,0
DA:79,0
DA:82,0
DA:84,0
DA:85,0
DA:89,0
DA:90,0
DA:91,0
DA:92,0
DA:93,0
DA:96,0
DA:97,0
DA:99,0
DA:100,0
DA:104,0
DA:122,0
DA:123,0
DA:124,0
DA:127,0
DA:129,0
DA:130,0
LF:53
LH:0
BRDA:8,0,0,0
BRDA:8,0,1,0
BRDA:16,1,0,0
BRDA:16,1,1,0
BRDA:28,2,0,0
BRDA:28,2,1,0
BRDA:43,3,0,0
BRDA:43,3,1,0
BRDA:51,4,0,0
BRDA:51,4,1,0
BRDA:55,5,0,0
BRDA:55,5,1,0
BRDA:77,6,0,0
BRDA:77,6,1,0
BRDA:92,7,0,0
BRDA:92,7,1,0
BRDA:99,8,0,0
BRDA:99,8,1,0
BRDA:99,9,0,0
BRDA:99,9,1,0
BRDA:122,10,0,0
BRDA:122,10,1,0
BRF:22
BRH:0
end_of_record
TN:
SF:src/app/api/contact/route.ts
FN:5,POST
FN:107,GET
FNF:2
FNH:0
FNDA:0,POST
FNDA:0,GET
DA:1,0
DA:2,0
DA:5,0
DA:6,0
DA:7,0
DA:17,0
DA:20,0
DA:21,0
DA:28,0
DA:29,0
DA:30,0
DA:37,0
DA:38,0
DA:45,0
DA:55,0
DA:56,0
DA:63,0
DA:78,0
DA:79,0
DA:80,0
DA:89,0
DA:98,0
DA:99,0
DA:107,0
DA:108,0
DA:112,0
DA:113,0
DA:114,0
DA:115,0
DA:117,0
DA:123,0
DA:124,0
DA:127,0
DA:129,0
DA:130,0
DA:131,0
DA:137,0
DA:143,0
DA:144,0
LF:39
LH:0
BRDA:20,0,0,0
BRDA:20,0,1,0
BRDA:20,1,0,0
BRDA:20,1,1,0
BRDA:20,1,2,0
BRDA:20,1,3,0
BRDA:20,1,4,0
BRDA:29,2,0,0
BRDA:29,2,1,0
BRDA:37,3,0,0
BRDA:37,3,1,0
BRDA:55,4,0,0
BRDA:55,4,1,0
BRDA:69,5,0,0
BRDA:69,5,1,0
BRDA:78,6,0,0
BRDA:78,6,1,0
BRDA:114,7,0,0
BRDA:114,7,1,0
BRDA:115,8,0,0
BRDA:115,8,1,0
BRDA:123,9,0,0
BRDA:123,9,1,0
BRDA:123,10,0,0
BRDA:123,10,1,0
BRDA:129,11,0,0
BRDA:129,11,1,0
BRDA:139,12,0,0
BRDA:139,12,1,0
BRF:29
BRH:0
end_of_record
TN:
SF:src/app/api/contractor-access/route.ts
FN:5,GET
FNF:1
FNH:0
FNDA:0,GET
DA:1,0
DA:2,0
DA:3,0
DA:5,0
DA:6,0
DA:8,0
DA:9,0
DA:10,0
DA:17,0
DA:20,0
DA:21,0
DA:22,0
DA:25,0
DA:34,0
DA:36,0
LF:15
LH:0
BRDA:9,0,0,0
BRDA:9,0,1,0
BRDA:21,1,0,0
BRDA:21,1,1,0
BRDA:29,2,0,0
BRDA:29,2,1,0
BRF:6
BRH:0
end_of_record
TN:
SF:src/app/api/contractor-application/route.ts
FN:5,POST
FNF:1
FNH:0
FNDA:0,POST
DA:1,0
DA:5,0
DA:6,0
DA:8,0
LF:4
LH:0
BRF:0
BRH:0
end_of_record
TN:
SF:src/app/api/contractor-application-v2/route.ts
FN:41,POST
FN:93,(anonymous_4)
FN:191,(anonymous_5)
FN:192,(anonymous_6)
FN:195,(anonymous_7)
FN:196,(anonymous_8)
FN:240,getFormFieldName
FN:251,GET
FNF:8
FNH:0
FNDA:0,POST
FNDA:0,(anonymous_4)
FNDA:0,(anonymous_5)
FNDA:0,(anonymous_6)
FNDA:0,(anonymous_7)
FNDA:0,(anonymous_8)
FNDA:0,getFormFieldName
FNDA:0,GET
DA:1,0
DA:2,0
DA:3,0
DA:4,0
DA:41,0
DA:42,0
DA:43,0
DA:46,0
DA:47,0
DA:48,0
DA:54,0
DA:57,0
DA:60,0
DA:85,0
DA:88,0
DA:93,0
DA:94,0
DA:97,0
DA:98,0
DA:105,0
DA:106,0
DA:108,0
DA:109,0
DA:110,0
DA:111,0
DA:125,0
DA:150,0
DA:153,0
DA:154,0
DA:155,0
DA:158,0
DA:161,0
DA:162,0
DA:164,0
DA:165,0
DA:167,0
DA:168,0
DA:170,0
DA:176,0
DA:178,0
DA:179,0
DA:181,0
DA:184,0
DA:185,0
DA:190,0
DA:191,0
DA:192,0
DA:194,0
DA:195,0
DA:196,0
DA:198,0
DA:201,0
DA:202,0
DA:214,0
DA:217,0
DA:230,0
DA:232,0
DA:241,0
DA:247,0
DA:251,0
DA:252,0
DA:253,0
DA:254,0
DA:255,0
DA:257,0
DA:258,0
DA:265,0
DA:266,0
DA:267,0
DA:268,0
DA:269,0
DA:270,0
DA:271,0
DA:274,0
DA:276,0
DA:277,0
DA:284,0
DA:285,0
DA:286,0
DA:288,0
DA:305,0
DA:307,0
LF:82
LH:0
BRDA:47,0,0,0
BRDA:47,0,1,0
BRDA:70,1,0,0
BRDA:70,1,1,0
BRDA:76,2,0,0
BRDA:76,2,1,0
BRDA:77,3,0,0
BRDA:77,3,1,0
BRDA:97,4,0,0
BRDA:97,4,1,0
BRDA:108,5,0,0
BRDA:108,5,1,0
BRDA:108,6,0,0
BRDA:108,6,1,0
BRDA:109,7,0,0
BRDA:109,7,1,0
BRDA:110,8,0,0
BRDA:110,8,1,0
BRDA:129,9,0,0
BRDA:129,9,1,0
BRDA:130,10,0,0
BRDA:130,10,1,0
BRDA:131,11,0,0
BRDA:131,11,1,0
BRDA:132,12,0,0
BRDA:132,12,1,0
BRDA:133,13,0,0
BRDA:133,13,1,0
BRDA:134,14,0,0
BRDA:134,14,1,0
BRDA:137,15,0,0
BRDA:137,15,1,0
BRDA:138,16,0,0
BRDA:138,16,1,0
BRDA:139,17,0,0
BRDA:139,17,1,0
BRDA:140,18,0,0
BRDA:140,18,1,0
BRDA:141,19,0,0
BRDA:141,19,1,0
BRDA:142,20,0,0
BRDA:142,20,1,0
BRDA:143,21,0,0
BRDA:143,21,1,0
BRDA:144,22,0,0
BRDA:144,22,1,0
BRDA:145,23,0,0
BRDA:145,23,1,0
BRDA:154,24,0,0
BRDA:154,24,1,0
BRDA:167,25,0,0
BRDA:167,25,1,0
BRDA:167,26,0,0
BRDA:167,26,1,0
BRDA:178,27,0,0
BRDA:178,27,1,0
BRDA:234,28,0,0
BRDA:234,28,1,0
BRDA:257,29,0,0
BRDA:257,29,1,0
BRDA:257,30,0,0
BRDA:257,30,1,0
BRDA:266,31,0,0
BRDA:266,31,1,0
BRDA:269,32,0,0
BRDA:269,32,1,0
BRDA:274,33,0,0
BRDA:274,33,1,0
BRDA:276,34,0,0
BRDA:276,34,1,0
BRDA:285,35,0,0
BRDA:285,35,1,0
BRDA:286,36,0,0
BRDA:286,36,1,0
BRF:74
BRH:0
end_of_record
TN:
SF:src/app/api/contractor/finance/overview/route.ts
FN:32,GET
FN:61,(anonymous_2)
FN:102,(anonymous_3)
FN:111,(anonymous_4)
FN:123,(anonymous_5)
FN:134,(anonymous_6)
FN:150,(anonymous_7)
FN:173,(anonymous_8)
FN:215,(anonymous_9)
FN:216,(anonymous_10)
FNF:10
FNH:0
FNDA:0,GET
FNDA:0,(anonymous_2)
FNDA:0,(anonymous_3)
FNDA:0,(anonymous_4)
FNDA:0,(anonymous_5)
FNDA:0,(anonymous_6)
FNDA:0,(anonymous_7)
FNDA:0,(anonymous_8)
FNDA:0,(anonymous_9)
FNDA:0,(anonymous_10)
DA:1,0
DA:2,0
DA:3,0
DA:4,0
DA:32,0
DA:33,0
DA:34,0
DA:35,0
DA:36,0
DA:39,0
DA:40,0
DA:41,0
DA:44,0
DA:50,0
DA:55,0
DA:56,0
DA:57,0
DA:60,0
DA:61,0
DA:63,0
DA:64,0
DA:79,0
DA:84,0
DA:85,0
DA:86,0
DA:89,0
DA:96,0
DA:97,0
DA:98,0
DA:101,0
DA:102,0
DA:103,0
DA:104,0
DA:105,0
DA:106,0
DA:109,0
DA:110,0
DA:111,0
DA:112,0
DA:113,0
DA:114,0
DA:115,0
DA:116,0
DA:117,0
DA:118,0
DA:119,0
DA:123,0
DA:124,0
DA:125,0
DA:126,0
DA:131,0
DA:132,0
DA:134,0
DA:135,0
DA:140,0
DA:150,0
DA:151,0
DA:152,0
DA:153,0
DA:154,0
DA:156,0
DA:169,0
DA:170,0
DA:171,0
DA:173,0
DA:174,0
DA:175,0
DA:176,0
DA:177,0
DA:179,0
DA:180,0
DA:181,0
DA:183,0
DA:184,0
DA:185,0
DA:195,0
DA:196,0
DA:197,0
DA:198,0
DA:199,0
DA:200,0
DA:203,0
DA:205,0
DA:215,0
DA:217,0
DA:218,0
DA:219,0
DA:224,0
DA:225,0
LF:89
LH:0
BRDA:35,0,0,0
BRDA:35,0,1,0
BRDA:40,1,0,0
BRDA:40,1,1,0
BRDA:45,2,0,0
BRDA:45,2,1,0
BRDA:46,3,0,0
BRDA:46,3,1,0
BRDA:47,4,0,0
BRDA:47,4,1,0
BRDA:55,5,0,0
BRDA:55,5,1,0
BRDA:60,6,0,0
BRDA:60,6,1,0
BRDA:63,7,0,0
BRDA:63,7,1,0
BRDA:84,8,0,0
BRDA:84,8,1,0
BRDA:96,9,0,0
BRDA:96,9,1,0
BRDA:103,10,0,0
BRDA:103,10,1,0
BRDA:104,11,0,0
BRDA:104,11,1,0
BRDA:105,12,0,0
BRDA:105,12,1,0
BRDA:112,13,0,0
BRDA:112,13,1,0
BRDA:113,14,0,0
BRDA:113,14,1,0
BRDA:114,15,0,0
BRDA:114,15,1,0
BRDA:115,16,0,0
BRDA:115,16,1,0
BRDA:117,17,0,0
BRDA:117,17,1,0
BRDA:118,18,0,0
BRDA:118,18,1,0
BRDA:125,19,0,0
BRDA:125,19,1,0
BRDA:131,20,0,0
BRDA:131,20,1,0
BRDA:151,21,0,0
BRDA:151,21,1,0
BRDA:152,22,0,0
BRDA:152,22,1,0
BRDA:153,23,0,0
BRDA:153,23,1,0
BRDA:154,24,0,0
BRDA:154,24,1,0
BRDA:159,25,0,0
BRDA:159,25,1,0
BRDA:160,26,0,0
BRDA:160,26,1,0
BRDA:161,27,0,0
BRDA:161,27,1,0
BRDA:174,28,0,0
BRDA:174,28,1,0
BRDA:175,29,0,0
BRDA:175,29,1,0
BRDA:176,30,0,0
BRDA:176,30,1,0
BRDA:177,31,0,0
BRDA:177,31,1,0
BRDA:185,32,0,0
BRDA:185,32,1,0
BRDA:187,33,0,0
BRDA:187,33,1,0
BRDA:217,34,0,0
BRDA:217,34,1,0
BRDA:218,35,0,0
BRDA:218,35,1,0
BRF:72
BRH:0
end_of_record
TN:
SF:src/app/api/contractors/route.ts
FN:4,GET
FNF:1
FNH:0
FNDA:0,GET
DA:1,0
DA:4,0
DA:5,0
DA:7,0
LF:4
LH:0
BRF:0
BRH:0
end_of_record
TN:
SF:src/app/api/debug-clients/route.ts
FN:5,GET
FNF:1
FNH:0
FNDA:0,GET
DA:1,0
DA:2,0
DA:3,0
DA:5,0
DA:6,0
DA:7,0
DA:9,0
DA:11,0
DA:12,0
DA:19,0
DA:25,0
DA:27,0
DA:28,0
DA:36,0
DA:42,0
DA:49,0
DA:55,0
DA:56,0
DA:57,0
DA:59,0
DA:81,0
DA:82,0
LF:22
LH:0
BRDA:11,0,0,0
BRDA:11,0,1,0
BRDA:27,1,0,0
BRDA:27,1,1,0
BRDA:64,2,0,0
BRDA:64,2,1,0
BRDA:69,3,0,0
BRDA:69,3,1,0
BRDA:74,4,0,0
BRDA:74,4,1,0
BRDA:84,5,0,0
BRDA:84,5,1,0
BRF:12
BRH:0
end_of_record
TN:
SF:src/app/api/debug-contractors/route.ts
FN:5,GET
FN:31,(anonymous_4)
FN:54,POST
FNF:3
FNH:0
FNDA:0,GET
FNDA:0,(anonymous_4)
FNDA:0,POST
DA:1,0
DA:2,0
DA:3,0
DA:5,0
DA:6,0
DA:7,0
DA:9,0
DA:10,0
DA:14,0
DA:19,0
DA:26,0
DA:31,0
DA:33,0
DA:46,0
DA:47,0
DA:54,0
DA:55,0
DA:56,0
DA:58,0
DA:59,0
DA:62,0
DA:63,0
DA:65,0
DA:67,0
DA:74,0
DA:75,0
DA:78,0
DA:85,0
DA:97,0
DA:98,0
DA:101,0
DA:109,0
DA:110,0
LF:33
LH:0
BRDA:9,0,0,0
BRDA:9,0,1,0
BRDA:31,1,0,0
BRDA:31,1,1,0
BRDA:48,2,0,0
BRDA:48,2,1,0
BRDA:58,3,0,0
BRDA:58,3,1,0
BRDA:65,4,0,0
BRDA:65,4,1,0
BRDA:74,5,0,0
BRDA:74,5,1,0
BRDA:89,6,0,0
BRDA:89,6,1,0
BRDA:90,7,0,0
BRDA:90,7,1,0
BRDA:90,8,0,0
BRDA:90,8,1,0
BRDA:90,9,0,0
BRDA:90,9,1,0
BRDA:91,10,0,0
BRDA:91,10,1,0
BRDA:97,11,0,0
BRDA:97,11,1,0
BRDA:111,12,0,0
BRDA:111,12,1,0
BRF:26
BRH:0
end_of_record
TN:
SF:src/app/api/debug-takeoffs/route.ts
FN:5,GET
FNF:1
FNH:0
FNDA:0,GET
DA:1,0
DA:2,0
DA:5,0
DA:6,0
DA:7,0
DA:10,0
DA:15,0
DA:16,0
DA:18,0
DA:27,0
DA:28,0
LF:11
LH:0
BRDA:23,0,0,0
BRDA:23,0,1,0
BRF:2
BRH:0
end_of_record
TN:
SF:src/app/api/debug/storage/route.ts
FN:5,GET
FN:28,(anonymous_2)
FN:38,(anonymous_3)
FNF:3
FNH:0
FNDA:0,GET
FNDA:0,(anonymous_2)
FNDA:0,(anonymous_3)
DA:1,0
DA:2,0
DA:3,0
DA:5,0
DA:6,0
DA:8,0
DA:11,0
DA:13,0
DA:14,0
DA:15,0
DA:23,0
DA:28,0
DA:31,0
DA:35,0
DA:38,0
DA:53,0
DA:56,0
DA:57,0
DA:63,0
LF:19
LH:0
BRDA:13,0,0,0
BRDA:13,0,1,0
BRDA:45,1,0,0
BRDA:45,1,1,0
BRDA:56,2,0,0
BRDA:56,2,1,0
BRDA:56,3,0,0
BRDA:56,3,1,0
BRDA:56,3,2,0
BRDA:66,4,0,0
BRDA:66,4,1,0
BRF:11
BRH:0
end_of_record
TN:
SF:src/app/api/drawing-analysis-results/route.ts
FN:10,POST
FN:63,GET
FNF:2
FNH:0
FNDA:0,POST
FNDA:0,GET
DA:1,0
DA:2,0
DA:3,0
DA:5,0
DA:10,0
DA:11,0
DA:12,0
DA:13,0
DA:14,0
DA:17,0
DA:18,0
DA:20,0
DA:21,0
DA:27,0
DA:42,0
DA:43,0
DA:44,0
DA:50,0
DA:56,0
DA:57,0
DA:63,0
DA:64,0
DA:65,0
DA:66,0
DA:67,0
DA:70,0
DA:71,0
DA:72,0
DA:74,0
DA:75,0
DA:81,0
DA:89,0
DA:90,0
DA:93,0
DA:95,0
DA:96,0
DA:97,0
DA:103,0
DA:109,0
DA:110,0
LF:40
LH:0
BRDA:13,0,0,0
BRDA:13,0,1,0
BRDA:20,1,0,0
BRDA:20,1,1,0
BRDA:20,2,0,0
BRDA:20,2,1,0
BRDA:31,3,0,0
BRDA:31,3,1,0
BRDA:42,4,0,0
BRDA:42,4,1,0
BRDA:46,5,0,0
BRDA:46,5,1,0
BRDA:66,6,0,0
BRDA:66,6,1,0
BRDA:74,7,0,0
BRDA:74,7,1,0
BRDA:89,8,0,0
BRDA:89,8,1,0
BRDA:95,9,0,0
BRDA:95,9,1,0
BRDA:99,10,0,0
BRDA:99,10,1,0
BRDA:105,11,0,0
BRDA:105,11,1,0
BRF:24
BRH:0
end_of_record
TN:
SF:src/app/api/drawing-analyzer/route.ts
FN:4,POST
FN:108,(anonymous_2)
FNF:2
FNH:0
FNDA:0,POST
FNDA:0,(anonymous_2)
DA:1,0
DA:2,0
DA:4,0
DA:5,0
DA:6,0
DA:7,0
DA:8,0
DA:11,0
DA:18,0
DA:20,0
DA:21,0
DA:27,0
DA:28,0
DA:29,0
DA:38,0
DA:77,0
DA:80,0
DA:81,0
DA:82,0
DA:85,0
DA:88,0
DA:89,0
DA:91,0
DA:92,0
DA:95,0
DA:96,0
DA:99,0
DA:100,0
DA:103,0
DA:104,0
DA:107,0
DA:108,0
DA:110,0
DA:159,0
DA:160,0
DA:161,0
DA:163,0
DA:164,0
DA:165,0
DA:170,0
DA:173,0
DA:174,0
DA:176,0
DA:178,0
DA:179,0
DA:182,0
DA:183,0
DA:186,0
DA:190,0
DA:254,0
DA:267,0
DA:268,0
DA:277,0
DA:278,0
LF:54
LH:0
BRDA:7,0,0,0
BRDA:7,0,1,0
BRDA:20,1,0,0
BRDA:20,1,1,0
BRDA:20,2,0,0
BRDA:20,2,1,0
BRDA:28,3,0,0
BRDA:28,3,1,0
BRDA:40,4,0,0
BRDA:40,4,1,0
BRDA:81,5,0,0
BRDA:81,5,1,0
BRDA:91,6,0,0
BRDA:91,6,1,0
BRDA:99,7,0,0
BRDA:99,7,1,0
BRDA:163,8,0,0
BRDA:163,8,1,0
BRDA:178,9,0,0
BRDA:178,9,1,0
BRDA:182,10,0,0
BRDA:182,10,1,0
BRDA:271,11,0,0
BRDA:271,11,1,0
BRDA:281,12,0,0
BRDA:281,12,1,0
BRF:26
BRH:0
end_of_record
TN:
SF:src/app/api/investor-profile/route.ts
FN:10,GET
FN:127,(anonymous_2)
FN:143,(anonymous_3)
FN:144,(anonymous_4)
FN:145,(anonymous_5)
FN:146,(anonymous_6)
FN:147,(anonymous_7)
FN:171,(anonymous_8)
FN:191,(anonymous_9)
FN:200,(anonymous_10)
FN:202,(anonymous_11)
FN:223,(anonymous_12)
FN:235,(anonymous_13)
FNF:13
FNH:0
FNDA:0,GET
FNDA:0,(anonymous_2)
FNDA:0,(anonymous_3)
FNDA:0,(anonymous_4)
FNDA:0,(anonymous_5)
FNDA:0,(anonymous_6)
FNDA:0,(anonymous_7)
FNDA:0,(anonymous_8)
FNDA:0,(anonymous_9)
FNDA:0,(anonymous_10)
FNDA:0,(anonymous_11)
FNDA:0,(anonymous_12)
FNDA:0,(anonymous_13)
DA:1,0
DA:2,0
DA:3,0
DA:5,0
DA:10,0
DA:11,0
DA:12,0
DA:15,0
DA:17,0
DA:18,0
DA:19,0
DA:25,0
DA:26,0
DA:28,0
DA:29,0
DA:36,0
DA:43,0
DA:44,0
DA:45,0
DA:52,0
DA:55,0
DA:56,0
DA:61,0
DA:62,0
DA:66,0
DA:67,0
DA:72,0
DA:73,0
DA:77,0
DA:78,0
DA:99,0
DA:100,0
DA:104,0
DA:105,0
DA:111,0
DA:112,0
DA:116,0
DA:117,0
DA:123,0
DA:124,0
DA:127,0
DA:143,0
DA:144,0
DA:145,0
DA:146,0
DA:147,0
DA:148,0
DA:149,0
DA:150,0
DA:151,0
DA:153,0
DA:157,0
DA:158,0
DA:159,0
DA:160,0
DA:161,0
DA:162,0
DA:163,0
DA:164,0
DA:165,0
DA:166,0
DA:167,0
DA:169,0
DA:171,0
DA:172,0
DA:173,0
DA:175,0
DA:176,0
DA:186,0
DA:187,0
DA:189,0
DA:191,0
DA:192,0
DA:193,0
DA:194,0
DA:195,0
DA:197,0
DA:200,0
DA:201,0
DA:202,0
DA:203,0
DA:208,0
DA:209,0
DA:220,0
DA:221,0
DA:223,0
DA:224,0
DA:225,0
DA:226,0
DA:227,0
DA:228,0
DA:229,0
DA:230,0
DA:235,0
DA:241,0
DA:272,0
DA:278,0
DA:279,0
LF:98
LH:0
BRDA:17,0,0,0
BRDA:17,0,1,0
BRDA:28,1,0,0
BRDA:28,1,1,0
BRDA:43,2,0,0
BRDA:43,2,1,0
BRDA:43,3,0,0
BRDA:43,3,1,0
BRDA:61,4,0,0
BRDA:61,4,1,0
BRDA:72,5,0,0
BRDA:72,5,1,0
BRDA:99,6,0,0
BRDA:99,6,1,0
BRDA:111,7,0,0
BRDA:111,7,1,0
BRDA:123,8,0,0
BRDA:123,8,1,0
BRDA:127,9,0,0
BRDA:127,9,1,0
BRDA:131,10,0,0
BRDA:131,10,1,0
BRDA:131,10,2,0
BRDA:132,11,0,0
BRDA:132,11,1,0
BRDA:134,12,0,0
BRDA:134,12,1,0
BRDA:136,13,0,0
BRDA:136,13,1,0
BRDA:143,14,0,0
BRDA:143,14,1,0
BRDA:147,15,0,0
BRDA:147,15,1,0
BRDA:148,16,0,0
BRDA:148,16,1,0
BRDA:149,17,0,0
BRDA:149,17,1,0
BRDA:150,18,0,0
BRDA:150,18,1,0
BRDA:150,19,0,0
BRDA:150,19,1,0
BRDA:157,20,0,0
BRDA:157,20,1,0
BRDA:158,21,0,0
BRDA:158,21,1,0
BRDA:166,22,0,0
BRDA:166,22,1,0
BRDA:167,23,0,0
BRDA:167,23,1,0
BRDA:169,24,0,0
BRDA:169,24,1,0
BRDA:169,25,0,0
BRDA:169,25,1,0
BRDA:171,26,0,0
BRDA:171,26,1,0
BRDA:175,27,0,0
BRDA:175,27,1,0
BRDA:186,28,0,0
BRDA:186,28,1,0
BRDA:193,29,0,0
BRDA:193,29,1,0
BRDA:194,30,0,0
BRDA:194,30,1,0
BRDA:197,31,0,0
BRDA:197,31,1,0
BRDA:201,32,0,0
BRDA:201,32,1,0
BRDA:208,33,0,0
BRDA:208,33,1,0
BRDA:220,34,0,0
BRDA:220,34,1,0
BRDA:225,35,0,0
BRDA:225,35,1,0
BRDA:226,36,0,0
BRDA:226,36,1,0
BRDA:227,37,0,0
BRDA:227,37,1,0
BRDA:228,38,0,0
BRDA:228,38,1,0
BRDA:229,39,0,0
BRDA:229,39,1,0
BRDA:235,40,0,0
BRDA:235,40,1,0
BRDA:237,41,0,0
BRDA:237,41,1,0
BRDA:237,41,2,0
BRDA:238,42,0,0
BRDA:238,42,1,0
BRDA:238,42,2,0
BRDA:251,43,0,0
BRDA:251,43,1,0
BRDA:252,44,0,0
BRDA:252,44,1,0
BRDA:269,45,0,0
BRDA:269,45,1,0
BRDA:282,46,0,0
BRDA:282,46,1,0
BRF:97
BRH:0
end_of_record
TN:
SF:src/app/api/investor/documents/route.ts
FN:7,ensureBucket
FN:9,(anonymous_4)
FN:18,getActiveInvestor
FN:43,parseDocumentMetadata
FN:61,GET
FN:79,(anonymous_8)
FN:82,(anonymous_9)
FN:108,POST
FNF:8
FNH:0
FNDA:0,ensureBucket
FNDA:0,(anonymous_4)
FNDA:0,getActiveInvestor
FNDA:0,parseDocumentMetadata
FNDA:0,GET
FNDA:0,(anonymous_8)
FNDA:0,(anonymous_9)
FNDA:0,POST
DA:1,0
DA:2,0
DA:3,0
DA:5,0
DA:8,0
DA:9,0
DA:10,0
DA:11,0
DA:19,0
DA:20,0
DA:21,0
DA:24,0
DA:25,0
DA:26,0
DA:29,0
DA:36,0
DA:37,0
DA:40,0
DA:44,0
DA:45,0
DA:46,0
DA:47,0
DA:54,0
DA:61,0
DA:62,0
DA:63,0
DA:64,0
DA:66,0
DA:74,0
DA:75,0
DA:76,0
DA:79,0
DA:81,0
DA:83,0
DA:84,0
DA:86,0
DA:90,0
DA:101,0
DA:103,0
DA:104,0
DA:108,0
DA:109,0
DA:110,0
DA:111,0
DA:113,0
DA:114,0
DA:115,0
DA:119,0
DA:120,0
DA:123,0
DA:124,0
DA:125,0
DA:126,0
DA:127,0
DA:129,0
DA:136,0
DA:137,0
DA:138,0
DA:141,0
DA:151,0
DA:152,0
LF:61
LH:0
BRDA:10,0,0,0
BRDA:10,0,1,0
BRDA:20,1,0,0
BRDA:20,1,1,0
BRDA:25,2,0,0
BRDA:25,2,1,0
BRDA:36,3,0,0
BRDA:36,3,1,0
BRDA:36,4,0,0
BRDA:36,4,1,0
BRDA:45,5,0,0
BRDA:45,5,1,0
BRDA:48,6,0,0
BRDA:48,6,1,0
BRDA:49,7,0,0
BRDA:49,7,1,0
BRDA:50,8,0,0
BRDA:50,8,1,0
BRDA:74,9,0,0
BRDA:74,9,1,0
BRDA:79,10,0,0
BRDA:79,10,1,0
BRDA:93,11,0,0
BRDA:93,11,1,0
BRDA:94,12,0,0
BRDA:94,12,1,0
BRDA:94,12,2,0
BRDA:96,13,0,0
BRDA:96,13,1,0
BRDA:115,14,0,0
BRDA:115,14,1,0
BRDA:119,15,0,0
BRDA:119,15,1,0
BRDA:132,16,0,0
BRDA:132,16,1,0
BRDA:136,17,0,0
BRDA:136,17,1,0
BRF:37
BRH:0
end_of_record
TN:
SF:src/app/api/material-mappings/route.ts
FN:5,GET
FN:54,(anonymous_6)
FN:84,POST
FN:174,PUT
FN:252,DELETE
FNF:5
FNH:0
FNDA:0,GET
FNDA:0,(anonymous_6)
FNDA:0,POST
FNDA:0,PUT
FNDA:0,DELETE
DA:1,0
DA:2,0
DA:3,0
DA:5,0
DA:6,0
DA:8,0
DA:9,0
DA:10,0
DA:13,0
DA:14,0
DA:16,0
DA:17,0
DA:21,0
DA:26,0
DA:29,0
DA:45,0
DA:46,0
DA:47,0
DA:54,0
DA:63,0
DA:65,0
DA:72,0
DA:73,0
DA:84,0
DA:85,0
DA:86,0
DA:87,0
DA:88,0
DA:91,0
DA:100,0
DA:102,0
DA:103,0
DA:108,0
DA:114,0
DA:115,0
DA:116,0
DA:122,0
DA:125,0
DA:137,0
DA:148,0
DA:149,0
DA:155,0
DA:162,0
DA:163,0
DA:174,0
DA:175,0
DA:176,0
DA:177,0
DA:178,0
DA:181,0
DA:190,0
DA:192,0
DA:193,0
DA:198,0
DA:203,0
DA:208,0
DA:209,0
DA:210,0
DA:211,0
DA:212,0
DA:214,0
DA:226,0
DA:227,0
DA:233,0
DA:240,0
DA:241,0
DA:252,0
DA:253,0
DA:254,0
DA:255,0
DA:256,0
DA:259,0
DA:260,0
DA:262,0
DA:263,0
DA:268,0
DA:273,0
DA:278,0
DA:279,0
DA:285,0
DA:291,0
DA:292,0
LF:82
LH:0
BRDA:9,0,0,0
BRDA:9,0,1,0
BRDA:16,1,0,0
BRDA:16,1,1,0
BRDA:45,2,0,0
BRDA:45,2,1,0
BRDA:49,3,0,0
BRDA:49,3,1,0
BRDA:54,4,0,0
BRDA:54,4,1,0
BRDA:56,5,0,0
BRDA:56,5,1,0
BRDA:76,6,0,0
BRDA:76,6,1,0
BRDA:87,7,0,0
BRDA:87,7,1,0
BRDA:102,8,0,0
BRDA:102,8,1,0
BRDA:102,9,0,0
BRDA:102,9,1,0
BRDA:115,10,0,0
BRDA:115,10,1,0
BRDA:122,11,0,0
BRDA:122,11,1,0
BRDA:127,12,0,0
BRDA:127,12,1,0
BRDA:128,13,0,0
BRDA:128,13,1,0
BRDA:130,14,0,0
BRDA:130,14,1,0
BRDA:131,15,0,0
BRDA:131,15,1,0
BRDA:148,16,0,0
BRDA:148,16,1,0
BRDA:151,17,0,0
BRDA:151,17,1,0
BRDA:166,18,0,0
BRDA:166,18,1,0
BRDA:177,19,0,0
BRDA:177,19,1,0
BRDA:192,20,0,0
BRDA:192,20,1,0
BRDA:205,21,0,0
BRDA:205,21,1,0
BRDA:208,22,0,0
BRDA:208,22,1,0
BRDA:209,23,0,0
BRDA:209,23,1,0
BRDA:210,24,0,0
BRDA:210,24,1,0
BRDA:211,25,0,0
BRDA:211,25,1,0
BRDA:212,26,0,0
BRDA:212,26,1,0
BRDA:226,27,0,0
BRDA:226,27,1,0
BRDA:229,28,0,0
BRDA:229,28,1,0
BRDA:244,29,0,0
BRDA:244,29,1,0
BRDA:255,30,0,0
BRDA:255,30,1,0
BRDA:262,31,0,0
BRDA:262,31,1,0
BRDA:278,32,0,0
BRDA:278,32,1,0
BRDA:281,33,0,0
BRDA:281,33,1,0
BRDA:295,34,0,0
BRDA:295,34,1,0
BRF:70
BRH:0
end_of_record
TN:
SF:src/app/api/material-requests/route.ts
FN:6,GET
FN:78,PUT
FN:161,DELETE
FNF:3
FNH:0
FNDA:0,GET
FNDA:0,PUT
FNDA:0,DELETE
DA:1,0
DA:2,0
DA:3,0
DA:6,0
DA:7,0
DA:8,0
DA:9,0
DA:10,0
DA:13,0
DA:14,0
DA:15,0
DA:16,0
DA:18,0
DA:24,0
DA:30,0
DA:31,0
DA:34,0
DA:42,0
DA:43,0
DA:45,0
DA:46,0
DA:49,0
DA:51,0
DA:52,0
DA:53,0
DA:59,0
DA:66,0
DA:67,0
DA:78,0
DA:79,0
DA:80,0
DA:81,0
DA:82,0
DA:85,0
DA:86,0
DA:88,0
DA:89,0
DA:92,0
DA:98,0
DA:104,0
DA:105,0
DA:109,0
DA:116,0
DA:117,0
DA:120,0
DA:121,0
DA:128,0
DA:135,0
DA:136,0
DA:142,0
DA:149,0
DA:150,0
DA:161,0
DA:162,0
DA:163,0
DA:164,0
DA:165,0
DA:168,0
DA:169,0
DA:171,0
DA:172,0
DA:175,0
DA:181,0
DA:187,0
DA:188,0
DA:192,0
DA:199,0
DA:200,0
DA:203,0
DA:204,0
DA:211,0
DA:216,0
DA:217,0
DA:223,0
DA:229,0
DA:230,0
LF:76
LH:0
BRDA:9,0,0,0
BRDA:9,0,1,0
BRDA:16,1,0,0
BRDA:16,1,1,0
BRDA:30,2,0,0
BRDA:30,2,1,0
BRDA:42,3,0,0
BRDA:42,3,1,0
BRDA:45,4,0,0
BRDA:45,4,1,0
BRDA:51,5,0,0
BRDA:51,5,1,0
BRDA:55,6,0,0
BRDA:55,6,1,0
BRDA:62,7,0,0
BRDA:62,7,1,0
BRDA:70,8,0,0
BRDA:70,8,1,0
BRDA:81,9,0,0
BRDA:81,9,1,0
BRDA:88,10,0,0
BRDA:88,10,1,0
BRDA:104,11,0,0
BRDA:104,11,1,0
BRDA:116,12,0,0
BRDA:116,12,1,0
BRDA:120,13,0,0
BRDA:120,13,1,0
BRDA:135,14,0,0
BRDA:135,14,1,0
BRDA:153,15,0,0
BRDA:153,15,1,0
BRDA:164,16,0,0
BRDA:164,16,1,0
BRDA:171,17,0,0
BRDA:171,17,1,0
BRDA:187,18,0,0
BRDA:187,18,1,0
BRDA:199,19,0,0
BRDA:199,19,1,0
BRDA:203,20,0,0
BRDA:203,20,1,0
BRDA:216,21,0,0
BRDA:216,21,1,0
BRDA:233,22,0,0
BRDA:233,22,1,0
BRF:46
BRH:0
end_of_record
TN:
SF:src/app/api/materials/route.ts
FN:5,GET
FN:53,(anonymous_4)
FN:82,POST
FNF:3
FNH:0
FNDA:0,GET
FNDA:0,(anonymous_4)
FNDA:0,POST
DA:1,0
DA:2,0
DA:3,0
DA:5,0
DA:6,0
DA:8,0
DA:9,0
DA:10,0
DA:13,0
DA:14,0
DA:15,0
DA:16,0
DA:19,0
DA:24,0
DA:34,0
DA:35,0
DA:38,0
DA:39,0
DA:42,0
DA:44,0
DA:45,0
DA:46,0
DA:53,0
DA:54,0
DA:55,0
DA:56,0
DA:58,0
DA:59,0
DA:62,0
DA:70,0
DA:71,0
DA:82,0
DA:83,0
DA:84,0
DA:85,0
DA:86,0
DA:89,0
DA:97,0
DA:100,0
DA:101,0
DA:106,0
DA:112,0
DA:118,0
DA:119,0
DA:123,0
DA:130,0
DA:131,0
DA:139,0
DA:150,0
DA:156,0
DA:157,0
DA:158,0
DA:164,0
DA:166,0
DA:173,0
DA:174,0
LF:56
LH:0
BRDA:9,0,0,0
BRDA:9,0,1,0
BRDA:16,1,0,0
BRDA:16,1,1,0
BRDA:34,2,0,0
BRDA:34,2,1,0
BRDA:38,3,0,0
BRDA:38,3,1,0
BRDA:44,4,0,0
BRDA:44,4,1,0
BRDA:48,5,0,0
BRDA:48,5,1,0
BRDA:54,6,0,0
BRDA:54,6,1,0
BRDA:55,7,0,0
BRDA:55,7,1,0
BRDA:66,8,0,0
BRDA:66,8,1,0
BRDA:74,9,0,0
BRDA:74,9,1,0
BRDA:85,10,0,0
BRDA:85,10,1,0
BRDA:96,11,0,0
BRDA:100,12,0,0
BRDA:100,12,1,0
BRDA:100,13,0,0
BRDA:100,13,1,0
BRDA:100,13,2,0
BRDA:118,14,0,0
BRDA:118,14,1,0
BRDA:130,15,0,0
BRDA:130,15,1,0
BRDA:130,16,0,0
BRDA:130,16,1,0
BRDA:133,17,0,0
BRDA:133,17,1,0
BRDA:156,18,0,0
BRDA:156,18,1,0
BRDA:177,19,0,0
BRDA:177,19,1,0
BRF:40
BRH:0
end_of_record
TN:
SF:src/app/api/materials/[id]/route.ts
FN:6,PUT
FN:98,GET
FN:146,POST
FNF:3
FNH:0
FNDA:0,PUT
FNDA:0,GET
FNDA:0,POST
DA:1,0
DA:2,0
DA:3,0
DA:6,0
DA:10,0
DA:11,0
DA:12,0
DA:24,0
DA:27,0
DA:28,0
DA:29,0
DA:35,0
DA:36,0
DA:44,0
DA:49,0
DA:50,0
DA:51,0
DA:52,0
DA:53,0
DA:54,0
DA:55,0
DA:56,0
DA:59,0
DA:73,0
DA:74,0
DA:75,0
DA:81,0
DA:89,0
DA:90,0
DA:98,0
DA:102,0
DA:103,0
DA:105,0
DA:124,0
DA:125,0
DA:126,0
DA:132,0
DA:137,0
DA:138,0
DA:146,0
DA:150,0
DA:151,0
DA:154,0
DA:157,0
DA:158,0
DA:159,0
DA:160,0
DA:161,0
DA:162,0
DA:163,0
DA:164,0
DA:165,0
DA:166,0
DA:169,0
DA:170,0
DA:176,0
DA:177,0
DA:183,0
DA:184,0
DA:190,0
DA:191,0
DA:198,0
DA:204,0
DA:205,0
DA:211,0
DA:213,0
DA:214,0
DA:220,0
DA:221,0
DA:227,0
DA:228,0
DA:234,0
DA:235,0
DA:242,0
DA:249,0
DA:250,0
DA:257,0
DA:259,0
DA:260,0
DA:267,0
DA:282,0
DA:296,0
DA:297,0
DA:298,0
DA:304,0
DA:315,0
DA:316,0
LF:87
LH:0
BRDA:27,0,0,0
BRDA:27,0,1,0
BRDA:28,1,0,0
BRDA:28,1,1,0
BRDA:28,2,0,0
BRDA:28,2,1,0
BRDA:35,3,0,0
BRDA:35,3,1,0
BRDA:35,4,0,0
BRDA:35,4,1,0
BRDA:49,5,0,0
BRDA:49,5,1,0
BRDA:50,6,0,0
BRDA:50,6,1,0
BRDA:51,7,0,0
BRDA:51,7,1,0
BRDA:52,8,0,0
BRDA:52,8,1,0
BRDA:53,9,0,0
BRDA:53,9,1,0
BRDA:54,10,0,0
BRDA:54,10,1,0
BRDA:55,11,0,0
BRDA:55,11,1,0
BRDA:56,12,0,0
BRDA:56,12,1,0
BRDA:73,13,0,0
BRDA:73,13,1,0
BRDA:84,14,0,0
BRDA:84,14,1,0
BRDA:124,15,0,0
BRDA:124,15,1,0
BRDA:161,16,0,0
BRDA:161,16,1,0
BRDA:162,17,0,0
BRDA:162,17,1,0
BRDA:164,18,0,0
BRDA:164,18,1,0
BRDA:169,19,0,0
BRDA:169,19,1,0
BRDA:176,20,0,0
BRDA:176,20,1,0
BRDA:183,21,0,0
BRDA:183,21,1,0
BRDA:183,22,0,0
BRDA:183,22,1,0
BRDA:190,23,0,0
BRDA:190,23,1,0
BRDA:190,24,0,0
BRDA:190,24,1,0
BRDA:204,25,0,0
BRDA:204,25,1,0
BRDA:211,26,0,0
BRDA:211,26,1,0
BRDA:213,27,0,0
BRDA:213,27,1,0
BRDA:220,28,0,0
BRDA:220,28,1,0
BRDA:220,29,0,0
BRDA:220,29,1,0
BRDA:227,30,0,0
BRDA:227,30,1,0
BRDA:234,31,0,0
BRDA:234,31,1,0
BRDA:249,32,0,0
BRDA:249,32,1,0
BRDA:249,33,0,0
BRDA:249,33,1,0
BRDA:259,34,0,0
BRDA:259,34,1,0
BRDA:296,35,0,0
BRDA:296,35,1,0
BRF:72
BRH:0
end_of_record
TN:
SF:src/app/api/materials/[id]/upload-pi/route.ts
FN:6,POST
FN:97,GET
FNF:2
FNH:0
FNDA:0,POST
FNDA:0,GET
DA:1,0
DA:2,0
DA:3,0
DA:6,0
DA:10,0
DA:11,0
DA:12,0
DA:15,0
DA:16,0
DA:17,0
DA:19,0
DA:20,0
DA:26,0
DA:27,0
DA:34,0
DA:41,0
DA:42,0
DA:49,0
DA:51,0
DA:52,0
DA:59,0
DA:69,0
DA:70,0
DA:71,0
DA:77,0
DA:88,0
DA:89,0
DA:97,0
DA:101,0
DA:102,0
DA:103,0
DA:105,0
DA:111,0
DA:112,0
DA:118,0
DA:127,0
DA:128,0
LF:37
LH:0
BRDA:19,0,0,0
BRDA:19,0,1,0
BRDA:26,1,0,0
BRDA:26,1,1,0
BRDA:41,2,0,0
BRDA:41,2,1,0
BRDA:41,3,0,0
BRDA:41,3,1,0
BRDA:51,4,0,0
BRDA:51,4,1,0
BRDA:69,5,0,0
BRDA:69,5,1,0
BRDA:111,6,0,0
BRDA:111,6,1,0
BRDA:111,7,0,0
BRDA:111,7,1,0
BRF:16
BRH:0
end_of_record
TN:
SF:src/app/api/materials/purchase-request/route.ts
FN:6,POST
FN:87,(anonymous_4)
FN:94,(anonymous_5)
FN:99,(anonymous_6)
FN:130,(anonymous_7)
FN:135,(anonymous_8)
FN:176,GET
FNF:7
FNH:0
FNDA:0,POST
FNDA:0,(anonymous_4)
FNDA:0,(anonymous_5)
FNDA:0,(anonymous_6)
FNDA:0,(anonymous_7)
FNDA:0,(anonymous_8)
FNDA:0,GET
DA:1,0
DA:2,0
DA:3,0
DA:6,0
DA:7,0
DA:8,0
DA:9,0
DA:10,0
DA:13,0
DA:24,0
DA:28,0
DA:30,0
DA:31,0
DA:32,0
DA:36,0
DA:38,0
DA:39,0
DA:40,0
DA:45,0
DA:50,0
DA:56,0
DA:62,0
DA:63,0
DA:67,0
DA:73,0
DA:74,0
DA:80,0
DA:81,0
DA:87,0
DA:88,0
DA:92,0
DA:93,0
DA:94,0
DA:99,0
DA:102,0
DA:104,0
DA:107,0
DA:110,0
DA:127,0
DA:130,0
DA:131,0
DA:132,0
DA:133,0
DA:135,0
DA:140,0
DA:153,0
DA:154,0
DA:157,0
DA:164,0
DA:165,0
DA:176,0
DA:177,0
DA:178,0
DA:179,0
DA:180,0
DA:183,0
DA:184,0
DA:186,0
DA:192,0
DA:198,0
DA:199,0
DA:203,0
DA:211,0
DA:212,0
DA:215,0
DA:217,0
DA:218,0
DA:219,0
DA:225,0
DA:231,0
DA:232,0
LF:71
LH:0
BRDA:9,0,0,0
BRDA:9,0,1,0
BRDA:28,1,0,0
BRDA:28,1,1,0
BRDA:31,2,0,0
BRDA:31,2,1,0
BRDA:31,3,0,0
BRDA:31,3,1,0
BRDA:36,4,0,0
BRDA:36,4,1,0
BRDA:36,5,0,0
BRDA:36,5,1,0
BRDA:36,5,2,0
BRDA:39,6,0,0
BRDA:39,6,1,0
BRDA:62,7,0,0
BRDA:62,7,1,0
BRDA:73,8,0,0
BRDA:73,8,1,0
BRDA:80,9,0,0
BRDA:80,9,1,0
BRDA:80,10,0,0
BRDA:80,10,1,0
BRDA:88,11,0,0
BRDA:88,11,1,0
BRDA:88,11,2,0
BRDA:88,11,3,0
BRDA:92,12,0,0
BRDA:92,12,1,0
BRDA:102,13,0,0
BRDA:102,13,1,0
BRDA:107,14,0,0
BRDA:107,14,1,0
BRDA:131,15,0,0
BRDA:131,15,1,0
BRDA:153,16,0,0
BRDA:153,16,1,0
BRDA:159,17,0,0
BRDA:159,17,1,0
BRDA:160,18,0,0
BRDA:160,18,1,0
BRDA:168,19,0,0
BRDA:168,19,1,0
BRDA:179,20,0,0
BRDA:179,20,1,0
BRDA:198,21,0,0
BRDA:198,21,1,0
BRDA:211,22,0,0
BRDA:211,22,1,0
BRDA:217,23,0,0
BRDA:217,23,1,0
BRDA:221,24,0,0
BRDA:221,24,1,0
BRDA:227,25,0,0
BRDA:227,25,1,0
BRDA:235,26,0,0
BRDA:235,26,1,0
BRF:57
BRH:0
end_of_record
TN:
SF:src/app/api/migrate-clients/route.ts
FN:6,POST
FN:69,(anonymous_2)
FNF:2
FNH:0
FNDA:0,POST
FNDA:0,(anonymous_2)
DA:1,0
DA:2,0
DA:3,0
DA:6,0
DA:7,0
DA:9,0
DA:10,0
DA:11,0
DA:20,0
DA:23,0
DA:29,0
DA:30,0
DA:31,0
DA:38,0
DA:39,0
DA:41,0
DA:42,0
DA:43,0
DA:44,0
DA:45,0
DA:53,0
DA:56,0
DA:60,0
DA:61,0
DA:62,0
DA:63,0
DA:64,0
DA:69,0
DA:70,0
DA:71,0
DA:74,0
DA:77,0
DA:78,0
DA:79,0
DA:84,0
DA:85,0
DA:86,0
DA:92,0
DA:96,0
DA:104,0
DA:105,0
DA:106,0
DA:107,0
DA:108,0
DA:109,0
DA:111,0
DA:115,0
DA:126,0
DA:127,0
LF:49
LH:0
BRDA:10,0,0,0
BRDA:10,0,1,0
BRDA:29,1,0,0
BRDA:29,1,1,0
BRDA:43,2,0,0
BRDA:43,2,1,0
BRDA:61,3,0,0
BRDA:61,3,1,0
BRDA:78,4,0,0
BRDA:78,4,1,0
BRDA:84,5,0,0
BRDA:84,5,1,0
BRDA:92,6,0,0
BRDA:92,6,1,0
BRDA:105,7,0,0
BRDA:105,7,1,0
BRDA:108,8,0,0
BRDA:108,8,1,0
BRF:18
BRH:0
end_of_record
TN:
SF:src/app/api/ocr-test/route.ts
FN:4,POST
FNF:1
FNH:0
FNDA:0,POST
DA:1,0
DA:2,0
DA:4,0
DA:5,0
DA:6,0
DA:7,0
DA:8,0
DA:11,0
DA:12,0
DA:14,0
DA:15,0
DA:19,0
DA:20,0
DA:21,0
DA:24,0
DA:26,0
DA:27,0
DA:28,0
DA:31,0
DA:32,0
DA:33,0
DA:35,0
DA:36,0
DA:39,0
DA:61,0
DA:62,0
DA:64,0
DA:65,0
DA:66,0
DA:69,0
DA:70,0
DA:72,0
DA:73,0
DA:76,0
DA:87,0
DA:88,0
DA:96,0
DA:97,0
LF:38
LH:0
BRDA:7,0,0,0
BRDA:7,0,1,0
BRDA:14,1,0,0
BRDA:14,1,1,0
BRDA:20,2,0,0
BRDA:20,2,1,0
BRDA:27,3,0,0
BRDA:27,3,1,0
BRDA:33,4,0,0
BRDA:33,4,1,0
BRDA:64,5,0,0
BRDA:64,5,1,0
BRDA:72,6,0,0
BRDA:72,6,1,0
BRDA:91,7,0,0
BRDA:91,7,1,0
BRF:16
BRH:0
end_of_record
TN:
SF:src/app/api/project-files/route.ts
FN:6,GET
FN:78,POST
FN:237,DELETE
FNF:3
FNH:0
FNDA:0,GET
FNDA:0,POST
FNDA:0,DELETE
DA:1,0
DA:2,0
DA:3,0
DA:6,0
DA:7,0
DA:8,0
DA:9,0
DA:10,0
DA:13,0
DA:14,0
DA:15,0
DA:17,0
DA:18,0
DA:21,0
DA:27,0
DA:33,0
DA:34,0
DA:38,0
DA:46,0
DA:47,0
DA:50,0
DA:52,0
DA:53,0
DA:54,0
DA:60,0
DA:66,0
DA:67,0
DA:78,0
DA:79,0
DA:80,0
DA:81,0
DA:82,0
DA:85,0
DA:86,0
DA:87,0
DA:88,0
DA:89,0
DA:90,0
DA:92,0
DA:93,0
DA:99,0
DA:100,0
DA:101,0
DA:107,0
DA:125,0
DA:126,0
DA:128,0
DA:132,0
DA:133,0
DA:134,0
DA:139,0
DA:145,0
DA:151,0
DA:152,0
DA:156,0
DA:157,0
DA:158,0
DA:161,0
DA:164,0
DA:167,0
DA:174,0
DA:175,0
DA:176,0
DA:183,0
DA:188,0
DA:207,0
DA:209,0
DA:211,0
DA:212,0
DA:218,0
DA:225,0
DA:226,0
DA:237,0
DA:238,0
DA:239,0
DA:240,0
DA:241,0
DA:244,0
DA:245,0
DA:247,0
DA:248,0
DA:251,0
DA:257,0
DA:263,0
DA:264,0
DA:268,0
DA:275,0
DA:276,0
DA:280,0
DA:284,0
DA:285,0
DA:290,0
DA:296,0
DA:297,0
DA:298,0
DA:304,0
DA:310,0
DA:311,0
LF:98
LH:0
BRDA:9,0,0,0
BRDA:9,0,1,0
BRDA:17,1,0,0
BRDA:17,1,1,0
BRDA:33,2,0,0
BRDA:33,2,1,0
BRDA:46,3,0,0
BRDA:46,3,1,0
BRDA:52,4,0,0
BRDA:52,4,1,0
BRDA:56,5,0,0
BRDA:56,5,1,0
BRDA:62,6,0,0
BRDA:62,6,1,0
BRDA:70,7,0,0
BRDA:70,7,1,0
BRDA:81,8,0,0
BRDA:81,8,1,0
BRDA:90,9,0,0
BRDA:90,9,1,0
BRDA:92,10,0,0
BRDA:92,10,1,0
BRDA:92,11,0,0
BRDA:92,11,1,0
BRDA:92,11,2,0
BRDA:100,12,0,0
BRDA:100,12,1,0
BRDA:128,13,0,0
BRDA:128,13,1,0
BRDA:128,13,2,0
BRDA:128,13,3,0
BRDA:129,14,0,0
BRDA:129,14,1,0
BRDA:130,15,0,0
BRDA:130,15,1,0
BRDA:132,16,0,0
BRDA:132,16,1,0
BRDA:151,17,0,0
BRDA:151,17,1,0
BRDA:174,18,0,0
BRDA:174,18,1,0
BRDA:207,19,0,0
BRDA:207,19,1,0
BRDA:229,20,0,0
BRDA:229,20,1,0
BRDA:240,21,0,0
BRDA:240,21,1,0
BRDA:247,22,0,0
BRDA:247,22,1,0
BRDA:263,23,0,0
BRDA:263,23,1,0
BRDA:275,24,0,0
BRDA:275,24,1,0
BRDA:275,25,0,0
BRDA:275,25,1,0
BRDA:284,26,0,0
BRDA:284,26,1,0
BRDA:296,27,0,0
BRDA:296,27,1,0
BRDA:314,28,0,0
BRDA:314,28,1,0
BRF:61
BRH:0
end_of_record
TN:
SF:src/app/api/project-files/download/route.ts
FN:6,GET
FNF:1
FNH:0
FNDA:0,GET
DA:1,0
DA:2,0
DA:3,0
DA:6,0
DA:7,0
DA:8,0
DA:9,0
DA:10,0
DA:13,0
DA:14,0
DA:16,0
DA:17,0
DA:20,0
DA:26,0
DA:32,0
DA:33,0
DA:37,0
DA:44,0
DA:45,0
DA:49,0
DA:53,0
DA:54,0
DA:55,0
DA:62,0
DA:72,0
DA:73,0
LF:26
LH:0
BRDA:9,0,0,0
BRDA:9,0,1,0
BRDA:16,1,0,0
BRDA:16,1,1,0
BRDA:32,2,0,0
BRDA:32,2,1,0
BRDA:44,3,0,0
BRDA:44,3,1,0
BRDA:44,4,0,0
BRDA:44,4,1,0
BRDA:53,5,0,0
BRDA:53,5,1,0
BRDA:53,6,0,0
BRDA:53,6,1,0
BRDA:76,7,0,0
BRDA:76,7,1,0
BRF:16
BRH:0
end_of_record
TN:
SF:src/app/api/project-materials/route.ts
FN:6,GET
FN:86,POST
FN:254,PATCH
FN:357,PUT
FN:453,DELETE
FNF:5
FNH:0
FNDA:0,GET
FNDA:0,POST
FNDA:0,PATCH
FNDA:0,PUT
FNDA:0,DELETE
DA:1,0
DA:2,0
DA:3,0
DA:6,0
DA:7,0
DA:8,0
DA:9,0
DA:10,0
DA:13,0
DA:14,0
DA:15,0
DA:17,0
DA:18,0
DA:21,0
DA:27,0
DA:33,0
DA:34,0
DA:38,0
DA:54,0
DA:55,0
DA:58,0
DA:60,0
DA:61,0
DA:62,0
DA:68,0
DA:74,0
DA:75,0
DA:86,0
DA:87,0
DA:88,0
DA:89,0
DA:90,0
DA:93,0
DA:105,0
DA:107,0
DA:108,0
DA:113,0
DA:119,0
DA:125,0
DA:126,0
DA:130,0
DA:131,0
DA:132,0
DA:138,0
DA:139,0
DA:143,0
DA:144,0
DA:145,0
DA:151,0
DA:158,0
DA:159,0
DA:161,0
DA:175,0
DA:176,0
DA:177,0
DA:183,0
DA:188,0
DA:214,0
DA:215,0
DA:216,0
DA:228,0
DA:236,0
DA:242,0
DA:243,0
DA:254,0
DA:255,0
DA:256,0
DA:257,0
DA:258,0
DA:261,0
DA:270,0
DA:272,0
DA:273,0
DA:278,0
DA:284,0
DA:290,0
DA:291,0
DA:295,0
DA:297,0
DA:298,0
DA:299,0
DA:300,0
DA:302,0
DA:308,0
DA:309,0
DA:315,0
DA:331,0
DA:332,0
DA:333,0
DA:339,0
DA:345,0
DA:346,0
DA:357,0
DA:358,0
DA:359,0
DA:360,0
DA:361,0
DA:364,0
DA:365,0
DA:367,0
DA:368,0
DA:371,0
DA:377,0
DA:383,0
DA:384,0
DA:388,0
DA:389,0
DA:390,0
DA:391,0
DA:394,0
DA:400,0
DA:401,0
DA:402,0
DA:405,0
DA:408,0
DA:411,0
DA:427,0
DA:428,0
DA:429,0
DA:435,0
DA:441,0
DA:442,0
DA:453,0
DA:454,0
DA:455,0
DA:456,0
DA:457,0
DA:460,0
DA:461,0
DA:463,0
DA:464,0
DA:467,0
DA:473,0
DA:479,0
DA:480,0
DA:484,0
DA:490,0
DA:491,0
DA:492,0
DA:498,0
DA:504,0
DA:505,0
LF:142
LH:0
BRDA:9,0,0,0
BRDA:9,0,1,0
BRDA:17,1,0,0
BRDA:17,1,1,0
BRDA:33,2,0,0
BRDA:33,2,1,0
BRDA:54,3,0,0
BRDA:54,3,1,0
BRDA:60,4,0,0
BRDA:60,4,1,0
BRDA:64,5,0,0
BRDA:64,5,1,0
BRDA:70,6,0,0
BRDA:70,6,1,0
BRDA:78,7,0,0
BRDA:78,7,1,0
BRDA:89,8,0,0
BRDA:89,8,1,0
BRDA:103,9,0,0
BRDA:107,10,0,0
BRDA:107,10,1,0
BRDA:107,11,0,0
BRDA:107,11,1,0
BRDA:107,11,2,0
BRDA:107,11,3,0
BRDA:107,11,4,0
BRDA:125,12,0,0
BRDA:125,12,1,0
BRDA:131,13,0,0
BRDA:131,13,1,0
BRDA:138,14,0,0
BRDA:138,14,1,0
BRDA:143,15,0,0
BRDA:143,15,1,0
BRDA:144,16,0,0
BRDA:144,16,1,0
BRDA:158,17,0,0
BRDA:158,17,1,0
BRDA:165,18,0,0
BRDA:165,18,1,0
BRDA:165,18,2,0
BRDA:166,19,0,0
BRDA:166,19,1,0
BRDA:175,20,0,0
BRDA:175,20,1,0
BRDA:214,21,0,0
BRDA:214,21,1,0
BRDA:246,22,0,0
BRDA:246,22,1,0
BRDA:257,23,0,0
BRDA:257,23,1,0
BRDA:272,24,0,0
BRDA:272,24,1,0
BRDA:290,25,0,0
BRDA:290,25,1,0
BRDA:297,26,0,0
BRDA:297,26,1,0
BRDA:298,27,0,0
BRDA:298,27,1,0
BRDA:299,28,0,0
BRDA:299,28,1,0
BRDA:308,29,0,0
BRDA:308,29,1,0
BRDA:331,30,0,0
BRDA:331,30,1,0
BRDA:349,31,0,0
BRDA:349,31,1,0
BRDA:360,32,0,0
BRDA:360,32,1,0
BRDA:367,33,0,0
BRDA:367,33,1,0
BRDA:383,34,0,0
BRDA:383,34,1,0
BRDA:389,35,0,0
BRDA:389,35,1,0
BRDA:390,36,0,0
BRDA:390,36,1,0
BRDA:400,37,0,0
BRDA:400,37,1,0
BRDA:401,38,0,0
BRDA:401,38,1,0
BRDA:401,39,0,0
BRDA:401,39,1,0
BRDA:408,40,0,0
BRDA:408,40,1,0
BRDA:427,41,0,0
BRDA:427,41,1,0
BRDA:445,42,0,0
BRDA:445,42,1,0
BRDA:456,43,0,0
BRDA:456,43,1,0
BRDA:463,44,0,0
BRDA:463,44,1,0
BRDA:479,45,0,0
BRDA:479,45,1,0
BRDA:490,46,0,0
BRDA:490,46,1,0
BRDA:508,47,0,0
BRDA:508,47,1,0
BRF:99
BRH:0
end_of_record
TN:
SF:src/app/api/project-materials-normalized/route.ts
FN:6,GET
FN:35,(anonymous_4)
FN:46,(anonymous_5)
FN:85,(anonymous_6)
FN:105,(anonymous_7)
FN:146,GET_ALTERNATIVE
FNF:6
FNH:0
FNDA:0,GET
FNDA:0,(anonymous_4)
FNDA:0,(anonymous_5)
FNDA:0,(anonymous_6)
FNDA:0,(anonymous_7)
FNDA:0,GET_ALTERNATIVE
DA:1,0
DA:2,0
DA:6,0
DA:7,0
DA:8,0
DA:9,0
DA:11,0
DA:12,0
DA:18,0
DA:21,0
DA:27,0
DA:28,0
DA:29,0
DA:35,0
DA:36,0
DA:37,0
DA:38,0
DA:39,0
DA:43,0
DA:44,0
DA:46,0
DA:47,0
DA:55,0
DA:58,0
DA:59,0
DA:82,0
DA:83,0
DA:85,0
DA:86,0
DA:87,0
DA:100,0
DA:105,0
DA:127,0
DA:134,0
DA:135,0
DA:146,0
DA:147,0
DA:148,0
DA:149,0
DA:151,0
DA:152,0
DA:159,0
DA:163,0
DA:164,0
DA:165,0
DA:171,0
DA:178,0
DA:179,0
LF:48
LH:0
BRDA:11,0,0,0
BRDA:11,0,1,0
BRDA:27,1,0,0
BRDA:27,1,1,0
BRDA:35,2,0,0
BRDA:35,2,1,0
BRDA:38,3,0,0
BRDA:38,3,1,0
BRDA:43,4,0,0
BRDA:43,4,1,0
BRDA:49,5,0,0
BRDA:49,5,1,0
BRDA:55,6,0,0
BRDA:55,6,1,0
BRDA:58,7,0,0
BRDA:58,7,1,0
BRDA:82,8,0,0
BRDA:82,8,1,0
BRDA:86,9,0,0
BRDA:86,9,1,0
BRDA:105,10,0,0
BRDA:105,10,1,0
BRDA:114,11,0,0
BRDA:114,11,1,0
BRDA:115,12,0,0
BRDA:115,12,1,0
BRDA:116,13,0,0
BRDA:116,13,1,0
BRDA:117,14,0,0
BRDA:117,14,1,0
BRDA:118,15,0,0
BRDA:118,15,1,0
BRDA:119,16,0,0
BRDA:119,16,1,0
BRDA:120,17,0,0
BRDA:120,17,1,0
BRDA:138,18,0,0
BRDA:138,18,1,0
BRDA:151,19,0,0
BRDA:151,19,1,0
BRDA:163,20,0,0
BRDA:163,20,1,0
BRDA:173,21,0,0
BRDA:173,21,1,0
BRDA:174,22,0,0
BRDA:174,22,1,0
BRF:46
BRH:0
end_of_record
TN:
SF:src/app/api/project-materials/[id]/route.ts
FN:6,PUT
FN:77,DELETE
FNF:2
FNH:0
FNDA:0,PUT
FNDA:0,DELETE
DA:1,0
DA:2,0
DA:3,0
DA:6,0
DA:10,0
DA:11,0
DA:12,0
DA:13,0
DA:16,0
DA:17,0
DA:19,0
DA:20,0
DA:23,0
DA:29,0
DA:35,0
DA:36,0
DA:40,0
DA:51,0
DA:52,0
DA:53,0
DA:59,0
DA:65,0
DA:66,0
DA:77,0
DA:81,0
DA:82,0
DA:83,0
DA:84,0
DA:87,0
DA:89,0
DA:90,0
DA:93,0
DA:99,0
DA:105,0
DA:106,0
DA:110,0
DA:116,0
DA:117,0
DA:118,0
DA:124,0
DA:129,0
DA:130,0
LF:42
LH:0
BRDA:12,0,0,0
BRDA:12,0,1,0
BRDA:19,1,0,0
BRDA:19,1,1,0
BRDA:35,2,0,0
BRDA:35,2,1,0
BRDA:51,3,0,0
BRDA:51,3,1,0
BRDA:69,4,0,0
BRDA:69,4,1,0
BRDA:83,5,0,0
BRDA:83,5,1,0
BRDA:89,6,0,0
BRDA:89,6,1,0
BRDA:105,7,0,0
BRDA:105,7,1,0
BRDA:116,8,0,0
BRDA:116,8,1,0
BRDA:133,9,0,0
BRDA:133,9,1,0
BRF:20
BRH:0
end_of_record
TN:
SF:src/app/api/projects/route.ts
FN:6,POST
FN:224,GET
FNF:2
FNH:0
FNDA:0,POST
FNDA:0,GET
DA:1,0
DA:2,0
DA:3,0
DA:6,0
DA:7,0
DA:9,0
DA:10,0
DA:11,0
DA:18,0
DA:19,0
DA:22,0
DA:24,0
DA:26,0
DA:27,0
DA:38,0
DA:39,0
DA:42,0
DA:55,0
DA:56,0
DA:63,0
DA:64,0
DA:71,0
DA:73,0
DA:74,0
DA:76,0
DA:77,0
DA:78,0
DA:84,0
DA:103,0
DA:104,0
DA:106,0
DA:110,0
DA:111,0
DA:112,0
DA:119,0
DA:121,0
DA:128,0
DA:129,0
DA:130,0
DA:137,0
DA:139,0
DA:140,0
DA:148,0
DA:154,0
DA:155,0
DA:156,0
DA:163,0
DA:164,0
DA:165,0
DA:181,0
DA:187,0
DA:188,0
DA:202,0
DA:206,0
DA:215,0
DA:216,0
DA:224,0
DA:225,0
DA:227,0
DA:228,0
DA:229,0
DA:235,0
DA:236,0
DA:239,0
DA:240,0
DA:246,0
DA:247,0
DA:253,0
DA:257,0
DA:263,0
DA:264,0
DA:265,0
DA:271,0
DA:277,0
DA:278,0
LF:75
LH:0
BRDA:10,0,0,0
BRDA:10,0,1,0
BRDA:24,1,0,0
BRDA:24,1,1,0
BRDA:33,2,0,0
BRDA:33,2,1,0
BRDA:34,3,0,0
BRDA:34,3,1,0
BRDA:47,4,0,0
BRDA:47,4,1,0
BRDA:48,5,0,0
BRDA:48,5,1,0
BRDA:49,6,0,0
BRDA:49,6,1,0
BRDA:50,7,0,0
BRDA:50,7,1,0
BRDA:55,8,0,0
BRDA:55,8,1,0
BRDA:55,9,0,0
BRDA:55,9,1,0
BRDA:55,9,2,0
BRDA:63,10,0,0
BRDA:63,10,1,0
BRDA:63,11,0,0
BRDA:63,11,1,0
BRDA:73,12,0,0
BRDA:73,12,1,0
BRDA:73,13,0,0
BRDA:73,13,1,0
BRDA:73,13,2,0
BRDA:77,14,0,0
BRDA:77,14,1,0
BRDA:106,15,0,0
BRDA:106,15,1,0
BRDA:106,15,2,0
BRDA:106,15,3,0
BRDA:107,16,0,0
BRDA:107,16,1,0
BRDA:108,17,0,0
BRDA:108,17,1,0
BRDA:110,18,0,0
BRDA:110,18,1,0
BRDA:128,19,0,0
BRDA:128,19,1,0
BRDA:154,20,0,0
BRDA:154,20,1,0
BRDA:163,21,0,0
BRDA:163,21,1,0
BRDA:163,22,0,0
BRDA:163,22,1,0
BRDA:163,22,2,0
BRDA:170,23,0,0
BRDA:170,23,1,0
BRDA:228,24,0,0
BRDA:228,24,1,0
BRDA:239,25,0,0
BRDA:239,25,1,0
BRDA:246,26,0,0
BRDA:246,26,1,0
BRDA:263,27,0,0
BRDA:263,27,1,0
BRDA:273,28,0,0
BRDA:273,28,1,0
BRF:63
BRH:0
end_of_record
TN:
SF:src/app/api/projects/[id]/route.ts
FN:6,GET
FNF:1
FNH:0
FNDA:0,GET
DA:1,0
DA:2,0
DA:3,0
DA:6,0
DA:10,0
DA:12,0
DA:13,0
DA:14,0
DA:20,0
DA:23,0
DA:29,0
DA:30,0
DA:37,0
DA:44,0
DA:45,0
DA:46,0
DA:52,0
DA:58,0
DA:59,0
LF:19
LH:0
BRDA:13,0,0,0
BRDA:13,0,1,0
BRDA:29,1,0,0
BRDA:29,1,1,0
BRDA:29,2,0,0
BRDA:29,2,1,0
BRDA:44,3,0,0
BRDA:44,3,1,0
BRF:8
BRH:0
end_of_record
TN:
SF:src/app/api/projects/[id]/convert/route.ts
FN:6,PUT
FNF:1
FNH:0
FNDA:0,PUT
DA:1,0
DA:2,0
DA:3,0
DA:6,0
DA:7,0
DA:9,0
DA:10,0
DA:11,0
DA:17,0
DA:18,0
DA:19,0
DA:27,0
DA:30,0
DA:31,0
DA:38,0
DA:44,0
DA:45,0
DA:52,0
DA:53,0
DA:60,0
DA:74,0
DA:75,0
DA:76,0
DA:83,0
DA:84,0
DA:100,0
DA:104,0
DA:110,0
DA:111,0
LF:29
LH:0
BRDA:10,0,0,0
BRDA:10,0,1,0
BRDA:30,1,0,0
BRDA:30,1,1,0
BRDA:30,2,0,0
BRDA:30,2,1,0
BRDA:44,3,0,0
BRDA:44,3,1,0
BRDA:44,4,0,0
BRDA:44,4,1,0
BRDA:52,5,0,0
BRDA:52,5,1,0
BRDA:64,6,0,0
BRDA:64,6,1,0
BRDA:65,7,0,0
BRDA:65,7,1,0
BRDA:66,8,0,0
BRDA:66,8,1,0
BRDA:74,9,0,0
BRDA:74,9,1,0
BRDA:94,10,0,0
BRDA:94,10,1,0
BRDA:95,11,0,0
BRDA:95,11,1,0
BRF:24
BRH:0
end_of_record
TN:
SF:src/app/api/purchase-orders/route.ts
FN:6,POST
FN:243,GET
FNF:2
FNH:0
FNDA:0,POST
FNDA:0,GET
DA:1,0
DA:2,0
DA:3,0
DA:6,0
DA:7,0
DA:8,0
DA:9,0
DA:10,0
DA:13,0
DA:22,0
DA:24,0
DA:25,0
DA:31,0
DA:37,0
DA:38,0
DA:42,0
DA:63,0
DA:64,0
DA:70,0
DA:71,0
DA:73,0
DA:74,0
DA:77,0
DA:78,0
DA:84,0
DA:95,0
DA:97,0
DA:100,0
DA:115,0
DA:116,0
DA:117,0
DA:123,0
DA:127,0
DA:134,0
DA:136,0
DA:138,0
DA:139,0
DA:144,0
DA:152,0
DA:153,0
DA:154,0
DA:160,0
DA:170,0
DA:171,0
DA:172,0
DA:179,0
DA:180,0
DA:188,0
DA:189,0
DA:194,0
DA:220,0
DA:221,0
DA:224,0
DA:231,0
DA:232,0
DA:243,0
DA:244,0
DA:245,0
DA:246,0
DA:247,0
DA:250,0
DA:251,0
DA:252,0
DA:255,0
DA:261,0
DA:262,0
DA:266,0
DA:292,0
DA:293,0
DA:296,0
DA:297,0
DA:300,0
DA:302,0
DA:303,0
DA:304,0
DA:310,0
DA:316,0
DA:317,0
LF:78
LH:0
BRDA:9,0,0,0
BRDA:9,0,1,0
BRDA:24,1,0,0
BRDA:24,1,1,0
BRDA:24,2,0,0
BRDA:24,2,1,0
BRDA:24,2,2,0
BRDA:24,2,3,0
BRDA:37,3,0,0
BRDA:37,3,1,0
BRDA:37,4,0,0
BRDA:37,4,1,0
BRDA:63,5,0,0
BRDA:63,5,1,0
BRDA:63,6,0,0
BRDA:63,6,1,0
BRDA:71,7,0,0
BRDA:71,7,1,0
BRDA:71,7,2,0
BRDA:73,8,0,0
BRDA:73,8,1,0
BRDA:77,9,0,0
BRDA:77,9,1,0
BRDA:95,10,0,0
BRDA:95,10,1,0
BRDA:115,11,0,0
BRDA:115,11,1,0
BRDA:134,12,0,0
BRDA:134,12,1,0
BRDA:138,13,0,0
BRDA:138,13,1,0
BRDA:152,14,0,0
BRDA:152,14,1,0
BRDA:170,15,0,0
BRDA:170,15,1,0
BRDA:179,16,0,0
BRDA:179,16,1,0
BRDA:188,17,0,0
BRDA:188,17,1,0
BRDA:220,18,0,0
BRDA:220,18,1,0
BRDA:235,19,0,0
BRDA:235,19,1,0
BRDA:246,20,0,0
BRDA:246,20,1,0
BRDA:261,21,0,0
BRDA:261,21,1,0
BRDA:261,22,0,0
BRDA:261,22,1,0
BRDA:292,23,0,0
BRDA:292,23,1,0
BRDA:296,24,0,0
BRDA:296,24,1,0
BRDA:302,25,0,0
BRDA:302,25,1,0
BRDA:306,26,0,0
BRDA:306,26,1,0
BRDA:312,27,0,0
BRDA:312,27,1,0
BRDA:320,28,0,0
BRDA:320,28,1,0
BRF:61
BRH:0
end_of_record
TN:
SF:src/app/api/purchase-requests/route.ts
FN:7,GET
FN:99,POST
FN:167,(anonymous_6)
FN:206,(anonymous_7)
FN:223,PUT
FNF:5
FNH:0
FNDA:0,GET
FNDA:0,POST
FNDA:0,(anonymous_6)
FNDA:0,(anonymous_7)
FNDA:0,PUT
DA:1,0
DA:2,0
DA:3,0
DA:7,0
DA:8,0
DA:9,0
DA:10,0
DA:11,0
DA:14,0
DA:15,0
DA:16,0
DA:18,0
DA:24,0
DA:30,0
DA:31,0
DA:35,0
DA:62,0
DA:63,0
DA:67,0
DA:68,0
DA:71,0
DA:73,0
DA:74,0
DA:75,0
DA:81,0
DA:87,0
DA:88,0
DA:99,0
DA:100,0
DA:101,0
DA:102,0
DA:103,0
DA:106,0
DA:107,0
DA:109,0
DA:110,0
DA:115,0
DA:121,0
DA:127,0
DA:128,0
DA:132,0
DA:133,0
DA:136,0
DA:137,0
DA:140,0
DA:141,0
DA:156,0
DA:157,0
DA:158,0
DA:164,0
DA:167,0
DA:178,0
DA:183,0
DA:184,0
DA:186,0
DA:191,0
DA:197,0
DA:200,0
DA:206,0
DA:211,0
DA:212,0
DA:223,0
DA:224,0
DA:225,0
DA:226,0
DA:227,0
DA:230,0
DA:231,0
DA:233,0
DA:234,0
DA:237,0
DA:238,0
DA:240,0
DA:241,0
DA:244,0
DA:250,0
DA:256,0
DA:257,0
DA:261,0
DA:274,0
DA:275,0
DA:276,0
DA:282,0
DA:289,0
DA:290,0
LF:85
LH:0
BRDA:10,0,0,0
BRDA:10,0,1,0
BRDA:30,1,0,0
BRDA:30,1,1,0
BRDA:62,2,0,0
BRDA:62,2,1,0
BRDA:67,3,0,0
BRDA:67,3,1,0
BRDA:73,4,0,0
BRDA:73,4,1,0
BRDA:77,5,0,0
BRDA:77,5,1,0
BRDA:83,6,0,0
BRDA:83,6,1,0
BRDA:91,7,0,0
BRDA:91,7,1,0
BRDA:102,8,0,0
BRDA:102,8,1,0
BRDA:109,9,0,0
BRDA:109,9,1,0
BRDA:109,10,0,0
BRDA:109,10,1,0
BRDA:109,10,2,0
BRDA:109,10,3,0
BRDA:127,11,0,0
BRDA:127,11,1,0
BRDA:132,12,0,0
BRDA:132,12,1,0
BRDA:132,13,0,0
BRDA:132,13,1,0
BRDA:148,14,0,0
BRDA:148,14,1,0
BRDA:156,15,0,0
BRDA:156,15,1,0
BRDA:171,16,0,0
BRDA:171,16,1,0
BRDA:172,17,0,0
BRDA:172,17,1,0
BRDA:183,18,0,0
BRDA:183,18,1,0
BRDA:215,19,0,0
BRDA:215,19,1,0
BRDA:226,20,0,0
BRDA:226,20,1,0
BRDA:233,21,0,0
BRDA:233,21,1,0
BRDA:240,22,0,0
BRDA:240,22,1,0
BRDA:256,23,0,0
BRDA:256,23,1,0
BRDA:267,24,0,0
BRDA:267,24,1,0
BRDA:274,25,0,0
BRDA:274,25,1,0
BRDA:293,26,0,0
BRDA:293,26,1,0
BRF:56
BRH:0
end_of_record
TN:
SF:src/app/api/quantity-takeoffs/route.ts
FN:5,POST
FN:91,GET
FNF:2
FNH:0
FNDA:0,POST
FNDA:0,GET
DA:1,0
DA:2,0
DA:5,0
DA:6,0
DA:7,0
DA:18,0
DA:21,0
DA:22,0
DA:29,0
DA:35,0
DA:36,0
DA:42,0
DA:43,0
DA:50,0
DA:69,0
DA:70,0
DA:71,0
DA:77,0
DA:82,0
DA:83,0
DA:91,0
DA:92,0
DA:93,0
DA:94,0
DA:96,0
DA:97,0
DA:103,0
DA:109,0
DA:110,0
DA:111,0
DA:117,0
DA:119,0
DA:120,0
LF:33
LH:0
BRDA:21,0,0,0
BRDA:21,0,1,0
BRDA:21,1,0,0
BRDA:21,1,1,0
BRDA:21,1,2,0
BRDA:21,1,3,0
BRDA:21,1,4,0
BRDA:35,2,0,0
BRDA:35,2,1,0
BRDA:35,3,0,0
BRDA:35,3,1,0
BRDA:42,4,0,0
BRDA:42,4,1,0
BRDA:61,5,0,0
BRDA:61,5,1,0
BRDA:62,6,0,0
BRDA:62,6,1,0
BRDA:69,7,0,0
BRDA:69,7,1,0
BRDA:96,8,0,0
BRDA:96,8,1,0
BRDA:109,9,0,0
BRDA:109,9,1,0
BRF:23
BRH:0
end_of_record
TN:
SF:src/app/api/quote-items/route.ts
FN:6,GET
FN:55,POST
FN:161,PUT
FN:225,DELETE
FN:270,updateBOQTotal
FN:278,(anonymous_10)
FNF:6
FNH:0
FNDA:0,GET
FNDA:0,POST
FNDA:0,PUT
FNDA:0,DELETE
FNDA:0,updateBOQTotal
FNDA:0,(anonymous_10)
DA:1,0
DA:2,0
DA:3,0
DA:6,0
DA:7,0
DA:8,0
DA:9,0
DA:10,0
DA:13,0
DA:14,0
DA:16,0
DA:17,0
DA:21,0
DA:38,0
DA:39,0
DA:40,0
DA:43,0
DA:49,0
DA:50,0
DA:55,0
DA:56,0
DA:57,0
DA:58,0
DA:59,0
DA:62,0
DA:63,0
DA:65,0
DA:66,0
DA:72,0
DA:75,0
DA:81,0
DA:82,0
DA:85,0
DA:91,0
DA:92,0
DA:96,0
DA:107,0
DA:108,0
DA:109,0
DA:112,0
DA:116,0
DA:132,0
DA:133,0
DA:134,0
DA:138,0
DA:140,0
DA:155,0
DA:156,0
DA:161,0
DA:162,0
DA:163,0
DA:164,0
DA:165,0
DA:168,0
DA:169,0
DA:171,0
DA:172,0
DA:175,0
DA:176,0
DA:177,0
DA:178,0
DA:179,0
DA:181,0
DA:182,0
DA:183,0
DA:184,0
DA:186,0
DA:187,0
DA:189,0
DA:196,0
DA:197,0
DA:198,0
DA:202,0
DA:204,0
DA:219,0
DA:220,0
DA:225,0
DA:226,0
DA:227,0
DA:228,0
DA:229,0
DA:232,0
DA:233,0
DA:235,0
DA:236,0
DA:240,0
DA:246,0
DA:251,0
DA:252,0
DA:253,0
DA:257,0
DA:258,0
DA:261,0
DA:264,0
DA:265,0
DA:271,0
DA:273,0
DA:278,0
DA:281,0
DA:287,0
LF:100
LH:0
BRDA:9,0,0,0
BRDA:9,0,1,0
BRDA:16,1,0,0
BRDA:16,1,1,0
BRDA:38,2,0,0
BRDA:38,2,1,0
BRDA:45,3,0,0
BRDA:45,3,1,0
BRDA:58,4,0,0
BRDA:58,4,1,0
BRDA:65,5,0,0
BRDA:65,5,1,0
BRDA:65,6,0,0
BRDA:65,6,1,0
BRDA:65,6,2,0
BRDA:65,6,3,0
BRDA:81,7,0,0
BRDA:81,7,1,0
BRDA:91,8,0,0
BRDA:91,8,1,0
BRDA:107,9,0,0
BRDA:107,9,1,0
BRDA:125,10,0,0
BRDA:125,10,1,0
BRDA:132,11,0,0
BRDA:132,11,1,0
BRDA:164,12,0,0
BRDA:164,12,1,0
BRDA:171,13,0,0
BRDA:171,13,1,0
BRDA:176,14,0,0
BRDA:176,14,1,0
BRDA:177,15,0,0
BRDA:177,15,1,0
BRDA:179,16,0,0
BRDA:179,16,1,0
BRDA:181,17,0,0
BRDA:181,17,1,0
BRDA:182,18,0,0
BRDA:182,18,1,0
BRDA:184,19,0,0
BRDA:184,19,1,0
BRDA:186,20,0,0
BRDA:186,20,1,0
BRDA:187,21,0,0
BRDA:187,21,1,0
BRDA:196,22,0,0
BRDA:196,22,1,0
BRDA:228,23,0,0
BRDA:228,23,1,0
BRDA:235,24,0,0
BRDA:235,24,1,0
BRDA:251,25,0,0
BRDA:251,25,1,0
BRDA:257,26,0,0
BRDA:257,26,1,0
BRDA:278,27,0,0
BRDA:278,27,1,0
BRDA:278,28,0,0
BRDA:278,28,1,0
BRF:60
BRH:0
end_of_record
TN:
SF:src/app/api/takeoff-verification/route.ts
FN:6,POST
FN:121,GET
FN:191,(anonymous_5)
FN:192,(anonymous_6)
FN:193,(anonymous_7)
FN:194,(anonymous_8)
FN:195,(anonymous_9)
FNF:7
FNH:0
FNDA:0,POST
FNDA:0,GET
FNDA:0,(anonymous_5)
FNDA:0,(anonymous_6)
FNDA:0,(anonymous_7)
FNDA:0,(anonymous_8)
FNDA:0,(anonymous_9)
DA:1,0
DA:2,0
DA:3,0
DA:6,0
DA:7,0
DA:8,0
DA:9,0
DA:10,0
DA:13,0
DA:17,0
DA:19,0
DA:20,0
DA:26,0
DA:32,0
DA:38,0
DA:39,0
DA:43,0
DA:45,0
DA:53,0
DA:55,0
DA:57,0
DA:63,0
DA:68,0
DA:69,0
DA:71,0
DA:87,0
DA:98,0
DA:99,0
DA:100,0
DA:106,0
DA:112,0
DA:113,0
DA:121,0
DA:122,0
DA:123,0
DA:124,0
DA:125,0
DA:128,0
DA:129,0
DA:130,0
DA:132,0
DA:133,0
DA:139,0
DA:145,0
DA:151,0
DA:152,0
DA:155,0
DA:161,0
DA:162,0
DA:165,0
DA:168,0
DA:169,0
DA:170,0
DA:177,0
DA:178,0
DA:179,0
DA:189,0
DA:191,0
DA:192,0
DA:193,0
DA:194,0
DA:195,0
DA:198,0
DA:206,0
DA:207,0
LF:65
LH:0
BRDA:9,0,0,0
BRDA:9,0,1,0
BRDA:19,1,0,0
BRDA:19,1,1,0
BRDA:19,2,0,0
BRDA:19,2,1,0
BRDA:38,3,0,0
BRDA:38,3,1,0
BRDA:55,4,0,0
BRDA:55,4,1,0
BRDA:55,5,0,0
BRDA:55,5,1,0
BRDA:98,6,0,0
BRDA:98,6,1,0
BRDA:124,7,0,0
BRDA:124,7,1,0
BRDA:132,8,0,0
BRDA:132,8,1,0
BRDA:151,9,0,0
BRDA:151,9,1,0
BRDA:161,10,0,0
BRDA:161,10,1,0
BRDA:168,11,0,0
BRDA:168,11,1,0
BRDA:177,12,0,0
BRDA:177,12,1,0
BRDA:177,13,0,0
BRDA:177,13,1,0
BRDA:177,13,2,0
BRDA:183,14,0,0
BRDA:183,14,1,0
BRDA:190,15,0,0
BRDA:190,15,1,0
BRDA:191,16,0,0
BRDA:191,16,1,0
BRDA:191,17,0,0
BRDA:191,17,1,0
BRDA:192,18,0,0
BRDA:192,18,1,0
BRDA:193,19,0,0
BRDA:193,19,1,0
BRDA:194,20,0,0
BRDA:194,20,1,0
BRDA:195,21,0,0
BRDA:195,21,1,0
BRDA:201,22,0,0
BRDA:201,22,1,0
BRF:47
BRH:0
end_of_record
TN:
SF:src/app/api/upload-boq/route.ts
FN:5,POST
FNF:1
FNH:0
FNDA:0,POST
DA:1,0
DA:2,0
DA:3,0
DA:5,0
DA:6,0
DA:7,0
DA:8,0
DA:9,0
DA:10,0
DA:12,0
DA:13,0
DA:20,0
DA:21,0
DA:28,0
DA:31,0
DA:34,0
DA:35,0
DA:42,0
DA:44,0
DA:51,0
DA:52,0
LF:21
LH:0
BRDA:12,0,0,0
BRDA:12,0,1,0
BRDA:12,1,0,0
BRDA:12,1,1,0
BRDA:12,1,2,0
BRDA:20,2,0,0
BRDA:20,2,1,0
BRDA:34,3,0,0
BRDA:34,3,1,0
BRDA:34,4,0,0
BRDA:34,4,1,0
BRDA:53,5,0,0
BRDA:53,5,1,0
BRF:13
BRH:0
end_of_record
TN:
SF:src/app/api/upload-schedule/route.ts
FN:5,POST
FNF:1
FNH:0
FNDA:0,POST
DA:1,0
DA:2,0
DA:3,0
DA:5,0
DA:6,0
DA:7,0
DA:8,0
DA:9,0
DA:10,0
DA:12,0
DA:13,0
DA:20,0
DA:21,0
DA:28,0
DA:31,0
DA:34,0
DA:35,0
DA:42,0
DA:44,0
DA:51,0
DA:52,0
LF:21
LH:0
BRDA:12,0,0,0
BRDA:12,0,1,0
BRDA:12,1,0,0
BRDA:12,1,1,0
BRDA:12,1,2,0
BRDA:20,2,0,0
BRDA:20,2,1,0
BRDA:34,3,0,0
BRDA:34,3,1,0
BRDA:34,4,0,0
BRDA:34,4,1,0
BRDA:53,5,0,0
BRDA:53,5,1,0
BRF:13
BRH:0
end_of_record
TN:
SF:src/app/api/vendors/route.ts
FN:5,GET
FN:36,(anonymous_2)
FNF:2
FNH:0
FNDA:0,GET
FNDA:0,(anonymous_2)
DA:1,0
DA:2,0
DA:5,0
DA:6,0
DA:7,0
DA:8,0
DA:10,0
DA:16,0
DA:21,0
DA:22,0
DA:25,0
DA:27,0
DA:28,0
DA:29,0
DA:36,0
DA:44,0
DA:51,0
DA:52,0
LF:18
LH:0
BRDA:21,0,0,0
BRDA:21,0,1,0
BRDA:27,1,0,0
BRDA:27,1,1,0
BRDA:31,2,0,0
BRDA:31,2,1,0
BRDA:36,3,0,0
BRDA:36,3,1,0
BRDA:55,4,0,0
BRDA:55,4,1,0
BRF:10
BRH:0
end_of_record
TN:
SF:src/app/auth/page.tsx
FN:7,AuthPage
FNF:1
FNH:0
FNDA:0,AuthPage
DA:3,0
DA:4,0
DA:5,0
DA:7,0
DA:8,0
LF:5
LH:0
BRF:0
BRH:0
end_of_record
TN:
SF:src/app/contact/page.tsx
FN:8,ContactUs
FN:23,(anonymous_5)
FN:25,(anonymous_6)
FN:34,(anonymous_7)
FN:82,(anonymous_8)
FNF:5
FNH:0
FNDA:0,ContactUs
FNDA:0,(anonymous_5)
FNDA:0,(anonymous_6)
FNDA:0,(anonymous_7)
FNDA:0,(anonymous_8)
DA:3,0
DA:4,0
DA:5,0
DA:6,0
DA:8,0
DA:9,0
DA:19,0
DA:20,0
DA:21,0
DA:23,0
DA:24,0
DA:25,0
DA:31,0
DA:34,0
DA:35,0
DA:36,0
DA:37,0
DA:39,0
DA:40,0
DA:48,0
DA:50,0
DA:51,0
DA:53,0
DA:56,0
DA:58,0
DA:83,0
DA:84,0
LF:27
LH:0
BRDA:27,0,0,0
BRDA:27,0,1,0
BRDA:31,1,0,0
BRDA:31,1,1,0
BRDA:50,2,0,0
BRDA:50,2,1,0
BRDA:53,3,0,0
BRDA:53,3,1,0
BRDA:75,4,0,0
BRDA:103,5,0,0
BRDA:231,6,0,0
BRDA:231,6,1,0
BRF:12
BRH:0
end_of_record
TN:
SF:src/app/contractor/status/page.tsx
FN:10,ContractorStatusPage
FN:17,(anonymous_5)
FN:23,(anonymous_6)
FN:43,(anonymous_7)
FN:65,(anonymous_8)
FN:75,(anonymous_9)
FN:85,(anonymous_10)
FN:118,(anonymous_11)
FN:162,(anonymous_13)
FN:284,(anonymous_14)
FN:294,(anonymous_15)
FN:306,(anonymous_16)
FN:310,(anonymous_17)
FN:314,(anonymous_18)
FNF:14
FNH:0
FNDA:0,ContractorStatusPage
FNDA:0,(anonymous_5)
FNDA:0,(anonymous_6)
FNDA:0,(anonymous_7)
FNDA:0,(anonymous_8)
FNDA:0,(anonymous_9)
FNDA:0,(anonymous_10)
FNDA:0,(anonymous_11)
FNDA:0,(anonymous_13)
FNDA:0,(anonymous_14)
FNDA:0,(anonymous_15)
FNDA:0,(anonymous_16)
FNDA:0,(anonymous_17)
FNDA:0,(anonymous_18)
DA:3,0
DA:4,0
DA:5,0
DA:6,0
DA:7,0
DA:8,0
DA:10,0
DA:11,0
DA:12,0
DA:13,0
DA:14,0
DA:15,0
DA:17,0
DA:18,0
DA:19,0
DA:23,0
DA:24,0
DA:25,0
DA:27,0
DA:29,0
DA:31,0
DA:32,0
DA:35,0
DA:37,0
DA:39,0
DA:43,0
DA:44,0
DA:46,0
DA:48,0
DA:49,0
DA:51,0
DA:53,0
DA:55,0
DA:58,0
DA:59,0
DA:61,0
DA:65,0
DA:66,0
DA:67,0
DA:68,0
DA:69,0
DA:70,0
DA:71,0
DA:75,0
DA:76,0
DA:77,0
DA:78,0
DA:79,0
DA:80,0
DA:81,0
DA:85,0
DA:86,0
DA:87,0
DA:89,0
DA:90,0
DA:91,0
DA:95,0
DA:108,0
DA:118,0
DA:126,0
DA:127,0
DA:163,0
DA:164,0
DA:165,0
DA:285,0
DA:295,0
DA:306,0
DA:310,0
DA:314,0
LF:69
LH:0
BRDA:18,0,0,0
BRDA:18,0,1,0
BRDA:18,1,0,0
BRDA:18,1,1,0
BRDA:25,2,0,0
BRDA:25,2,1,0
BRDA:29,3,0,0
BRDA:29,3,1,0
BRDA:44,4,0,0
BRDA:44,4,1,0
BRDA:51,5,0,0
BRDA:51,5,1,0
BRDA:66,6,0,0
BRDA:66,6,1,0
BRDA:66,6,2,0
BRDA:66,6,3,0
BRDA:66,6,4,0
BRDA:76,7,0,0
BRDA:76,7,1,0
BRDA:76,7,2,0
BRDA:76,7,3,0
BRDA:76,7,4,0
BRDA:86,8,0,0
BRDA:86,8,1,0
BRDA:86,8,2,0
BRDA:86,8,3,0
BRDA:86,8,4,0
BRDA:95,9,0,0
BRDA:95,9,1,0
BRDA:95,10,0,0
BRDA:95,10,1,0
BRDA:108,11,0,0
BRDA:108,11,1,0
BRDA:136,12,0,0
BRDA:142,13,0,0
BRDA:145,14,0,0
BRDA:151,15,0,0
BRDA:157,16,0,0
BRDA:157,16,1,0
BRDA:164,17,0,0
BRDA:164,17,1,0
BRDA:173,18,0,0
BRDA:173,18,1,0
BRDA:176,19,0,0
BRDA:184,20,0,0
BRDA:184,20,1,0
BRDA:194,21,0,0
BRDA:194,21,1,0
BRDA:194,21,2,0
BRDA:233,22,0,0
BRDA:233,22,1,0
BRDA:234,23,0,0
BRDA:234,23,1,0
BRDA:235,24,0,0
BRDA:235,24,1,0
BRDA:272,25,0,0
BRDA:284,26,0,0
BRDA:284,26,1,0
BRDA:309,27,0,0
BRDA:309,27,1,0
BRF:60
BRH:0
end_of_record
TN:
SF:src/app/contractors/page.tsx
FN:6,ContractorsPage
FNF:1
FNH:0
FNDA:0,ContractorsPage
DA:1,0
DA:2,0
DA:3,0
DA:4,0
DA:6,0
LF:5
LH:0
BRF:0
BRH:0
end_of_record
TN:
SF:src/app/contractors/apply/page.tsx
FN:38,ContractorApplyPage
FN:54,(anonymous_6)
FN:58,(anonymous_7)
FN:66,(anonymous_8)
FN:66,(anonymous_9)
FN:67,(anonymous_10)
FN:67,(anonymous_11)
FN:69,(anonymous_12)
FN:94,(anonymous_13)
FN:148,(anonymous_15)
FN:163,(anonymous_16)
FN:295,(anonymous_17)
FNF:12
FNH:0
FNDA:0,ContractorApplyPage
FNDA:0,(anonymous_6)
FNDA:0,(anonymous_7)
FNDA:0,(anonymous_8)
FNDA:0,(anonymous_9)
FNDA:0,(anonymous_10)
FNDA:0,(anonymous_11)
FNDA:0,(anonymous_12)
FNDA:0,(anonymous_13)
FNDA:0,(anonymous_15)
FNDA:0,(anonymous_16)
FNDA:0,(anonymous_17)
DA:3,0
DA:4,0
DA:5,0
DA:33,0
DA:38,0
DA:39,0
DA:40,0
DA:41,0
DA:46,0
DA:54,0
DA:55,0
DA:58,0
DA:59,0
DA:60,0
DA:66,0
DA:67,0
DA:69,0
DA:70,0
DA:71,0
DA:73,0
DA:75,0
DA:78,0
DA:79,0
DA:80,0
DA:81,0
DA:82,0
DA:83,0
DA:84,0
DA:85,0
DA:86,0
DA:87,0
DA:88,0
DA:89,0
DA:90,0
DA:91,0
DA:94,0
DA:95,0
DA:96,0
DA:101,0
DA:107,0
DA:109,0
DA:110,0
DA:116,0
DA:122,0
DA:127,0
DA:148,0
DA:163,0
DA:164,0
DA:268,0
DA:296,0
LF:50
LH:0
BRDA:59,0,0,0
BRDA:59,0,1,0
BRDA:95,1,0,0
BRDA:95,1,1,0
BRDA:109,2,0,0
BRDA:109,2,1,0
BRDA:109,3,0,0
BRDA:109,3,1,0
BRDA:118,4,0,0
BRDA:118,4,1,0
BRDA:131,5,0,0
BRDA:139,6,0,0
BRDA:139,6,1,0
BRDA:141,7,0,0
BRDA:155,8,0,0
BRDA:155,8,1,0
BRDA:164,9,0,0
BRDA:231,10,0,0
BRDA:233,11,0,0
BRDA:233,11,1,0
BRDA:239,12,0,0
BRDA:239,12,1,0
BRDA:243,13,0,0
BRDA:243,13,1,0
BRDA:246,14,0,0
BRDA:251,15,0,0
BRDA:299,16,0,0
BRDA:299,16,1,0
BRDA:304,17,0,0
BRDA:304,17,1,0
BRDA:310,18,0,0
BRDA:311,19,0,0
BRDA:311,19,1,0
BRDA:326,20,0,0
BRDA:326,20,1,0
BRDA:337,21,0,0
BRDA:337,21,1,0
BRDA:343,22,0,0
BRDA:352,23,0,0
BRDA:352,23,1,0
BRF:40
BRH:0
end_of_record
TN:
SF:src/app/contractors/compare/page.tsx
FN:8,ContractorComparePage
FN:67,(anonymous_6)
FNF:2
[...]
BRDA:87,16,0,0
BRDA:87,16,1,0
BRDA:87,17,0,0
BRDA:87,17,1,0
BRDA:88,18,0,0
BRDA:88,18,1,0
BRDA:88,19,0,0
BRDA:88,19,1,0
BRDA:92,20,0,0
BRDA:92,20,1,0
BRDA:93,21,0,0
BRDA:93,21,1,0
BRDA:133,22,0,0
BRDA:133,22,1,0
BRDA:133,23,0,0
BRDA:133,23,1,0
BRDA:135,24,0,0
BRDA:135,24,1,0
BRDA:153,25,0,0
BRDA:153,25,1,0
BRDA:158,26,0,0
BRDA:158,26,1,0
BRDA:165,27,0,0
BRDA:165,27,1,0
BRDA:167,28,0,0
BRDA:167,28,1,0
BRDA:175,29,0,0
BRDA:175,29,1,0
BRDA:181,30,0,0
BRDA:181,30,1,0
BRDA:186,31,0,0
BRDA:186,31,1,0
BRDA:192,32,0,0
BRDA:192,32,1,0
BRDA:194,33,0,0
BRDA:194,33,1,0
BRDA:199,34,0,0
BRDA:199,34,1,0
BRDA:218,35,0,0
BRDA:218,35,1,0
BRDA:218,36,0,0
BRDA:218,36,1,0
BRDA:223,37,0,0
BRDA:223,37,1,0
BRDA:223,38,0,0
BRDA:223,38,1,0
BRDA:223,38,2,0
BRDA:223,38,3,0
BRDA:223,38,4,0
BRDA:223,38,5,0
BRDA:223,38,6,0
BRDA:231,39,0,0
BRDA:231,39,1,0
BRDA:235,40,0,0
BRDA:235,40,1,0
BRDA:235,40,2,0
BRDA:235,40,3,0
BRDA:263,41,0,0
BRDA:263,41,1,0
BRDA:271,42,0,0
BRDA:271,42,1,0
BRDA:279,43,0,0
BRDA:279,43,1,0
BRDA:279,44,0,0
BRDA:279,44,1,0
BRF:102
BRH:0
end_of_record
TN:
SF:src/lib/contractor-access.ts
FN:12,(anonymous_1)
FN:111,(anonymous_2)
FN:135,(anonymous_3)
FN:154,(anonymous_4)
FN:208,(anonymous_5)
FNF:5
FNH:0
FNDA:0,(anonymous_1)
FNDA:0,(anonymous_2)
FNDA:0,(anonymous_3)
FNDA:0,(anonymous_4)
FNDA:0,(anonymous_5)
DA:1,0
DA:2,0
DA:7,0
DA:13,0
DA:15,0
DA:17,0
DA:18,0
DA:29,0
DA:30,0
DA:33,0
DA:35,0
DA:36,0
DA:44,0
DA:55,0
DA:65,0
DA:75,0
DA:86,0
DA:96,0
DA:97,0
DA:112,0
DA:113,0
DA:114,0
DA:116,0
DA:117,0
DA:118,0
DA:120,0
DA:127,0
DA:128,0
DA:136,0
DA:137,0
DA:140,0
DA:145,0
DA:147,0
DA:155,0
DA:156,0
DA:158,0
DA:159,0
DA:166,0
DA:167,0
DA:174,0
DA:175,0
DA:182,0
DA:183,0
DA:190,0
DA:191,0
DA:198,0
DA:209,0
DA:210,0
DA:212,0
DA:213,0
DA:216,0
DA:217,0
DA:224,0
DA:225,0
DA:232,0
DA:233,0
DA:242,0
LF:57
LH:0
BRDA:17,0,0,0
BRDA:17,0,1,0
BRDA:33,1,0,0
BRDA:33,1,1,0
BRDA:33,1,2,0
BRDA:33,1,3,0
BRDA:33,1,4,0
BRDA:33,1,5,0
BRDA:35,2,0,0
BRDA:35,2,1,0
BRDA:114,3,0,0
BRDA:114,3,1,0
BRDA:117,4,0,0
BRDA:117,4,1,0
BRDA:118,5,0,0
BRDA:118,5,1,0
BRDA:136,6,0,0
BRDA:136,6,1,0
BRDA:136,7,0,0
BRDA:136,7,1,0
BRDA:140,8,0,0
BRDA:140,8,1,0
BRDA:140,8,2,0
BRDA:140,8,3,0
BRDA:140,8,4,0
BRDA:158,9,0,0
BRDA:158,9,1,0
BRDA:158,10,0,0
BRDA:158,10,1,0
BRDA:166,11,0,0
BRDA:166,11,1,0
BRDA:174,12,0,0
BRDA:174,12,1,0
BRDA:182,13,0,0
BRDA:182,13,1,0
BRDA:182,14,0,0
BRDA:182,14,1,0
BRDA:190,15,0,0
BRDA:190,15,1,0
BRDA:212,16,0,0
BRDA:212,16,1,0
BRDA:212,17,0,0
BRDA:212,17,1,0
BRDA:216,18,0,0
BRDA:216,18,1,0
BRDA:216,19,0,0
BRDA:216,19,1,0
BRDA:224,20,0,0
BRDA:224,20,1,0
BRDA:224,21,0,0
BRDA:224,21,1,0
BRDA:232,22,0,0
BRDA:232,22,1,0
BRF:53
BRH:0
end_of_record
TN:
SF:src/lib/contractor-client.ts
FN:5,fetchContractors
FN:29,getContractorById
FN:32,(anonymous_8)
FN:39,getContractorsByCategory
FN:42,(anonymous_10)
FN:51,getContractorsBySpecialization
FN:54,(anonymous_12)
FN:55,(anonymous_13)
FN:65,clearContractorCache
FNF:9
FNH:0
FNDA:0,fetchContractors
FNDA:0,getContractorById
FNDA:0,(anonymous_8)
FNDA:0,getContractorsByCategory
FNDA:0,(anonymous_10)
FNDA:0,getContractorsBySpecialization
FNDA:0,(anonymous_12)
FNDA:0,(anonymous_13)
FNDA:0,clearContractorCache
DA:5,0
DA:10,0
DA:11,0
DA:12,0
DA:14,0
DA:15,0
DA:18,0
DA:20,0
DA:21,0
DA:29,0
DA:30,0
DA:31,0
DA:32,0
DA:34,0
DA:35,0
DA:39,0
DA:40,0
DA:41,0
DA:42,0
DA:43,0
DA:46,0
DA:47,0
DA:51,0
DA:52,0
DA:53,0
DA:54,0
DA:55,0
DA:56,0
DA:60,0
DA:61,0
DA:65,0
DA:66,0
DA:67,0
DA:68,0
DA:70,0
LF:35
LH:0
BRDA:5,0,0,0
BRDA:11,1,0,0
BRDA:11,1,1,0
BRDA:14,2,0,0
BRDA:14,2,1,0
BRDA:23,3,0,0
BRDA:23,3,1,0
BRDA:32,4,0,0
BRDA:32,4,1,0
BRF:9
BRH:0
end_of_record
TN:
SF:src/lib/contractor-metrics.ts
FN:13,calculateProjectMetrics
FN:58,(anonymous_4)
FN:80,(anonymous_5)
FN:110,updateProjectMetrics
FNF:4
FNH:0
FNDA:0,calculateProjectMetrics
FNDA:0,(anonymous_4)
FNDA:0,(anonymous_5)
FNDA:0,updateProjectMetrics
DA:1,0
DA:13,0
DA:14,0
DA:15,0
DA:32,0
DA:35,0
DA:36,0
DA:37,0
DA:39,0
DA:40,0
DA:41,0
DA:43,0
DA:46,0
DA:50,0
DA:51,0
DA:52,0
DA:53,0
DA:54,0
DA:56,0
DA:58,0
DA:59,0
DA:60,0
DA:62,0
DA:65,0
DA:68,0
DA:72,0
DA:73,0
DA:74,0
DA:75,0
DA:76,0
DA:78,0
DA:80,0
DA:81,0
DA:82,0
DA:83,0
DA:86,0
DA:87,0
DA:89,0
DA:92,0
DA:95,0
DA:98,0
DA:100,0
DA:101,0
DA:110,0
DA:111,0
DA:112,0
DA:114,0
DA:115,0
DA:116,0
DA:120,0
DA:131,0
DA:132,0
LF:52
LH:0
BRDA:37,0,0,0
BRDA:37,0,1,0
BRDA:37,1,0,0
BRDA:37,1,1,0
BRDA:52,2,0,0
BRDA:52,2,1,0
BRDA:52,3,0,0
BRDA:52,3,1,0
BRDA:56,4,0,0
BRDA:56,4,1,0
BRDA:56,5,0,0
BRDA:56,5,1,0
BRDA:74,6,0,0
BRDA:74,6,1,0
BRDA:74,7,0,0
BRDA:74,7,1,0
BRDA:78,8,0,0
BRDA:78,8,1,0
BRDA:78,9,0,0
BRDA:78,9,1,0
BRDA:83,10,0,0
BRDA:83,10,1,0
BRDA:114,11,0,0
BRDA:114,11,1,0
BRF:24
BRH:0
end_of_record
TN:
SF:src/lib/contractor-service.ts
FN:19,(anonymous_1)
FN:35,(anonymous_2)
FN:51,(anonymous_3)
FN:67,(anonymous_4)
FN:84,(anonymous_5)
FN:146,(anonymous_6)
FN:162,(anonymous_7)
FN:182,(anonymous_8)
FN:211,(anonymous_9)
FN:250,(anonymous_10)
FN:265,(anonymous_11)
FNF:11
FNH:0
FNDA:0,(anonymous_1)
FNDA:0,(anonymous_2)
FNDA:0,(anonymous_3)
FNDA:0,(anonymous_4)
FNDA:0,(anonymous_5)
FNDA:0,(anonymous_6)
FNDA:0,(anonymous_7)
FNDA:0,(anonymous_8)
FNDA:0,(anonymous_9)
FNDA:0,(anonymous_10)
FNDA:0,(anonymous_11)
DA:1,0
DA:16,0
DA:20,0
DA:26,0
DA:27,0
DA:28,0
DA:31,0
DA:36,0
DA:42,0
DA:43,0
DA:44,0
DA:47,0
DA:52,0
DA:58,0
DA:59,0
DA:60,0
DA:63,0
DA:68,0
DA:75,0
DA:76,0
DA:77,0
DA:80,0
DA:85,0
DA:87,0
DA:93,0
DA:96,0
DA:102,0
DA:105,0
DA:111,0
DA:114,0
DA:120,0
DA:123,0
DA:130,0
DA:132,0
DA:140,0
DA:141,0
DA:147,0
DA:153,0
DA:154,0
DA:155,0
DA:158,0
DA:163,0
DA:164,0
DA:166,0
DA:173,0
DA:174,0
DA:175,0
DA:178,0
DA:191,0
DA:192,0
DA:198,0
DA:199,0
DA:200,0
DA:203,0
DA:205,0
DA:206,0
DA:212,0
DA:214,0
DA:242,0
DA:244,0
DA:245,0
DA:251,0
DA:256,0
DA:257,0
DA:258,0
DA:261,0
DA:266,0
DA:273,0
DA:274,0
DA:275,0
DA:278,0
LF:71
LH:0
BRDA:26,0,0,0
BRDA:26,0,1,0
BRDA:42,1,0,0
BRDA:42,1,1,0
BRDA:58,2,0,0
BRDA:58,2,1,0
BRDA:75,3,0,0
BRDA:75,3,1,0
BRDA:93,4,0,0
BRDA:93,4,1,0
BRDA:102,5,0,0
BRDA:102,5,1,0
BRDA:111,6,0,0
BRDA:111,6,1,0
BRDA:120,7,0,0
BRDA:120,7,1,0
BRDA:130,8,0,0
BRDA:130,8,1,0
BRDA:134,9,0,0
BRDA:134,9,1,0
BRDA:135,10,0,0
BRDA:135,10,1,0
BRDA:136,11,0,0
BRDA:136,11,1,0
BRDA:137,12,0,0
BRDA:137,12,1,0
BRDA:153,13,0,0
BRDA:153,13,1,0
BRDA:164,14,0,0
BRDA:164,14,1,0
BRDA:173,15,0,0
BRDA:173,15,1,0
BRDA:198,16,0,0
BRDA:198,16,1,0
BRDA:215,17,0,0
BRDA:215,17,1,0
BRDA:216,18,0,0
BRDA:216,18,1,0
BRDA:217,19,0,0
BRDA:217,19,1,0
BRDA:218,20,0,0
BRDA:218,20,1,0
BRDA:219,21,0,0
BRDA:219,21,1,0
BRDA:220,22,0,0
BRDA:220,22,1,0
BRDA:221,23,0,0
BRDA:221,23,1,0
BRDA:222,24,0,0
BRDA:222,24,1,0
BRDA:223,25,0,0
BRDA:223,25,1,0
BRDA:224,26,0,0
BRDA:224,26,1,0
BRDA:225,27,0,0
BRDA:225,27,1,0
BRDA:226,28,0,0
BRDA:226,28,1,0
BRDA:228,29,0,0
BRDA:228,29,1,0
BRDA:229,30,0,0
BRDA:229,30,1,0
BRDA:230,31,0,0
BRDA:230,31,1,0
BRDA:231,32,0,0
BRDA:231,32,1,0
BRDA:232,33,0,0
BRDA:232,33,1,0
BRDA:233,34,0,0
BRDA:233,34,1,0
BRDA:234,35,0,0
BRDA:234,35,1,0
BRDA:235,36,0,0
BRDA:235,36,1,0
BRDA:236,37,0,0
BRDA:236,37,1,0
BRDA:237,38,0,0
BRDA:237,38,1,0
BRDA:238,39,0,0
BRDA:238,39,1,0
BRDA:256,40,0,0
BRDA:256,40,1,0
BRDA:261,41,0,0
BRDA:261,41,1,0
BRDA:273,42,0,0
BRDA:273,42,1,0
BRF:86
BRH:0
end_of_record
TN:
SF:src/lib/document-service.ts
FN:24,(anonymous_1)
FN:88,(anonymous_2)
FN:136,(anonymous_3)
FN:168,(anonymous_4)
FN:170,(anonymous_5)
FN:174,(anonymous_6)
FN:195,(anonymous_7)
FN:249,(anonymous_8)
FN:251,(anonymous_9)
FN:255,(anonymous_10)
FN:257,(anonymous_11)
FN:262,(anonymous_12)
FN:264,(anonymous_13)
FNF:13
FNH:0
FNDA:0,(anonymous_1)
FNDA:0,(anonymous_2)
FNDA:0,(anonymous_3)
FNDA:0,(anonymous_4)
FNDA:0,(anonymous_5)
FNDA:0,(anonymous_6)
FNDA:0,(anonymous_7)
FNDA:0,(anonymous_8)
FNDA:0,(anonymous_9)
FNDA:0,(anonymous_10)
FNDA:0,(anonymous_11)
FNDA:0,(anonymous_12)
FNDA:0,(anonymous_13)
DA:1,0
DA:21,0
DA:29,0
DA:31,0
DA:32,0
DA:33,0
DA:37,0
DA:38,0
DA:41,0
DA:48,0
DA:49,0
DA:50,0
DA:54,0
DA:57,0
DA:71,0
DA:73,0
DA:77,0
DA:80,0
DA:82,0
DA:83,0
DA:93,0
DA:95,0
DA:101,0
DA:102,0
DA:106,0
DA:112,0
DA:113,0
DA:116,0
DA:124,0
DA:125,0
DA:128,0
DA:130,0
DA:131,0
DA:138,0
DA:139,0
DA:140,0
DA:144,0
DA:145,0
DA:146,0
DA:150,0
DA:152,0
DA:153,0
DA:155,0
DA:158,0
DA:159,0
DA:161,0
DA:164,0
DA:169,0
DA:170,0
DA:175,0
DA:176,0
DA:182,0
DA:183,0
DA:184,0
DA:187,0
DA:189,0
DA:190,0
DA:202,0
DA:203,0
DA:209,0
DA:210,0
DA:213,0
DA:224,0
DA:225,0
DA:227,0
DA:237,0
DA:238,0
DA:241,0
DA:243,0
DA:244,0
DA:250,0
DA:251,0
DA:256,0
DA:257,0
DA:258,0
DA:263,0
DA:264,0
DA:265,0
LF:78
LH:0
BRDA:32,0,0,0
BRDA:32,0,1,0
BRDA:48,1,0,0
BRDA:48,1,1,0
BRDA:71,2,0,0
BRDA:71,2,1,0
BRDA:101,3,0,0
BRDA:101,3,1,0
BRDA:113,4,0,0
BRDA:113,4,1,0
BRDA:124,5,0,0
BRDA:124,5,1,0
BRDA:139,6,0,0
BRDA:139,6,1,0
BRDA:145,7,0,0
BRDA:145,7,1,0
BRDA:150,8,0,0
BRDA:150,8,1,0
BRDA:152,9,0,0
BRDA:152,9,1,0
BRDA:152,10,0,0
BRDA:152,10,1,0
BRDA:158,11,0,0
BRDA:158,11,1,0
BRDA:182,12,0,0
BRDA:182,12,1,0
BRDA:209,13,0,0
BRDA:209,13,1,0
BRDA:218,14,0,0
BRDA:218,14,1,0
BRDA:219,15,0,0
BRDA:219,15,1,0
BRDA:225,16,0,0
BRDA:225,16,1,0
BRDA:237,17,0,0
BRDA:237,17,1,0
BRF:36
BRH:0
end_of_record
TN:
SF:src/lib/error-monitoring.ts
FN:38,logError
FN:45,(anonymous_5)
FN:86,logMessage
FN:91,(anonymous_7)
FN:110,withErrorLogging
FN:114,(anonymous_9)
FNF:6
FNH:0
FNDA:0,logError
FNDA:0,(anonymous_5)
FNDA:0,logMessage
FNDA:0,(anonymous_7)
FNDA:0,withErrorLogging
FNDA:0,(anonymous_9)
DA:7,0
DA:10,0
DA:11,0
DA:12,0
DA:14,0
DA:38,0
DA:40,0
DA:43,0
DA:44,0
DA:45,0
DA:47,0
DA:48,0
DA:56,0
DA:57,0
DA:65,0
DA:66,0
DA:70,0
DA:71,0
DA:74,0
DA:75,0
DA:79,0
DA:86,0
DA:87,0
DA:89,0
DA:90,0
DA:91,0
DA:92,0
DA:93,0
DA:95,0
DA:96,0
DA:98,0
DA:101,0
DA:110,0
DA:114,0
DA:115,0
DA:116,0
DA:118,0
DA:126,0
LF:38
LH:0
BRDA:10,0,0,0
BRDA:10,0,1,0
BRDA:43,1,0,0
BRDA:43,1,1,0
BRDA:47,2,0,0
BRDA:47,2,1,0
BRDA:56,3,0,0
BRDA:56,3,1,0
BRDA:65,4,0,0
BRDA:65,4,1,0
BRDA:86,5,0,0
BRDA:89,6,0,0
BRDA:89,6,1,0
BRDA:92,7,0,0
BRDA:92,7,1,0
BRDA:95,8,0,0
BRDA:95,8,1,0
BRDA:121,9,0,0
BRDA:121,9,1,0
BRDA:128,10,0,0
BRDA:128,10,1,0
BRF:21
BRH:0
end_of_record
TN:
SF:src/lib/excel-parser.ts
FN:22,parseExcelFile
FN:23,(anonymous_10)
FN:26,(anonymous_11)
FN:39,(anonymous_12)
FN:45,parseMultiSheetExcelFile
FN:49,(anonymous_14)
FN:52,(anonymous_15)
FN:59,(anonymous_16)
FN:80,(anonymous_17)
FN:86,shouldSkipSheet
FN:90,(anonymous_19)
FN:94,parseMultiSheetToBOQ
FN:106,(anonymous_21)
FN:109,(anonymous_22)
FN:109,(anonymous_23)
FN:111,(anonymous_24)
FN:125,(anonymous_25)
FN:128,(anonymous_26)
FN:136,(anonymous_27)
FN:142,(anonymous_28)
FN:168,(anonymous_29)
FN:169,(anonymous_30)
FN:173,(anonymous_31)
FN:198,parseExcelToBOQ
FN:211,(anonymous_33)
FN:212,(anonymous_34)
FN:220,(anonymous_35)
FN:222,(anonymous_36)
FN:236,parseExcelToSchedule
FN:249,(anonymous_38)
FN:250,(anonymous_39)
FN:258,(anonymous_40)
FN:260,(anonymous_41)
FN:272,parseBOQRow
FN:273,(anonymous_43)
FN:277,(anonymous_44)
FN:284,(anonymous_45)
FN:319,parseScheduleRow
FN:320,(anonymous_47)
FN:324,(anonymous_48)
FN:330,(anonymous_49)
FNF:41
FNH:0
FNDA:0,parseExcelFile
FNDA:0,(anonymous_10)
FNDA:0,(anonymous_11)
FNDA:0,(anonymous_12)
FNDA:0,parseMultiSheetExcelFile
FNDA:0,(anonymous_14)
FNDA:0,(anonymous_15)
FNDA:0,(anonymous_16)
FNDA:0,(anonymous_17)
FNDA:0,shouldSkipSheet
FNDA:0,(anonymous_19)
FNDA:0,parseMultiSheetToBOQ
FNDA:0,(anonymous_21)
FNDA:0,(anonymous_22)
FNDA:0,(anonymous_23)
FNDA:0,(anonymous_24)
FNDA:0,(anonymous_25)
FNDA:0,(anonymous_26)
FNDA:0,(anonymous_27)
FNDA:0,(anonymous_28)
FNDA:0,(anonymous_29)
FNDA:0,(anonymous_30)
FNDA:0,(anonymous_31)
FNDA:0,parseExcelToBOQ
FNDA:0,(anonymous_33)
FNDA:0,(anonymous_34)
FNDA:0,(anonymous_35)
FNDA:0,(anonymous_36)
FNDA:0,parseExcelToSchedule
FNDA:0,(anonymous_38)
FNDA:0,(anonymous_39)
FNDA:0,(anonymous_40)
FNDA:0,(anonymous_41)
FNDA:0,parseBOQRow
FNDA:0,(anonymous_43)
FNDA:0,(anonymous_44)
FNDA:0,(anonymous_45)
FNDA:0,parseScheduleRow
FNDA:0,(anonymous_47)
FNDA:0,(anonymous_48)
FNDA:0,(anonymous_49)
DA:1,0
DA:5,0
DA:14,0
DA:22,0
DA:23,0
DA:24,0
DA:26,0
DA:27,0
DA:28,0
DA:29,0
DA:30,0
DA:31,0
DA:32,0
DA:33,0
DA:35,0
DA:39,0
DA:40,0
DA:45,0
DA:49,0
DA:50,0
DA:52,0
DA:53,0
DA:54,0
DA:55,0
DA:57,0
DA:59,0
DA:60,0
DA:61,0
DA:63,0
DA:65,0
DA:71,0
DA:76,0
DA:80,0
DA:81,0
DA:87,0
DA:88,0
DA:90,0
DA:94,0
DA:100,0
DA:101,0
DA:103,0
DA:106,0
DA:108,0
DA:109,0
DA:111,0
DA:112,0
DA:115,0
DA:122,0
DA:125,0
DA:127,0
DA:129,0
DA:130,0
DA:132,0
DA:133,0
DA:136,0
DA:139,0
DA:142,0
DA:143,0
DA:145,0
DA:148,0
DA:149,0
DA:160,0
DA:168,0
DA:169,0
DA:170,0
DA:173,0
DA:175,0
DA:184,0
DA:186,0
DA:198,0
DA:204,0
DA:205,0
DA:208,0
DA:210,0
DA:211,0
DA:213,0
DA:214,0
DA:216,0
DA:217,0
DA:220,0
DA:222,0
DA:224,0
DA:236,0
DA:242,0
DA:243,0
DA:246,0
DA:248,0
DA:249,0
DA:251,0
DA:252,0
DA:254,0
DA:255,0
DA:258,0
DA:260,0
DA:262,0
DA:273,0
DA:274,0
DA:277,0
DA:278,0
DA:279,0
DA:280,0
DA:284,0
DA:285,0
DA:287,0
DA:290,0
DA:293,0
DA:297,0
DA:298,0
DA:301,0
DA:302,0
DA:305,0
DA:306,0
DA:307,0
DA:310,0
DA:320,0
DA:321,0
DA:324,0
DA:325,0
DA:326,0
DA:327,0
DA:330,0
DA:331,0
DA:334,0
DA:335,0
DA:336,0
DA:340,0
DA:341,0
DA:344,0
LF:128
LH:0
BRDA:125,0,0,0
BRDA:125,0,1,0
BRDA:125,0,2,0
BRDA:148,1,0,0
BRDA:148,1,1,0
BRDA:170,2,0,0
BRDA:170,2,1,0
BRDA:204,3,0,0
BRDA:204,3,1,0
BRDA:204,4,0,0
BRDA:204,4,1,0
BRDA:211,5,0,0
BRDA:211,5,1,0
BRDA:211,5,2,0
BRDA:242,6,0,0
BRDA:242,6,1,0
BRDA:242,7,0,0
BRDA:242,7,1,0
BRDA:249,8,0,0
BRDA:249,8,1,0
BRDA:249,8,2,0
BRDA:273,9,0,0
BRDA:274,10,0,0
BRDA:274,10,1,0
BRDA:274,11,0,0
BRDA:274,11,1,0
BRDA:277,12,0,0
BRDA:278,13,0,0
BRDA:278,13,1,0
BRDA:278,14,0,0
BRDA:278,14,1,0
BRDA:278,14,2,0
BRDA:280,15,0,0
BRDA:280,15,1,0
BRDA:285,16,0,0
BRDA:285,16,1,0
BRDA:285,17,0,0
BRDA:285,17,1,0
BRDA:285,17,2,0
BRDA:290,18,0,0
BRDA:290,18,1,0
BRDA:290,19,0,0
BRDA:290,19,1,0
BRDA:290,19,2,0
BRDA:290,19,3,0
BRDA:290,19,4,0
BRDA:290,19,5,0
BRDA:290,19,6,0
BRDA:298,20,0,0
BRDA:298,20,1,0
BRDA:306,21,0,0
BRDA:306,21,1,0
BRDA:306,22,0,0
BRDA:306,22,1,0
BRDA:306,22,2,0
BRDA:320,23,0,0
BRDA:321,24,0,0
BRDA:321,24,1,0
BRDA:321,25,0,0
BRDA:321,25,1,0
BRDA:324,26,0,0
BRDA:325,27,0,0
BRDA:325,27,1,0
BRDA:325,28,0,0
BRDA:325,28,1,0
BRDA:325,28,2,0
BRDA:327,29,0,0
BRDA:327,29,1,0
BRDA:331,30,0,0
BRDA:331,30,1,0
BRDA:334,31,0,0
BRDA:334,31,1,0
BRDA:341,32,0,0
BRDA:341,32,1,0
BRF:74
BRH:0
end_of_record
TN:
SF:src/lib/file-upload.ts
FN:13,uploadPurchaseInvoice
FN:90,getPurchaseInvoiceSignedUrl
FN:122,deletePurchaseInvoice
FN:148,extractFilePathFromUrl
FNF:4
FNH:0
FNDA:0,uploadPurchaseInvoice
FNDA:0,getPurchaseInvoiceSignedUrl
FNDA:0,deletePurchaseInvoice
FNDA:0,extractFilePathFromUrl
DA:1,0
DA:13,0
DA:18,0
DA:20,0
DA:21,0
DA:25,0
DA:26,0
DA:30,0
DA:38,0
DA:39,0
DA:46,0
DA:47,0
DA:48,0
DA:49,0
DA:52,0
DA:59,0
DA:60,0
DA:61,0
DA:68,0
DA:72,0
DA:79,0
DA:80,0
DA:90,0
DA:94,0
DA:95,0
DA:99,0
DA:100,0
DA:106,0
DA:111,0
DA:112,0
DA:122,0
DA:123,0
DA:124,0
DA:128,0
DA:129,0
DA:135,0
DA:137,0
DA:138,0
DA:148,0
DA:150,0
DA:151,0
LF:41
LH:0
BRDA:20,0,0,0
BRDA:20,0,1,0
BRDA:25,1,0,0
BRDA:25,1,1,0
BRDA:38,2,0,0
BRDA:38,2,1,0
BRDA:59,3,0,0
BRDA:59,3,1,0
BRDA:92,4,0,0
BRDA:99,5,0,0
BRDA:99,5,1,0
BRDA:128,6,0,0
BRDA:128,6,1,0
BRDA:151,7,0,0
BRDA:151,7,1,0
BRF:15
BRH:0
end_of_record
TN:
SF:src/lib/google-drive.ts
FN:18,(anonymous_3)
FN:22,(anonymous_4)
FN:76,(anonymous_5)
FN:94,(anonymous_6)
FN:130,(anonymous_7)
FN:174,(anonymous_8)
FN:183,(anonymous_9)
FN:192,(anonymous_10)
FN:204,(anonymous_11)
FN:212,getGoogleDriveAPI
FNF:10
FNH:0
FNDA:0,(anonymous_3)
FNDA:0,(anonymous_4)
FNDA:0,(anonymous_5)
FNDA:0,(anonymous_6)
FNDA:0,(anonymous_7)
FNDA:0,(anonymous_8)
FNDA:0,(anonymous_9)
FNDA:0,(anonymous_10)
FNDA:0,(anonymous_11)
FNDA:0,getGoogleDriveAPI
DA:1,0
DA:4,0
DA:5,0
DA:6,0
DA:7,0
DA:8,0
DA:19,0
DA:23,0
DA:25,0
DA:27,0
DA:28,0
DA:29,0
DA:33,0
DA:34,0
DA:37,0
DA:49,0
DA:51,0
DA:53,0
DA:54,0
DA:57,0
DA:65,0
DA:68,0
DA:69,0
DA:71,0
DA:72,0
DA:77,0
DA:79,0
DA:80,0
DA:83,0
DA:84,0
DA:86,0
DA:87,0
DA:89,0
DA:90,0
DA:95,0
DA:97,0
DA:101,0
DA:106,0
DA:108,0
DA:112,0
DA:118,0
DA:123,0
DA:125,0
DA:126,0
DA:136,0
DA:137,0
DA:142,0
DA:147,0
DA:153,0
DA:156,0
DA:164,0
DA:166,0
DA:167,0
DA:169,0
DA:170,0
DA:178,0
DA:180,0
DA:183,0
DA:184,0
DA:185,0
DA:188,0
DA:191,0
DA:192,0
DA:193,0
DA:196,0
DA:197,0
DA:199,0
DA:200,0
DA:205,0
DA:210,0
DA:212,0
DA:213,0
DA:216,0
DA:217,0
DA:219,0
DA:220,0
DA:221,0
DA:222,0
DA:223,0
DA:226,0
DA:227,0
DA:230,0
DA:232,0
DA:233,0
DA:236,0
DA:239,0
LF:86
LH:0
BRDA:25,0,0,0
BRDA:25,0,1,0
BRDA:25,1,0,0
BRDA:25,1,1,0
BRDA:25,1,2,0
BRDA:28,2,0,0
BRDA:28,2,1,0
BRDA:33,3,0,0
BRDA:33,3,1,0
BRDA:49,4,0,0
BRDA:49,4,1,0
BRDA:53,5,0,0
BRDA:53,5,1,0
BRDA:72,6,0,0
BRDA:72,6,1,0
BRDA:97,7,0,0
BRDA:97,7,1,0
BRDA:106,8,0,0
BRDA:106,8,1,0
BRDA:106,9,0,0
BRDA:106,9,1,0
BRDA:115,10,0,0
BRDA:115,10,1,0
BRDA:216,11,0,0
BRDA:216,11,1,0
BRDA:216,11,2,0
BRDA:219,12,0,0
BRDA:219,12,1,0
BRDA:219,13,0,0
BRDA:219,13,1,0
BRDA:228,14,0,0
BRDA:228,14,1,0
BRF:32
BRH:0
end_of_record
TN:
SF:src/lib/supabase-boq.ts
FN:6,testSupabaseConnection
FN:21,saveBOQToSupabase
FN:58,(anonymous_14)
FN:95,(anonymous_15)
FN:110,getBOQByProjectId
FN:125,(anonymous_17)
FN:127,(anonymous_18)
FN:140,saveScheduleToSupabase
FN:158,(anonymous_20)
FN:177,(anonymous_21)
FN:192,getScheduleByProjectId
FN:212,deleteBOQ
FN:235,deleteSchedule
FN:249,updateScheduleInSupabase
FN:274,(anonymous_26)
FN:296,(anonymous_27)
FNF:16
FNH:0
FNDA:0,testSupabaseConnection
FNDA:0,saveBOQToSupabase
FNDA:0,(anonymous_14)
FNDA:0,(anonymous_15)
FNDA:0,getBOQByProjectId
FNDA:0,(anonymous_17)
FNDA:0,(anonymous_18)
FNDA:0,saveScheduleToSupabase
FNDA:0,(anonymous_20)
FNDA:0,(anonymous_21)
FNDA:0,getScheduleByProjectId
FNDA:0,deleteBOQ
FNDA:0,deleteSchedule
FNDA:0,updateScheduleInSupabase
FNDA:0,(anonymous_26)
FNDA:0,(anonymous_27)
DA:1,0
DA:6,0
DA:7,0
DA:8,0
DA:13,0
DA:14,0
DA:16,0
DA:17,0
DA:21,0
DA:22,0
DA:23,0
DA:24,0
DA:27,0
DA:28,0
DA:30,0
DA:31,0
DA:34,0
DA:38,0
DA:50,0
DA:52,0
DA:53,0
DA:54,0
DA:58,0
DA:59,0
DA:60,0
DA:63,0
DA:65,0
DA:78,0
DA:80,0
DA:84,0
DA:86,0
DA:87,0
DA:88,0
DA:91,0
DA:94,0
DA:95,0
DA:96,0
DA:97,0
DA:99,0
DA:103,0
DA:105,0
DA:106,0
DA:110,0
DA:111,0
DA:112,0
DA:121,0
DA:124,0
DA:125,0
DA:126,0
DA:127,0
DA:132,0
DA:134,0
DA:135,0
DA:140,0
DA:141,0
DA:143,0
DA:155,0
DA:158,0
DA:169,0
DA:173,0
DA:176,0
DA:177,0
DA:178,0
DA:179,0
DA:181,0
DA:185,0
DA:187,0
DA:188,0
DA:192,0
DA:193,0
DA:194,0
DA:203,0
DA:204,0
DA:206,0
DA:207,0
DA:212,0
DA:213,0
DA:214,0
DA:216,0
DA:221,0
DA:223,0
DA:224,0
DA:225,0
DA:228,0
DA:230,0
DA:231,0
DA:235,0
DA:236,0
DA:237,0
DA:242,0
DA:244,0
DA:245,0
DA:249,0
DA:250,0
DA:252,0
DA:261,0
DA:265,0
DA:270,0
DA:273,0
DA:274,0
DA:285,0
DA:289,0
DA:292,0
DA:295,0
DA:296,0
DA:297,0
DA:298,0
DA:300,0
DA:304,0
DA:306,0
DA:307,0
LF:111
LH:0
BRDA:30,0,0,0
BRDA:30,0,1,0
BRDA:31,1,0,0
BRDA:31,1,1,0
BRDA:31,2,0,0
BRDA:31,2,1,0
BRDA:31,2,2,0
BRDA:52,3,0,0
BRDA:52,3,1,0
BRDA:59,4,0,0
BRDA:59,4,1,0
BRDA:60,5,0,0
BRDA:60,5,1,0
BRDA:63,6,0,0
BRDA:63,6,1,0
BRDA:63,6,2,0
BRDA:68,7,0,0
BRDA:68,7,1,0
BRDA:69,8,0,0
BRDA:69,8,1,0
BRDA:70,9,0,0
BRDA:70,9,1,0
BRDA:70,10,0,0
BRDA:70,10,1,0
BRDA:71,11,0,0
BRDA:71,11,1,0
BRDA:72,12,0,0
BRDA:72,12,1,0
BRDA:73,13,0,0
BRDA:73,13,1,0
BRDA:86,14,0,0
BRDA:86,14,1,0
BRDA:121,15,0,0
BRDA:121,15,1,0
BRDA:124,16,0,0
BRDA:124,16,1,0
BRDA:126,17,0,0
BRDA:126,17,1,0
BRDA:127,18,0,0
BRDA:127,18,1,0
BRDA:127,19,0,0
BRDA:127,19,1,0
BRDA:155,20,0,0
BRDA:155,20,1,0
BRDA:173,21,0,0
BRDA:173,21,1,0
BRDA:203,22,0,0
BRDA:203,22,1,0
BRDA:223,23,0,0
BRDA:223,23,1,0
BRDA:242,24,0,0
BRDA:242,24,1,0
BRDA:261,25,0,0
BRDA:261,25,1,0
BRDA:270,26,0,0
BRDA:270,26,1,0
BRDA:273,27,0,0
BRDA:273,27,1,0
BRDA:289,28,0,0
BRDA:289,28,1,0
BRF:60
BRH:0
end_of_record
TN:
SF:src/lib/supabase.ts
FN:18,(anonymous_4)
FN:42,createAuthenticatedSupabaseClient
FNF:2
FNH:0
FNDA:0,(anonymous_4)
FNDA:0,createAuthenticatedSupabaseClient
DA:1,0
DA:4,0
DA:5,0
DA:6,0
DA:7,0
DA:9,0
DA:10,0
DA:14,0
DA:18,0
DA:19,0
DA:21,0
DA:24,0
DA:25,0
DA:26,0
DA:29,0
DA:42,0
DA:43,0
LF:17
LH:0
BRDA:9,0,0,0
BRDA:9,0,1,0
BRDA:9,1,0,0
BRDA:9,1,1,0
BRDA:19,2,0,0
BRDA:19,2,1,0
BRDA:25,3,0,0
BRDA:25,3,1,0
BRF:8
BRH:0
end_of_record
TN:
SF:src/types/boq.ts
FNF:0
FNH:0
DA:3,0
DA:13,0
LF:2
LH:0
BRF:0
BRH:0
end_of_record
